2025-02-11 14:43:37.319  INFO User --- [           main] c.e.P.EmployeeRepositoryTest             : Starting EmployeeRepositoryTest using Java 19.0.2 with PID 11896 (started by Admin in C:\Users\Admin\Desktop\Postes de travail\Pointage_App\Pointage)
2025-02-11 14:43:37.330 DEBUG User --- [           main] c.e.P.EmployeeRepositoryTest             : Running with Spring Boot v3.4.2, Spring v6.2.2
2025-02-11 14:43:37.331  INFO User --- [           main] c.e.P.EmployeeRepositoryTest             : No active profile set, falling back to 1 default profile: "default"
2025-02-11 14:43:40.320  INFO User --- [           main] c.e.P.EmployeeRepositoryTest             : Started EmployeeRepositoryTest in 3.339 seconds (process running for 7.917)
2025-02-11 14:43:40.470  INFO User --- [           main] c.e.P.EmployeeRepositoryTest             : Ajouter un employee
2025-02-11 14:43:40.528  INFO User --- [           main] c.e.P.EmployeeRepositoryTest             : Un seumle employee
2025-02-11 14:43:40.577  INFO User --- [           main] c.e.P.EmployeeRepositoryTest             : Liste des employees
2025-02-11 14:43:40.588  INFO User --- [           main] c.e.P.EmployeeRepositoryTest             : Modification de l'utilisateur
2025-02-11 14:43:40.621  INFO User --- [           main] c.e.P.EmployeeRepositoryTest             : Recherche par date
2025-02-11 14:43:40.640  INFO User --- [           main] c.e.P.EmployeeRepositoryTest             : Employee est supprimé
2025-02-11 14:43:40.713  INFO User --- [           main] c.e.P.PointageApplicationTests           : Starting PointageApplicationTests using Java 19.0.2 with PID 11896 (started by Admin in C:\Users\Admin\Desktop\Postes de travail\Pointage_App\Pointage)
2025-02-11 14:43:40.716 DEBUG User --- [           main] c.e.P.PointageApplicationTests           : Running with Spring Boot v3.4.2, Spring v6.2.2
2025-02-11 14:43:40.716  INFO User --- [           main] c.e.P.PointageApplicationTests           : No active profile set, falling back to 1 default profile: "default"
2025-02-11 14:43:43.931  INFO User --- [           main] c.e.P.PointageApplicationTests           : Started PointageApplicationTests in 3.266 seconds (process running for 11.532)
2025-02-11 14:45:51.382  INFO User --- [           main] c.e.P.EmployeeRepositoryTest             : Starting EmployeeRepositoryTest using Java 19.0.2 with PID 5552 (started by Admin in C:\Users\Admin\Desktop\Postes de travail\Pointage_App\Pointage)
2025-02-11 14:45:51.387 DEBUG User --- [           main] c.e.P.EmployeeRepositoryTest             : Running with Spring Boot v3.4.2, Spring v6.2.2
2025-02-11 14:45:51.387  INFO User --- [           main] c.e.P.EmployeeRepositoryTest             : No active profile set, falling back to 1 default profile: "default"
2025-02-11 14:45:54.437  INFO User --- [           main] c.e.P.EmployeeRepositoryTest             : Started EmployeeRepositoryTest in 3.416 seconds (process running for 8.646)
2025-02-11 14:45:54.612  INFO User --- [           main] c.e.P.EmployeeRepositoryTest             : Ajouter un employee
2025-02-11 14:45:54.672  INFO User --- [           main] c.e.P.EmployeeRepositoryTest             : Un seumle employee
2025-02-11 14:45:54.723  INFO User --- [           main] c.e.P.EmployeeRepositoryTest             : Liste des employees
2025-02-11 14:45:54.737  INFO User --- [           main] c.e.P.EmployeeRepositoryTest             : Modification de l'utilisateur
2025-02-11 14:45:54.782  INFO User --- [           main] c.e.P.EmployeeRepositoryTest             : Recherche par date
2025-02-11 14:45:54.797  INFO User --- [           main] c.e.P.EmployeeRepositoryTest             : Employee est supprimé
2025-02-11 14:45:54.896  INFO User --- [           main] c.e.P.PointageApplicationTests           : Starting PointageApplicationTests using Java 19.0.2 with PID 5552 (started by Admin in C:\Users\Admin\Desktop\Postes de travail\Pointage_App\Pointage)
2025-02-11 14:45:54.899 DEBUG User --- [           main] c.e.P.PointageApplicationTests           : Running with Spring Boot v3.4.2, Spring v6.2.2
2025-02-11 14:45:54.900  INFO User --- [           main] c.e.P.PointageApplicationTests           : No active profile set, falling back to 1 default profile: "default"
2025-02-11 14:45:57.929  INFO User --- [           main] c.e.P.PointageApplicationTests           : Started PointageApplicationTests in 3.092 seconds (process running for 12.134)
2025-02-11 14:47:23.028  INFO User --- [           main] c.e.P.EmployeeRepositoryTest             : Starting EmployeeRepositoryTest using Java 19.0.2 with PID 13956 (started by Admin in C:\Users\Admin\Desktop\Postes de travail\Pointage_App\Pointage)
2025-02-11 14:47:23.034 DEBUG User --- [           main] c.e.P.EmployeeRepositoryTest             : Running with Spring Boot v3.4.2, Spring v6.2.2
2025-02-11 14:47:23.035  INFO User --- [           main] c.e.P.EmployeeRepositoryTest             : No active profile set, falling back to 1 default profile: "default"
2025-02-11 14:47:25.628  INFO User --- [           main] c.e.P.EmployeeRepositoryTest             : Started EmployeeRepositoryTest in 2.929 seconds (process running for 7.129)
2025-02-11 14:47:25.799  INFO User --- [           main] c.e.P.EmployeeRepositoryTest             : Ajouter un employee
2025-02-11 14:47:25.843  INFO User --- [           main] c.e.P.EmployeeRepositoryTest             : Un seumle employee
2025-02-11 14:47:25.895  INFO User --- [           main] c.e.P.EmployeeRepositoryTest             : Liste des employees
2025-02-11 14:47:25.910  INFO User --- [           main] c.e.P.EmployeeRepositoryTest             : Modification de l'utilisateur
2025-02-11 14:47:25.943  INFO User --- [           main] c.e.P.EmployeeRepositoryTest             : Recherche par date
2025-02-11 14:47:25.960  INFO User --- [           main] c.e.P.EmployeeRepositoryTest             : Employee est supprimé
2025-02-11 14:47:26.049  INFO User --- [           main] c.e.P.PointageApplicationTests           : Starting PointageApplicationTests using Java 19.0.2 with PID 13956 (started by Admin in C:\Users\Admin\Desktop\Postes de travail\Pointage_App\Pointage)
2025-02-11 14:47:26.053 DEBUG User --- [           main] c.e.P.PointageApplicationTests           : Running with Spring Boot v3.4.2, Spring v6.2.2
2025-02-11 14:47:26.054  INFO User --- [           main] c.e.P.PointageApplicationTests           : No active profile set, falling back to 1 default profile: "default"
2025-02-11 14:47:29.257  INFO User --- [           main] c.e.P.PointageApplicationTests           : Started PointageApplicationTests in 3.262 seconds (process running for 10.757)
2025-02-11 14:49:08.262  INFO User --- [           main] c.e.P.EmployeeRepositoryTest             : Starting EmployeeRepositoryTest using Java 19.0.2 with PID 8608 (started by Admin in C:\Users\Admin\Desktop\Postes de travail\Pointage_App\Pointage)
2025-02-11 14:49:08.272 DEBUG User --- [           main] c.e.P.EmployeeRepositoryTest             : Running with Spring Boot v3.4.2, Spring v6.2.2
2025-02-11 14:49:08.273  INFO User --- [           main] c.e.P.EmployeeRepositoryTest             : No active profile set, falling back to 1 default profile: "default"
2025-02-11 14:49:11.389  INFO User --- [           main] c.e.P.EmployeeRepositoryTest             : Started EmployeeRepositoryTest in 3.488 seconds (process running for 8.197)
2025-02-11 14:49:11.624  INFO User --- [           main] c.e.P.EmployeeRepositoryTest             : Ajouter un employee
2025-02-11 14:49:11.693  INFO User --- [           main] c.e.P.EmployeeRepositoryTest             : Un seumle employee
2025-02-11 14:49:11.771  INFO User --- [           main] c.e.P.EmployeeRepositoryTest             : Liste des employees
2025-02-11 14:49:11.785  INFO User --- [           main] c.e.P.EmployeeRepositoryTest             : Modification de l'utilisateur
2025-02-11 14:49:11.832  INFO User --- [           main] c.e.P.EmployeeRepositoryTest             : Recherche par date
2025-02-11 14:49:11.855  INFO User --- [           main] c.e.P.EmployeeRepositoryTest             : Employee est supprimé
2025-02-11 14:49:11.994  INFO User --- [           main] c.e.P.PointageApplicationTests           : Starting PointageApplicationTests using Java 19.0.2 with PID 8608 (started by Admin in C:\Users\Admin\Desktop\Postes de travail\Pointage_App\Pointage)
2025-02-11 14:49:11.996 DEBUG User --- [           main] c.e.P.PointageApplicationTests           : Running with Spring Boot v3.4.2, Spring v6.2.2
2025-02-11 14:49:11.996  INFO User --- [           main] c.e.P.PointageApplicationTests           : No active profile set, falling back to 1 default profile: "default"
2025-02-11 14:49:15.495  INFO User --- [           main] c.e.P.PointageApplicationTests           : Started PointageApplicationTests in 3.579 seconds (process running for 12.302)
2025-02-11 14:49:50.097  INFO User --- [           main] c.e.P.EmployeeRepositoryTest             : Starting EmployeeRepositoryTest using Java 19.0.2 with PID 3284 (started by Admin in C:\Users\Admin\Desktop\Postes de travail\Pointage_App\Pointage)
2025-02-11 14:49:50.103 DEBUG User --- [           main] c.e.P.EmployeeRepositoryTest             : Running with Spring Boot v3.4.2, Spring v6.2.2
2025-02-11 14:49:50.104  INFO User --- [           main] c.e.P.EmployeeRepositoryTest             : No active profile set, falling back to 1 default profile: "default"
2025-02-11 14:49:52.993  INFO User --- [           main] c.e.P.EmployeeRepositoryTest             : Started EmployeeRepositoryTest in 3.2 seconds (process running for 7.196)
2025-02-11 14:49:53.207  INFO User --- [           main] c.e.P.EmployeeRepositoryTest             : Ajouter un employee
2025-02-11 14:49:53.256  INFO User --- [           main] c.e.P.EmployeeRepositoryTest             : Un seumle employee
2025-02-11 14:49:53.309  INFO User --- [           main] c.e.P.EmployeeRepositoryTest             : Liste des employees
2025-02-11 14:49:53.318  INFO User --- [           main] c.e.P.EmployeeRepositoryTest             : Modification de l'utilisateur
2025-02-11 14:49:53.349  INFO User --- [           main] c.e.P.EmployeeRepositoryTest             : Recherche par date
2025-02-11 14:49:53.377  INFO User --- [           main] c.e.P.EmployeeRepositoryTest             : Employee est supprimé
2025-02-11 14:49:53.463  INFO User --- [           main] c.e.P.PointageApplicationTests           : Starting PointageApplicationTests using Java 19.0.2 with PID 3284 (started by Admin in C:\Users\Admin\Desktop\Postes de travail\Pointage_App\Pointage)
2025-02-11 14:49:53.465 DEBUG User --- [           main] c.e.P.PointageApplicationTests           : Running with Spring Boot v3.4.2, Spring v6.2.2
2025-02-11 14:49:53.465  INFO User --- [           main] c.e.P.PointageApplicationTests           : No active profile set, falling back to 1 default profile: "default"
2025-02-11 14:49:56.492  INFO User --- [           main] c.e.P.PointageApplicationTests           : Started PointageApplicationTests in 3.078 seconds (process running for 10.695)
2025-02-11 14:52:29.291  INFO User --- [           main] c.e.P.EmployeeRepositoryTest             : Starting EmployeeRepositoryTest using Java 19.0.2 with PID 6376 (started by Admin in C:\Users\Admin\Desktop\Postes de travail\Pointage_App\Pointage)
2025-02-11 14:52:29.298 DEBUG User --- [           main] c.e.P.EmployeeRepositoryTest             : Running with Spring Boot v3.4.2, Spring v6.2.2
2025-02-11 14:52:29.300  INFO User --- [           main] c.e.P.EmployeeRepositoryTest             : No active profile set, falling back to 1 default profile: "default"
2025-02-11 14:52:31.971  INFO User --- [           main] c.e.P.EmployeeRepositoryTest             : Started EmployeeRepositoryTest in 3.032 seconds (process running for 7.396)
2025-02-11 14:52:32.141  INFO User --- [           main] c.e.P.EmployeeRepositoryTest             : Ajouter un employee
2025-02-11 14:52:32.191  INFO User --- [           main] c.e.P.EmployeeRepositoryTest             : Un seumle employee
2025-02-11 14:52:32.241  INFO User --- [           main] c.e.P.EmployeeRepositoryTest             : Liste des employees
2025-02-11 14:52:32.260  INFO User --- [           main] c.e.P.EmployeeRepositoryTest             : Modification de l'utilisateur
2025-02-11 14:52:32.299  INFO User --- [           main] c.e.P.EmployeeRepositoryTest             : Recherche par date
2025-02-11 14:52:32.310  INFO User --- [           main] c.e.P.EmployeeRepositoryTest             : Employee est supprimé
2025-02-11 14:52:32.390  INFO User --- [           main] c.e.P.PointageApplicationTests           : Starting PointageApplicationTests using Java 19.0.2 with PID 6376 (started by Admin in C:\Users\Admin\Desktop\Postes de travail\Pointage_App\Pointage)
2025-02-11 14:52:32.390 DEBUG User --- [           main] c.e.P.PointageApplicationTests           : Running with Spring Boot v3.4.2, Spring v6.2.2
2025-02-11 14:52:32.390  INFO User --- [           main] c.e.P.PointageApplicationTests           : No active profile set, falling back to 1 default profile: "default"
2025-02-11 14:52:35.089  INFO User --- [           main] c.e.P.PointageApplicationTests           : Started PointageApplicationTests in 2.748 seconds (process running for 10.514)
2025-02-11 14:57:49.701  INFO User --- [           main] c.e.P.EmployeeRepositoryTest             : Starting EmployeeRepositoryTest using Java 19.0.2 with PID 20760 (started by Admin in C:\Users\Admin\Desktop\Postes de travail\Pointage_App\Pointage)
2025-02-11 14:57:49.711 DEBUG User --- [           main] c.e.P.EmployeeRepositoryTest             : Running with Spring Boot v3.4.2, Spring v6.2.2
2025-02-11 14:57:49.712  INFO User --- [           main] c.e.P.EmployeeRepositoryTest             : No active profile set, falling back to 1 default profile: "default"
2025-02-11 14:57:52.855  INFO User --- [           main] c.e.P.EmployeeRepositoryTest             : Started EmployeeRepositoryTest in 3.493 seconds (process running for 7.777)
2025-02-11 14:57:53.074  INFO User --- [           main] c.e.P.EmployeeRepositoryTest             : Ajouter un employee
2025-02-11 14:57:53.119  INFO User --- [           main] c.e.P.EmployeeRepositoryTest             : Un seumle employee
2025-02-11 14:57:53.185  INFO User --- [           main] c.e.P.EmployeeRepositoryTest             : Liste des employees
2025-02-11 14:57:53.199  INFO User --- [           main] c.e.P.EmployeeRepositoryTest             : Modification de l'utilisateur
2025-02-11 14:57:53.219  INFO User --- [           main] c.e.P.EmployeeRepositoryTest             : Recherche par date
2025-02-11 14:57:53.242  INFO User --- [           main] c.e.P.EmployeeRepositoryTest             : Employee est supprimé
2025-02-11 14:57:53.358  INFO User --- [           main] c.e.P.PointageApplicationTests           : Starting PointageApplicationTests using Java 19.0.2 with PID 20760 (started by Admin in C:\Users\Admin\Desktop\Postes de travail\Pointage_App\Pointage)
2025-02-11 14:57:53.360 DEBUG User --- [           main] c.e.P.PointageApplicationTests           : Running with Spring Boot v3.4.2, Spring v6.2.2
2025-02-11 14:57:53.361  INFO User --- [           main] c.e.P.PointageApplicationTests           : No active profile set, falling back to 1 default profile: "default"
2025-02-11 14:57:56.362  INFO User --- [           main] c.e.P.PointageApplicationTests           : Started PointageApplicationTests in 3.071 seconds (process running for 11.285)
2025-02-11 15:00:03.357  INFO User --- [           main] c.e.P.EmployeeRepositoryTest             : Starting EmployeeRepositoryTest using Java 19.0.2 with PID 16500 (started by Admin in C:\Users\Admin\Desktop\Postes de travail\Pointage_App\Pointage)
2025-02-11 15:00:03.371 DEBUG User --- [           main] c.e.P.EmployeeRepositoryTest             : Running with Spring Boot v3.4.2, Spring v6.2.2
2025-02-11 15:00:03.373  INFO User --- [           main] c.e.P.EmployeeRepositoryTest             : No active profile set, falling back to 1 default profile: "default"
2025-02-11 15:00:06.585  INFO User --- [           main] c.e.P.EmployeeRepositoryTest             : Started EmployeeRepositoryTest in 3.591 seconds (process running for 7.667)
2025-02-11 15:00:06.894  INFO User --- [           main] c.e.P.EmployeeRepositoryTest             : Ajouter un employee
2025-02-11 15:00:06.995  INFO User --- [           main] c.e.P.EmployeeRepositoryTest             : Un seumle employee
2025-02-11 15:00:07.063  INFO User --- [           main] c.e.P.EmployeeRepositoryTest             : Liste des employees
2025-02-11 15:00:07.086  INFO User --- [           main] c.e.P.EmployeeRepositoryTest             : Modification de l'utilisateur
2025-02-11 15:00:07.131  INFO User --- [           main] c.e.P.EmployeeRepositoryTest             : Recherche par date
2025-02-11 15:00:07.153  INFO User --- [           main] c.e.P.EmployeeRepositoryTest             : Employee est supprimé
2025-02-11 15:00:07.259  INFO User --- [           main] c.e.P.PointageApplicationTests           : Starting PointageApplicationTests using Java 19.0.2 with PID 16500 (started by Admin in C:\Users\Admin\Desktop\Postes de travail\Pointage_App\Pointage)
2025-02-11 15:00:07.261 DEBUG User --- [           main] c.e.P.PointageApplicationTests           : Running with Spring Boot v3.4.2, Spring v6.2.2
2025-02-11 15:00:07.261  INFO User --- [           main] c.e.P.PointageApplicationTests           : No active profile set, falling back to 1 default profile: "default"
2025-02-11 15:00:10.417  INFO User --- [           main] c.e.P.PointageApplicationTests           : Started PointageApplicationTests in 3.22 seconds (process running for 11.499)
2025-02-11 15:03:47.234  INFO User --- [           main] c.e.P.EmployeeRepositoryTest             : Starting EmployeeRepositoryTest using Java 19.0.2 with PID 6588 (started by Admin in C:\Users\Admin\Desktop\Postes de travail\Pointage_App\Pointage)
2025-02-11 15:03:47.243 DEBUG User --- [           main] c.e.P.EmployeeRepositoryTest             : Running with Spring Boot v3.4.2, Spring v6.2.2
2025-02-11 15:03:47.244  INFO User --- [           main] c.e.P.EmployeeRepositoryTest             : No active profile set, falling back to 1 default profile: "default"
2025-02-11 15:03:50.219  INFO User --- [           main] c.e.P.EmployeeRepositoryTest             : Started EmployeeRepositoryTest in 3.444 seconds (process running for 8.397)
2025-02-11 15:03:50.352  INFO User --- [           main] c.e.P.EmployeeRepositoryTest             : Ajouter un employee
2025-02-11 15:03:50.405  INFO User --- [           main] c.e.P.EmployeeRepositoryTest             : Un seumle employee
2025-02-11 15:03:50.450  INFO User --- [           main] c.e.P.EmployeeRepositoryTest             : Liste des employees
2025-02-11 15:03:50.459  INFO User --- [           main] c.e.P.EmployeeRepositoryTest             : Modification de l'utilisateur
2025-02-11 15:03:50.491  INFO User --- [           main] c.e.P.EmployeeRepositoryTest             : Recherche par date
2025-02-11 15:03:50.513  INFO User --- [           main] c.e.P.EmployeeRepositoryTest             : Employee est supprimé
2025-02-11 15:03:50.589  INFO User --- [           main] c.e.P.PointageApplicationTests           : Starting PointageApplicationTests using Java 19.0.2 with PID 6588 (started by Admin in C:\Users\Admin\Desktop\Postes de travail\Pointage_App\Pointage)
2025-02-11 15:03:50.591 DEBUG User --- [           main] c.e.P.PointageApplicationTests           : Running with Spring Boot v3.4.2, Spring v6.2.2
2025-02-11 15:03:50.591  INFO User --- [           main] c.e.P.PointageApplicationTests           : No active profile set, falling back to 1 default profile: "default"
2025-02-11 15:03:53.437  INFO User --- [           main] c.e.P.PointageApplicationTests           : Started PointageApplicationTests in 2.877 seconds (process running for 11.615)
2025-02-11 15:05:38.292  INFO User --- [           main] c.e.P.EmployeeRepositoryTest             : Starting EmployeeRepositoryTest using Java 19.0.2 with PID 19784 (started by Admin in C:\Users\Admin\Desktop\Postes de travail\Pointage_App\Pointage)
2025-02-11 15:05:38.301 DEBUG User --- [           main] c.e.P.EmployeeRepositoryTest             : Running with Spring Boot v3.4.2, Spring v6.2.2
2025-02-11 15:05:38.302  INFO User --- [           main] c.e.P.EmployeeRepositoryTest             : No active profile set, falling back to 1 default profile: "default"
2025-02-11 15:05:41.304  INFO User --- [           main] c.e.P.EmployeeRepositoryTest             : Started EmployeeRepositoryTest in 3.339 seconds (process running for 7.717)
2025-02-11 15:05:41.484  INFO User --- [           main] c.e.P.EmployeeRepositoryTest             : Ajouter un employee
2025-02-11 15:05:41.531  INFO User --- [           main] c.e.P.EmployeeRepositoryTest             : Un seumle employee
2025-02-11 15:05:41.600  INFO User --- [           main] c.e.P.EmployeeRepositoryTest             : Liste des employees
2025-02-11 15:05:41.615  INFO User --- [           main] c.e.P.EmployeeRepositoryTest             : Modification de l'utilisateur
2025-02-11 15:05:41.650  INFO User --- [           main] c.e.P.EmployeeRepositoryTest             : Recherche par date
2025-02-11 15:05:41.667  INFO User --- [           main] c.e.P.EmployeeRepositoryTest             : Employee est supprimé
2025-02-11 15:05:41.757  INFO User --- [           main] c.e.P.PointageApplicationTests           : Starting PointageApplicationTests using Java 19.0.2 with PID 19784 (started by Admin in C:\Users\Admin\Desktop\Postes de travail\Pointage_App\Pointage)
2025-02-11 15:05:41.759 DEBUG User --- [           main] c.e.P.PointageApplicationTests           : Running with Spring Boot v3.4.2, Spring v6.2.2
2025-02-11 15:05:41.760  INFO User --- [           main] c.e.P.PointageApplicationTests           : No active profile set, falling back to 1 default profile: "default"
2025-02-11 15:05:44.500  INFO User --- [           main] c.e.P.PointageApplicationTests           : Started PointageApplicationTests in 2.775 seconds (process running for 10.912)
2025-02-11 15:09:10.052  INFO User --- [           main] c.e.P.EmployeeRepositoryTest             : Starting EmployeeRepositoryTest using Java 19.0.2 with PID 3712 (started by Admin in C:\Users\Admin\Desktop\Postes de travail\Pointage_App\Pointage)
2025-02-11 15:09:10.062 DEBUG User --- [           main] c.e.P.EmployeeRepositoryTest             : Running with Spring Boot v3.4.2, Spring v6.2.2
2025-02-11 15:09:10.062  INFO User --- [           main] c.e.P.EmployeeRepositoryTest             : No active profile set, falling back to 1 default profile: "default"
2025-02-11 15:09:13.347  INFO User --- [           main] c.e.P.EmployeeRepositoryTest             : Started EmployeeRepositoryTest in 3.62 seconds (process running for 8.367)
2025-02-11 15:09:13.490  INFO User --- [           main] c.e.P.EmployeeRepositoryTest             : Ajouter un employee
2025-02-11 15:09:13.542  INFO User --- [           main] c.e.P.EmployeeRepositoryTest             : Un seumle employee
2025-02-11 15:09:13.607  INFO User --- [           main] c.e.P.EmployeeRepositoryTest             : Liste des employees
2025-02-11 15:09:13.617  INFO User --- [           main] c.e.P.EmployeeRepositoryTest             : Modification de l'utilisateur
2025-02-11 15:09:13.649  INFO User --- [           main] c.e.P.EmployeeRepositoryTest             : Recherche par date
2025-02-11 15:09:13.664  INFO User --- [           main] c.e.P.EmployeeRepositoryTest             : Employee est supprimé
2025-02-11 15:09:13.702  INFO User --- [           main] c.e.P.PointageApplicationTests           : Starting PointageApplicationTests using Java 19.0.2 with PID 3712 (started by Admin in C:\Users\Admin\Desktop\Postes de travail\Pointage_App\Pointage)
2025-02-11 15:09:13.702 DEBUG User --- [           main] c.e.P.PointageApplicationTests           : Running with Spring Boot v3.4.2, Spring v6.2.2
2025-02-11 15:09:13.702  INFO User --- [           main] c.e.P.PointageApplicationTests           : No active profile set, falling back to 1 default profile: "default"
2025-02-11 15:09:16.910  INFO User --- [           main] c.e.P.PointageApplicationTests           : Started PointageApplicationTests in 3.233 seconds (process running for 11.927)
2025-02-11 15:16:43.274  INFO User --- [           main] c.e.P.EmployeeRepositoryTest             : Starting EmployeeRepositoryTest using Java 19.0.2 with PID 18676 (started by Admin in C:\Users\Admin\Desktop\Postes de travail\Pointage_App\Pointage)
2025-02-11 15:16:43.292 DEBUG User --- [           main] c.e.P.EmployeeRepositoryTest             : Running with Spring Boot v3.4.2, Spring v6.2.2
2025-02-11 15:16:43.294  INFO User --- [           main] c.e.P.EmployeeRepositoryTest             : No active profile set, falling back to 1 default profile: "default"
2025-02-11 15:16:50.871  INFO User --- [           main] c.e.P.EmployeeRepositoryTest             : Started EmployeeRepositoryTest in 8.55 seconds (process running for 11.464)
2025-02-11 15:16:51.841  INFO User --- [           main] c.e.P.EmployeeRepositoryTest             : Ajouter un employee
2025-02-11 15:16:51.998  INFO User --- [           main] c.e.P.EmployeeRepositoryTest             : Un seumle employee
2025-02-11 15:16:52.137  INFO User --- [           main] c.e.P.EmployeeRepositoryTest             : Liste des employees
2025-02-11 15:16:52.160  INFO User --- [           main] c.e.P.EmployeeRepositoryTest             : Modification de l'utilisateur
2025-02-11 15:16:52.208  INFO User --- [           main] c.e.P.EmployeeRepositoryTest             : Recherche par date
2025-02-11 15:16:52.250  INFO User --- [           main] c.e.P.EmployeeRepositoryTest             : Employee est supprimé
2025-02-11 15:16:57.899  INFO User --- [           main] c.e.P.PointageApplicationTests           : Starting PointageApplicationTests using Java 19.0.2 with PID 18676 (started by Admin in C:\Users\Admin\Desktop\Postes de travail\Pointage_App\Pointage)
2025-02-11 15:16:57.900 DEBUG User --- [           main] c.e.P.PointageApplicationTests           : Running with Spring Boot v3.4.2, Spring v6.2.2
2025-02-11 15:16:57.900  INFO User --- [           main] c.e.P.PointageApplicationTests           : No active profile set, falling back to 1 default profile: "default"
2025-02-11 15:17:02.436  INFO User --- [           main] c.e.P.PointageApplicationTests           : Started PointageApplicationTests in 4.622 seconds (process running for 23.032)
2025-02-11 15:18:57.998  INFO User --- [           main] c.e.P.EmployeeRepositoryTest             : Starting EmployeeRepositoryTest using Java 19.0.2 with PID 9076 (started by Admin in C:\Users\Admin\Desktop\Postes de travail\Pointage_App\Pointage)
2025-02-11 15:18:58.008 DEBUG User --- [           main] c.e.P.EmployeeRepositoryTest             : Running with Spring Boot v3.4.2, Spring v6.2.2
2025-02-11 15:18:58.009  INFO User --- [           main] c.e.P.EmployeeRepositoryTest             : No active profile set, falling back to 1 default profile: "default"
2025-02-11 15:19:00.785  INFO User --- [           main] c.e.P.EmployeeRepositoryTest             : Started EmployeeRepositoryTest in 3.095 seconds (process running for 7.378)
2025-02-11 15:19:01.035  INFO User --- [           main] c.e.P.EmployeeRepositoryTest             : Ajouter un employee
2025-02-11 15:19:01.105  INFO User --- [           main] c.e.P.EmployeeRepositoryTest             : Un seumle employee
2025-02-11 15:19:01.185  INFO User --- [           main] c.e.P.EmployeeRepositoryTest             : Liste des employees
2025-02-11 15:19:01.201  INFO User --- [           main] c.e.P.EmployeeRepositoryTest             : Modification de l'utilisateur
2025-02-11 15:19:01.251  INFO User --- [           main] c.e.P.EmployeeRepositoryTest             : Recherche par date
2025-02-11 15:19:01.268  INFO User --- [           main] c.e.P.EmployeeRepositoryTest             : Employee est supprimé
2025-02-11 15:19:01.344  INFO User --- [           main] c.e.P.PointageApplicationTests           : Starting PointageApplicationTests using Java 19.0.2 with PID 9076 (started by Admin in C:\Users\Admin\Desktop\Postes de travail\Pointage_App\Pointage)
2025-02-11 15:19:01.345 DEBUG User --- [           main] c.e.P.PointageApplicationTests           : Running with Spring Boot v3.4.2, Spring v6.2.2
2025-02-11 15:19:01.345  INFO User --- [           main] c.e.P.PointageApplicationTests           : No active profile set, falling back to 1 default profile: "default"
2025-02-11 15:19:04.345  INFO User --- [           main] c.e.P.PointageApplicationTests           : Started PointageApplicationTests in 3.04 seconds (process running for 10.94)
2025-02-11 15:20:34.568  INFO User --- [           main] c.e.P.EmployeeRepositoryTest             : Starting EmployeeRepositoryTest using Java 19.0.2 with PID 21108 (started by Admin in C:\Users\Admin\Desktop\Postes de travail\Pointage_App\Pointage)
2025-02-11 15:20:34.575 DEBUG User --- [           main] c.e.P.EmployeeRepositoryTest             : Running with Spring Boot v3.4.2, Spring v6.2.2
2025-02-11 15:20:34.576  INFO User --- [           main] c.e.P.EmployeeRepositoryTest             : No active profile set, falling back to 1 default profile: "default"
2025-02-11 15:20:37.430  INFO User --- [           main] c.e.P.EmployeeRepositoryTest             : Started EmployeeRepositoryTest in 3.147 seconds (process running for 7.159)
2025-02-11 15:20:37.669  INFO User --- [           main] c.e.P.EmployeeRepositoryTest             : Ajouter un employee
2025-02-11 15:20:37.722  INFO User --- [           main] c.e.P.EmployeeRepositoryTest             : Un seumle employee
2025-02-11 15:20:37.778  INFO User --- [           main] c.e.P.EmployeeRepositoryTest             : Liste des employees
2025-02-11 15:20:37.801  INFO User --- [           main] c.e.P.EmployeeRepositoryTest             : Modification de l'utilisateur
2025-02-11 15:20:37.855  INFO User --- [           main] c.e.P.EmployeeRepositoryTest             : Recherche par date
2025-02-11 15:20:37.884  INFO User --- [           main] c.e.P.EmployeeRepositoryTest             : Employee est supprimé
2025-02-11 15:20:38.004  INFO User --- [           main] c.e.P.PointageApplicationTests           : Starting PointageApplicationTests using Java 19.0.2 with PID 21108 (started by Admin in C:\Users\Admin\Desktop\Postes de travail\Pointage_App\Pointage)
2025-02-11 15:20:38.005 DEBUG User --- [           main] c.e.P.PointageApplicationTests           : Running with Spring Boot v3.4.2, Spring v6.2.2
2025-02-11 15:20:38.005  INFO User --- [           main] c.e.P.PointageApplicationTests           : No active profile set, falling back to 1 default profile: "default"
2025-02-11 15:20:41.080  INFO User --- [           main] c.e.P.PointageApplicationTests           : Started PointageApplicationTests in 3.133 seconds (process running for 10.809)
2025-02-11 15:24:05.921  INFO User --- [           main] c.e.P.EmployeeRepositoryTest             : Starting EmployeeRepositoryTest using Java 19.0.2 with PID 880 (started by Admin in C:\Users\Admin\Desktop\Postes de travail\Pointage_App\Pointage)
2025-02-11 15:24:05.931 DEBUG User --- [           main] c.e.P.EmployeeRepositoryTest             : Running with Spring Boot v3.4.2, Spring v6.2.2
2025-02-11 15:24:05.932  INFO User --- [           main] c.e.P.EmployeeRepositoryTest             : No active profile set, falling back to 1 default profile: "default"
2025-02-11 15:24:08.582  INFO User --- [           main] c.e.P.EmployeeRepositoryTest             : Started EmployeeRepositoryTest in 3.043 seconds (process running for 6.58)
2025-02-11 15:24:08.776  INFO User --- [           main] c.e.P.EmployeeRepositoryTest             : Ajouter un employee
2025-02-11 15:24:08.837  INFO User --- [           main] c.e.P.EmployeeRepositoryTest             : Un seumle employee
2025-02-11 15:24:08.898  INFO User --- [           main] c.e.P.EmployeeRepositoryTest             : Liste des employees
2025-02-11 15:24:08.909  INFO User --- [           main] c.e.P.EmployeeRepositoryTest             : Modification de l'utilisateur
2025-02-11 15:24:08.946  INFO User --- [           main] c.e.P.EmployeeRepositoryTest             : Recherche par date
2025-02-11 15:24:08.967  INFO User --- [           main] c.e.P.EmployeeRepositoryTest             : Employee est supprimé
2025-02-11 15:24:09.091  INFO User --- [           main] c.e.P.PointageApplicationTests           : Starting PointageApplicationTests using Java 19.0.2 with PID 880 (started by Admin in C:\Users\Admin\Desktop\Postes de travail\Pointage_App\Pointage)
2025-02-11 15:24:09.092 DEBUG User --- [           main] c.e.P.PointageApplicationTests           : Running with Spring Boot v3.4.2, Spring v6.2.2
2025-02-11 15:24:09.092  INFO User --- [           main] c.e.P.PointageApplicationTests           : No active profile set, falling back to 1 default profile: "default"
2025-02-11 15:24:11.711  INFO User --- [           main] c.e.P.PointageApplicationTests           : Started PointageApplicationTests in 2.667 seconds (process running for 9.71)
2025-02-11 15:36:23.579  INFO User --- [           main] c.e.P.PointageApplication                : Starting PointageApplication using Java 19.0.2 with PID 25276 (C:\Users\Admin\Desktop\Postes de travail\Pointage_App\Pointage\target\classes started by Admin in C:\Users\Admin\Desktop\Postes de travail\Pointage_App\pointage)
2025-02-11 15:36:23.587 DEBUG User --- [           main] c.e.P.PointageApplication                : Running with Spring Boot v3.4.2, Spring v6.2.2
2025-02-11 15:36:23.588  INFO User --- [           main] c.e.P.PointageApplication                : No active profile set, falling back to 1 default profile: "default"
2025-02-11 15:36:25.144 DEBUG User --- [           main] c.e.P.C.JwtAuthFilter                    : Filter 'jwtAuthFilter' configured for use
2025-02-11 15:37:08.684  INFO User --- [           main] c.e.P.PointageApplication                : Starting PointageApplication using Java 19.0.2 with PID 16520 (C:\Users\Admin\Desktop\Postes de travail\Pointage_App\Pointage\target\classes started by Admin in C:\Users\Admin\Desktop\Postes de travail\Pointage_App\pointage)
2025-02-11 15:37:08.694 DEBUG User --- [           main] c.e.P.PointageApplication                : Running with Spring Boot v3.4.2, Spring v6.2.2
2025-02-11 15:37:08.696  INFO User --- [           main] c.e.P.PointageApplication                : No active profile set, falling back to 1 default profile: "default"
2025-02-11 15:37:10.148 DEBUG User --- [           main] c.e.P.C.JwtAuthFilter                    : Filter 'jwtAuthFilter' configured for use
2025-02-11 15:37:13.952  INFO User --- [           main] c.e.P.PointageApplication                : Started PointageApplication in 5.679 seconds (process running for 6.228)
2025-02-11 15:42:11.003  INFO User --- [           main] c.e.P.PointageApplication                : Starting PointageApplication using Java 19.0.2 with PID 27468 (C:\Users\Admin\Desktop\Postes de travail\Pointage_App\Pointage\target\classes started by Admin in C:\Users\Admin\Desktop\Postes de travail\Pointage_App\pointage)
2025-02-11 15:42:11.010 DEBUG User --- [           main] c.e.P.PointageApplication                : Running with Spring Boot v3.4.2, Spring v6.2.2
2025-02-11 15:42:11.012  INFO User --- [           main] c.e.P.PointageApplication                : No active profile set, falling back to 1 default profile: "default"
2025-02-11 15:42:12.670 DEBUG User --- [           main] c.e.P.C.JwtAuthFilter                    : Filter 'jwtAuthFilter' configured for use
2025-02-11 15:42:16.564  INFO User --- [           main] c.e.P.PointageApplication                : Started PointageApplication in 5.98 seconds (process running for 6.568)
2025-02-11 15:50:24.619  INFO User --- [           main] c.e.P.EmployeeRepositoryTest             : Starting EmployeeRepositoryTest using Java 19.0.2 with PID 18708 (started by Admin in C:\Users\Admin\Desktop\Postes de travail\Pointage_App\Pointage)
2025-02-11 15:50:24.632 DEBUG User --- [           main] c.e.P.EmployeeRepositoryTest             : Running with Spring Boot v3.4.2, Spring v6.2.2
2025-02-11 15:50:24.634  INFO User --- [           main] c.e.P.EmployeeRepositoryTest             : No active profile set, falling back to 1 default profile: "default"
2025-02-11 15:50:27.323  INFO User --- [           main] c.e.P.EmployeeRepositoryTest             : Started EmployeeRepositoryTest in 3.089 seconds (process running for 4.13)
2025-02-11 15:50:27.923  INFO User --- [           main] c.e.P.EmployeeRepositoryTest             : Ajouter un employee
2025-02-11 15:50:27.963  INFO User --- [           main] c.e.P.EmployeeRepositoryTest             : Un seumle employee
2025-02-11 15:50:28.024  INFO User --- [           main] c.e.P.EmployeeRepositoryTest             : Liste des employees
2025-02-11 15:50:28.024  INFO User --- [           main] c.e.P.EmployeeRepositoryTest             : Modification de l'utilisateur
2025-02-11 15:50:28.094  INFO User --- [           main] c.e.P.EmployeeRepositoryTest             : Recherche par date
2025-02-11 15:50:28.116  INFO User --- [           main] c.e.P.EmployeeRepositoryTest             : Employee est supprimé
2025-02-11 15:50:30.223  INFO User --- [           main] c.e.P.PointageApplicationTests           : Starting PointageApplicationTests using Java 19.0.2 with PID 18708 (started by Admin in C:\Users\Admin\Desktop\Postes de travail\Pointage_App\Pointage)
2025-02-11 15:50:30.223 DEBUG User --- [           main] c.e.P.PointageApplicationTests           : Running with Spring Boot v3.4.2, Spring v6.2.2
2025-02-11 15:50:30.223  INFO User --- [           main] c.e.P.PointageApplicationTests           : No active profile set, falling back to 1 default profile: "default"
2025-02-11 15:50:34.013  INFO User --- [           main] c.e.P.PointageApplicationTests           : Started PointageApplicationTests in 3.838 seconds (process running for 10.817)
2025-02-11 15:51:58.267  INFO User --- [           main] c.e.P.EmployeeRepositoryTest             : Starting EmployeeRepositoryTest using Java 19.0.2 with PID 8208 (started by Admin in C:\Users\Admin\Desktop\Postes de travail\Pointage_App\Pointage)
2025-02-11 15:51:58.276 DEBUG User --- [           main] c.e.P.EmployeeRepositoryTest             : Running with Spring Boot v3.4.2, Spring v6.2.2
2025-02-11 15:51:58.278  INFO User --- [           main] c.e.P.EmployeeRepositoryTest             : No active profile set, falling back to 1 default profile: "default"
2025-02-11 15:52:01.178  INFO User --- [           main] c.e.P.EmployeeRepositoryTest             : Started EmployeeRepositoryTest in 3.274 seconds (process running for 6.984)
2025-02-11 15:52:01.381  INFO User --- [           main] c.e.P.EmployeeRepositoryTest             : Ajouter un employee
2025-02-11 15:52:01.419  INFO User --- [           main] c.e.P.EmployeeRepositoryTest             : Un seumle employee
2025-02-11 15:52:01.472  INFO User --- [           main] c.e.P.EmployeeRepositoryTest             : Liste des employees
2025-02-11 15:52:01.481  INFO User --- [           main] c.e.P.EmployeeRepositoryTest             : Modification de l'utilisateur
2025-02-11 15:52:01.508  INFO User --- [           main] c.e.P.EmployeeRepositoryTest             : Recherche par date
2025-02-11 15:52:01.523  INFO User --- [           main] c.e.P.EmployeeRepositoryTest             : Employee est supprimé
2025-02-11 15:52:01.591  INFO User --- [           main] c.e.P.PointageApplicationTests           : Starting PointageApplicationTests using Java 19.0.2 with PID 8208 (started by Admin in C:\Users\Admin\Desktop\Postes de travail\Pointage_App\Pointage)
2025-02-11 15:52:01.591 DEBUG User --- [           main] c.e.P.PointageApplicationTests           : Running with Spring Boot v3.4.2, Spring v6.2.2
2025-02-11 15:52:01.592  INFO User --- [           main] c.e.P.PointageApplicationTests           : No active profile set, falling back to 1 default profile: "default"
2025-02-11 15:52:04.443  INFO User --- [           main] c.e.P.PointageApplicationTests           : Started PointageApplicationTests in 2.89 seconds (process running for 10.249)
2025-02-11 15:53:10.150  INFO User --- [           main] c.e.P.EmployeeRepositoryTest             : Starting EmployeeRepositoryTest using Java 19.0.2 with PID 22860 (started by Admin in C:\Users\Admin\Desktop\Postes de travail\Pointage_App\Pointage)
2025-02-11 15:53:10.159 DEBUG User --- [           main] c.e.P.EmployeeRepositoryTest             : Running with Spring Boot v3.4.2, Spring v6.2.2
2025-02-11 15:53:10.160  INFO User --- [           main] c.e.P.EmployeeRepositoryTest             : No active profile set, falling back to 1 default profile: "default"
2025-02-11 15:53:12.375  INFO User --- [           main] c.e.P.EmployeeRepositoryTest             : Started EmployeeRepositoryTest in 2.502 seconds (process running for 6.136)
2025-02-11 15:53:12.567  INFO User --- [           main] c.e.P.EmployeeRepositoryTest             : Ajouter un employee
2025-02-11 15:53:12.622  INFO User --- [           main] c.e.P.EmployeeRepositoryTest             : Un seumle employee
2025-02-11 15:53:12.663  INFO User --- [           main] c.e.P.EmployeeRepositoryTest             : Liste des employees
2025-02-11 15:53:12.672  INFO User --- [           main] c.e.P.EmployeeRepositoryTest             : Modification de l'utilisateur
2025-02-11 15:53:12.695  INFO User --- [           main] c.e.P.EmployeeRepositoryTest             : Recherche par date
2025-02-11 15:53:12.707  INFO User --- [           main] c.e.P.EmployeeRepositoryTest             : Employee est supprimé
2025-02-11 15:53:12.751  INFO User --- [           main] c.e.P.PointageApplicationTests           : Starting PointageApplicationTests using Java 19.0.2 with PID 22860 (started by Admin in C:\Users\Admin\Desktop\Postes de travail\Pointage_App\Pointage)
2025-02-11 15:53:12.751 DEBUG User --- [           main] c.e.P.PointageApplicationTests           : Running with Spring Boot v3.4.2, Spring v6.2.2
2025-02-11 15:53:12.751  INFO User --- [           main] c.e.P.PointageApplicationTests           : No active profile set, falling back to 1 default profile: "default"
2025-02-11 15:53:15.441  INFO User --- [           main] c.e.P.PointageApplicationTests           : Started PointageApplicationTests in 2.72 seconds (process running for 9.202)
2025-02-11 15:53:54.161  INFO User --- [           main] c.e.P.EmployeeRepositoryTest             : Starting EmployeeRepositoryTest using Java 19.0.2 with PID 24212 (started by Admin in C:\Users\Admin\Desktop\Postes de travail\Pointage_App\Pointage)
2025-02-11 15:53:54.177 DEBUG User --- [           main] c.e.P.EmployeeRepositoryTest             : Running with Spring Boot v3.4.2, Spring v6.2.2
2025-02-11 15:53:54.177  INFO User --- [           main] c.e.P.EmployeeRepositoryTest             : No active profile set, falling back to 1 default profile: "default"
2025-02-11 15:53:56.724  INFO User --- [           main] c.e.P.EmployeeRepositoryTest             : Started EmployeeRepositoryTest in 2.807 seconds (process running for 6.352)
2025-02-11 15:53:56.853  INFO User --- [           main] c.e.P.EmployeeRepositoryTest             : Ajouter un employee
2025-02-11 15:53:56.895  INFO User --- [           main] c.e.P.EmployeeRepositoryTest             : Un seumle employee
2025-02-11 15:53:56.961  INFO User --- [           main] c.e.P.EmployeeRepositoryTest             : Liste des employees
2025-02-11 15:53:56.969  INFO User --- [           main] c.e.P.EmployeeRepositoryTest             : Modification de l'utilisateur
2025-02-11 15:53:56.992  INFO User --- [           main] c.e.P.EmployeeRepositoryTest             : Recherche par date
2025-02-11 15:53:57.002  INFO User --- [           main] c.e.P.EmployeeRepositoryTest             : Employee est supprimé
2025-02-11 15:53:57.056  INFO User --- [           main] c.e.P.PointageApplicationTests           : Starting PointageApplicationTests using Java 19.0.2 with PID 24212 (started by Admin in C:\Users\Admin\Desktop\Postes de travail\Pointage_App\Pointage)
2025-02-11 15:53:57.057 DEBUG User --- [           main] c.e.P.PointageApplicationTests           : Running with Spring Boot v3.4.2, Spring v6.2.2
2025-02-11 15:53:57.057  INFO User --- [           main] c.e.P.PointageApplicationTests           : No active profile set, falling back to 1 default profile: "default"
2025-02-11 15:53:59.604  INFO User --- [           main] c.e.P.PointageApplicationTests           : Started PointageApplicationTests in 2.579 seconds (process running for 9.232)
2025-02-11 15:56:40.206  INFO User --- [           main] c.e.P.EmployeeRepositoryTest             : Starting EmployeeRepositoryTest using Java 19.0.2 with PID 3840 (started by Admin in C:\Users\Admin\Desktop\Postes de travail\Pointage_App\Pointage)
2025-02-11 15:56:40.206 DEBUG User --- [           main] c.e.P.EmployeeRepositoryTest             : Running with Spring Boot v3.4.2, Spring v6.2.2
2025-02-11 15:56:40.206  INFO User --- [           main] c.e.P.EmployeeRepositoryTest             : No active profile set, falling back to 1 default profile: "default"
2025-02-11 15:56:42.859  INFO User --- [           main] c.e.P.EmployeeRepositoryTest             : Started EmployeeRepositoryTest in 2.974 seconds (process running for 6.976)
2025-02-11 15:56:43.041  INFO User --- [           main] c.e.P.EmployeeRepositoryTest             : Ajouter un employee
2025-02-11 15:56:43.104  INFO User --- [           main] c.e.P.EmployeeRepositoryTest             : Un seumle employee
2025-02-11 15:56:43.156  INFO User --- [           main] c.e.P.EmployeeRepositoryTest             : Liste des employees
2025-02-11 15:56:43.166  INFO User --- [           main] c.e.P.EmployeeRepositoryTest             : Modification de l'utilisateur
2025-02-11 15:56:43.195  INFO User --- [           main] c.e.P.EmployeeRepositoryTest             : Recherche par date
2025-02-11 15:56:43.206  INFO User --- [           main] c.e.P.EmployeeRepositoryTest             : Employee est supprimé
2025-02-11 15:56:43.274  INFO User --- [           main] c.e.P.PointageApplicationTests           : Starting PointageApplicationTests using Java 19.0.2 with PID 3840 (started by Admin in C:\Users\Admin\Desktop\Postes de travail\Pointage_App\Pointage)
2025-02-11 15:56:43.274 DEBUG User --- [           main] c.e.P.PointageApplicationTests           : Running with Spring Boot v3.4.2, Spring v6.2.2
2025-02-11 15:56:43.274  INFO User --- [           main] c.e.P.PointageApplicationTests           : No active profile set, falling back to 1 default profile: "default"
2025-02-11 15:56:46.070  INFO User --- [           main] c.e.P.PointageApplicationTests           : Started PointageApplicationTests in 2.843 seconds (process running for 10.186)
2025-02-11 16:06:34.591  INFO User --- [           main] c.e.P.EmployeeRepositoryTest             : Starting EmployeeRepositoryTest using Java 19.0.2 with PID 21920 (started by Admin in C:\Users\Admin\Desktop\Postes de travail\Pointage_App\Pointage)
2025-02-11 16:06:34.591 DEBUG User --- [           main] c.e.P.EmployeeRepositoryTest             : Running with Spring Boot v3.4.2, Spring v6.2.2
2025-02-11 16:06:34.591  INFO User --- [           main] c.e.P.EmployeeRepositoryTest             : No active profile set, falling back to 1 default profile: "default"
2025-02-11 16:06:37.675  INFO User --- [           main] c.e.P.EmployeeRepositoryTest             : Started EmployeeRepositoryTest in 3.51 seconds (process running for 4.686)
2025-02-11 16:06:38.211  INFO User --- [           main] c.e.P.EmployeeRepositoryTest             : Ajouter un employee
2025-02-11 16:06:38.270  INFO User --- [           main] c.e.P.EmployeeRepositoryTest             : Un seumle employee
2025-02-11 16:06:38.329  INFO User --- [           main] c.e.P.EmployeeRepositoryTest             : Liste des employees
2025-02-11 16:06:38.343  INFO User --- [           main] c.e.P.EmployeeRepositoryTest             : Modification de l'utilisateur
2025-02-11 16:06:38.383  INFO User --- [           main] c.e.P.EmployeeRepositoryTest             : Recherche par date
2025-02-11 16:06:38.400  INFO User --- [           main] c.e.P.EmployeeRepositoryTest             : Employee est supprimé
2025-02-11 16:06:40.779  INFO User --- [           main] c.e.P.PointageApplicationTests           : Starting PointageApplicationTests using Java 19.0.2 with PID 21920 (started by Admin in C:\Users\Admin\Desktop\Postes de travail\Pointage_App\Pointage)
2025-02-11 16:06:40.780 DEBUG User --- [           main] c.e.P.PointageApplicationTests           : Running with Spring Boot v3.4.2, Spring v6.2.2
2025-02-11 16:06:40.781  INFO User --- [           main] c.e.P.PointageApplicationTests           : No active profile set, falling back to 1 default profile: "default"
2025-02-11 16:06:43.881  INFO User --- [           main] c.e.P.PointageApplicationTests           : Started PointageApplicationTests in 3.166 seconds (process running for 10.886)
2025-02-11 16:11:50.237  INFO User --- [           main] c.e.P.EmployeeRepositoryTest             : Starting EmployeeRepositoryTest using Java 19.0.2 with PID 22708 (started by Admin in C:\Users\Admin\Desktop\Postes de travail\Pointage_App\Pointage)
2025-02-11 16:11:50.253 DEBUG User --- [           main] c.e.P.EmployeeRepositoryTest             : Running with Spring Boot v3.4.2, Spring v6.2.2
2025-02-11 16:11:50.257  INFO User --- [           main] c.e.P.EmployeeRepositoryTest             : No active profile set, falling back to 1 default profile: "default"
2025-02-11 16:11:53.346  INFO User --- [           main] c.e.P.EmployeeRepositoryTest             : Started EmployeeRepositoryTest in 3.557 seconds (process running for 4.825)
2025-02-11 16:11:53.848  INFO User --- [           main] c.e.P.EmployeeRepositoryTest             : Ajouter un employee
2025-02-11 16:11:53.917  INFO User --- [           main] c.e.P.EmployeeRepositoryTest             : Un seumle employee
2025-02-11 16:11:53.963  INFO User --- [           main] c.e.P.EmployeeRepositoryTest             : Liste des employees
2025-02-11 16:11:53.975  INFO User --- [           main] c.e.P.EmployeeRepositoryTest             : Modification de l'utilisateur
2025-02-11 16:11:54.010  INFO User --- [           main] c.e.P.EmployeeRepositoryTest             : Recherche par date
2025-02-11 16:11:54.026  INFO User --- [           main] c.e.P.EmployeeRepositoryTest             : Employee est supprimé
2025-02-11 16:11:56.734  INFO User --- [           main] c.e.P.PointageApplicationTests           : Starting PointageApplicationTests using Java 19.0.2 with PID 22708 (started by Admin in C:\Users\Admin\Desktop\Postes de travail\Pointage_App\Pointage)
2025-02-11 16:11:56.736 DEBUG User --- [           main] c.e.P.PointageApplicationTests           : Running with Spring Boot v3.4.2, Spring v6.2.2
2025-02-11 16:11:56.736  INFO User --- [           main] c.e.P.PointageApplicationTests           : No active profile set, falling back to 1 default profile: "default"
2025-02-11 16:12:00.133  INFO User --- [           main] c.e.P.PointageApplicationTests           : Started PointageApplicationTests in 3.47 seconds (process running for 11.612)
2025-02-11 16:12:39.279  INFO User --- [           main] c.e.P.EmployeeRepositoryTest             : Starting EmployeeRepositoryTest using Java 19.0.2 with PID 8816 (started by Admin in C:\Users\Admin\Desktop\Postes de travail\Pointage_App\Pointage)
2025-02-11 16:12:39.279 DEBUG User --- [           main] c.e.P.EmployeeRepositoryTest             : Running with Spring Boot v3.4.2, Spring v6.2.2
2025-02-11 16:12:39.279  INFO User --- [           main] c.e.P.EmployeeRepositoryTest             : No active profile set, falling back to 1 default profile: "default"
2025-02-11 16:12:42.176  INFO User --- [           main] c.e.P.EmployeeRepositoryTest             : Started EmployeeRepositoryTest in 3.235 seconds (process running for 8.111)
2025-02-11 16:12:42.299  INFO User --- [           main] c.e.P.EmployeeRepositoryTest             : Ajouter un employee
2025-02-11 16:12:42.343  INFO User --- [           main] c.e.P.EmployeeRepositoryTest             : Un seumle employee
2025-02-11 16:12:42.379  INFO User --- [           main] c.e.P.EmployeeRepositoryTest             : Liste des employees
2025-02-11 16:12:42.393  INFO User --- [           main] c.e.P.EmployeeRepositoryTest             : Modification de l'utilisateur
2025-02-11 16:12:42.412  INFO User --- [           main] c.e.P.EmployeeRepositoryTest             : Recherche par date
2025-02-11 16:12:42.429  INFO User --- [           main] c.e.P.EmployeeRepositoryTest             : Employee est supprimé
2025-02-11 16:12:42.491  INFO User --- [           main] c.e.P.PointageApplicationTests           : Starting PointageApplicationTests using Java 19.0.2 with PID 8816 (started by Admin in C:\Users\Admin\Desktop\Postes de travail\Pointage_App\Pointage)
2025-02-11 16:12:42.493 DEBUG User --- [           main] c.e.P.PointageApplicationTests           : Running with Spring Boot v3.4.2, Spring v6.2.2
2025-02-11 16:12:42.494  INFO User --- [           main] c.e.P.PointageApplicationTests           : No active profile set, falling back to 1 default profile: "default"
2025-02-11 16:12:44.668  INFO User --- [           main] c.e.P.PointageApplicationTests           : Started PointageApplicationTests in 2.212 seconds (process running for 10.613)
2025-02-11 20:33:22.085  INFO User --- [           main] c.e.P.PointageApplication                : Starting PointageApplication using Java 19.0.2 with PID 8956 (C:\Users\Admin\Desktop\Postes de travail\Pointage_App\Pointage\target\classes started by Admin in C:\Users\Admin\Desktop\Postes de travail\Pointage_App\pointage)
2025-02-11 20:33:22.093 DEBUG User --- [           main] c.e.P.PointageApplication                : Running with Spring Boot v3.4.2, Spring v6.2.2
2025-02-11 20:33:22.094  INFO User --- [           main] c.e.P.PointageApplication                : No active profile set, falling back to 1 default profile: "default"
2025-02-11 20:33:23.854 DEBUG User --- [           main] c.e.P.C.JwtAuthFilter                    : Filter 'jwtAuthFilter' configured for use
2025-02-11 20:33:27.466  INFO User --- [           main] c.e.P.PointageApplication                : Started PointageApplication in 5.837 seconds (process running for 6.496)
2025-02-11 20:35:27.800  INFO User --- [           main] c.e.P.PointageApplication                : Starting PointageApplication using Java 19.0.2 with PID 20128 (C:\Users\Admin\Desktop\Postes de travail\Pointage_App\Pointage\target\classes started by Admin in C:\Users\Admin\Desktop\Postes de travail\Pointage_App\pointage)
2025-02-11 20:35:27.809 DEBUG User --- [           main] c.e.P.PointageApplication                : Running with Spring Boot v3.4.2, Spring v6.2.2
2025-02-11 20:35:27.810  INFO User --- [           main] c.e.P.PointageApplication                : No active profile set, falling back to 1 default profile: "default"
2025-02-11 20:35:29.690 DEBUG User --- [           main] c.e.P.C.JwtAuthFilter                    : Filter 'jwtAuthFilter' configured for use
2025-02-11 20:35:34.375  INFO User --- [           main] c.e.P.PointageApplication                : Started PointageApplication in 7.126 seconds (process running for 7.908)
2025-02-11 20:39:36.231  INFO User --- [           main] c.e.P.PointageApplication                : Starting PointageApplication using Java 19.0.2 with PID 6488 (C:\Users\Admin\Desktop\Postes de travail\Pointage_App\Pointage\target\classes started by Admin in C:\Users\Admin\Desktop\Postes de travail\Pointage_App\pointage)
2025-02-11 20:39:36.238 DEBUG User --- [           main] c.e.P.PointageApplication                : Running with Spring Boot v3.4.2, Spring v6.2.2
2025-02-11 20:39:36.240  INFO User --- [           main] c.e.P.PointageApplication                : No active profile set, falling back to 1 default profile: "default"
2025-02-11 20:39:37.940 DEBUG User --- [           main] c.e.P.C.JwtAuthFilter                    : Filter 'jwtAuthFilter' configured for use
2025-02-11 20:39:41.686  INFO User --- [           main] c.e.P.PointageApplication                : Started PointageApplication in 5.938 seconds (process running for 6.577)
2025-02-11 21:09:55.640  INFO User --- [           main] c.e.P.PointageApplication                : Starting PointageApplication using Java 19.0.2 with PID 14984 (C:\Users\Admin\Desktop\Postes de travail\Pointage_App\Pointage\target\classes started by Admin in C:\Users\Admin\Desktop\Postes de travail\Pointage_App\pointage)
2025-02-11 21:09:55.648 DEBUG User --- [           main] c.e.P.PointageApplication                : Running with Spring Boot v3.4.2, Spring v6.2.2
2025-02-11 21:09:55.650  INFO User --- [           main] c.e.P.PointageApplication                : No active profile set, falling back to 1 default profile: "default"
2025-02-11 21:09:57.328 DEBUG User --- [           main] c.e.P.C.JwtAuthFilter                    : Filter 'jwtAuthFilter' configured for use
2025-02-11 21:10:01.284  INFO User --- [           main] c.e.P.PointageApplication                : Started PointageApplication in 6.079 seconds (process running for 6.681)
2025-02-11 21:11:33.641  INFO User --- [           main] c.e.P.PointageApplication                : Starting PointageApplication using Java 19.0.2 with PID 24712 (C:\Users\Admin\Desktop\Postes de travail\Pointage_App\Pointage\target\classes started by Admin in C:\Users\Admin\Desktop\Postes de travail\Pointage_App\pointage)
2025-02-11 21:11:33.653 DEBUG User --- [           main] c.e.P.PointageApplication                : Running with Spring Boot v3.4.2, Spring v6.2.2
2025-02-11 21:11:33.654  INFO User --- [           main] c.e.P.PointageApplication                : No active profile set, falling back to 1 default profile: "default"
2025-02-11 21:11:35.502 DEBUG User --- [           main] c.e.P.C.JwtAuthFilter                    : Filter 'jwtAuthFilter' configured for use
2025-02-11 21:11:39.472  INFO User --- [           main] c.e.P.PointageApplication                : Started PointageApplication in 6.365 seconds (process running for 7.044)
2025-02-11 21:13:23.954  INFO User --- [           main] c.e.P.PointageApplication                : Starting PointageApplication using Java 19.0.2 with PID 10448 (C:\Users\Admin\Desktop\Postes de travail\Pointage_App\Pointage\target\classes started by Admin in C:\Users\Admin\Desktop\Postes de travail\Pointage_App\pointage)
2025-02-11 21:13:23.962 DEBUG User --- [           main] c.e.P.PointageApplication                : Running with Spring Boot v3.4.2, Spring v6.2.2
2025-02-11 21:13:23.962  INFO User --- [           main] c.e.P.PointageApplication                : No active profile set, falling back to 1 default profile: "default"
2025-02-11 21:13:25.607 DEBUG User --- [           main] c.e.P.C.JwtAuthFilter                    : Filter 'jwtAuthFilter' configured for use
2025-02-11 21:13:29.874  INFO User --- [           main] c.e.P.PointageApplication                : Started PointageApplication in 6.361 seconds (process running for 7.06)
2025-02-11 21:23:44.069  INFO User --- [           main] c.e.P.PointageApplication                : Starting PointageApplication using Java 19.0.2 with PID 5228 (C:\Users\Admin\Desktop\Postes de travail\Pointage_App\Pointage\target\classes started by Admin in C:\Users\Admin\Desktop\Postes de travail\Pointage_App\pointage)
2025-02-11 21:23:44.077 DEBUG User --- [           main] c.e.P.PointageApplication                : Running with Spring Boot v3.4.2, Spring v6.2.2
2025-02-11 21:23:44.079  INFO User --- [           main] c.e.P.PointageApplication                : No active profile set, falling back to 1 default profile: "default"
2025-02-11 21:23:46.124 DEBUG User --- [           main] c.e.P.C.JwtAuthFilter                    : Filter 'jwtAuthFilter' configured for use
2025-02-11 21:23:50.237  INFO User --- [           main] c.e.P.PointageApplication                : Started PointageApplication in 6.699 seconds (process running for 7.428)
2025-02-11 21:24:14.991  INFO User --- [           main] c.e.P.PointageApplication                : Starting PointageApplication using Java 19.0.2 with PID 13908 (C:\Users\Admin\Desktop\Postes de travail\Pointage_App\Pointage\target\classes started by Admin in C:\Users\Admin\Desktop\Postes de travail\Pointage_App\pointage)
2025-02-11 21:24:14.999 DEBUG User --- [           main] c.e.P.PointageApplication                : Running with Spring Boot v3.4.2, Spring v6.2.2
2025-02-11 21:24:15.000  INFO User --- [           main] c.e.P.PointageApplication                : No active profile set, falling back to 1 default profile: "default"
2025-02-11 21:24:16.780 DEBUG User --- [           main] c.e.P.C.JwtAuthFilter                    : Filter 'jwtAuthFilter' configured for use
2025-02-11 21:24:20.244  INFO User --- [           main] c.e.P.PointageApplication                : Started PointageApplication in 5.745 seconds (process running for 6.407)
2025-02-11 21:26:00.194  INFO User --- [           main] c.e.P.PointageApplication                : Starting PointageApplication using Java 19.0.2 with PID 23564 (C:\Users\Admin\Desktop\Postes de travail\Pointage_App\Pointage\target\classes started by Admin in C:\Users\Admin\Desktop\Postes de travail\Pointage_App\pointage)
2025-02-11 21:26:00.202 DEBUG User --- [           main] c.e.P.PointageApplication                : Running with Spring Boot v3.4.2, Spring v6.2.2
2025-02-11 21:26:00.204  INFO User --- [           main] c.e.P.PointageApplication                : No active profile set, falling back to 1 default profile: "default"
2025-02-11 21:26:02.041 DEBUG User --- [           main] c.e.P.C.JwtAuthFilter                    : Filter 'jwtAuthFilter' configured for use
2025-02-11 21:26:05.921  INFO User --- [           main] c.e.P.PointageApplication                : Started PointageApplication in 6.184 seconds (process running for 6.835)
2025-02-11 21:26:28.375  INFO User --- [           main] c.e.P.PointageApplication                : Starting PointageApplication using Java 19.0.2 with PID 23300 (C:\Users\Admin\Desktop\Postes de travail\Pointage_App\Pointage\target\classes started by Admin in C:\Users\Admin\Desktop\Postes de travail\Pointage_App\pointage)
2025-02-11 21:26:28.394 DEBUG User --- [           main] c.e.P.PointageApplication                : Running with Spring Boot v3.4.2, Spring v6.2.2
2025-02-11 21:26:28.394  INFO User --- [           main] c.e.P.PointageApplication                : No active profile set, falling back to 1 default profile: "default"
2025-02-11 21:26:30.070 DEBUG User --- [           main] c.e.P.C.JwtAuthFilter                    : Filter 'jwtAuthFilter' configured for use
2025-02-11 21:26:33.568  INFO User --- [           main] c.e.P.PointageApplication                : Started PointageApplication in 5.644 seconds (process running for 6.202)
2025-02-11 21:29:32.441  INFO User --- [           main] c.e.P.PointageApplication                : Starting PointageApplication using Java 19.0.2 with PID 4932 (C:\Users\Admin\Desktop\Postes de travail\Pointage_App\Pointage\target\classes started by Admin in C:\Users\Admin\Desktop\Postes de travail\Pointage_App\pointage)
2025-02-11 21:29:32.441 DEBUG User --- [           main] c.e.P.PointageApplication                : Running with Spring Boot v3.4.2, Spring v6.2.2
2025-02-11 21:29:32.441  INFO User --- [           main] c.e.P.PointageApplication                : No active profile set, falling back to 1 default profile: "default"
2025-02-11 21:29:34.346 DEBUG User --- [           main] c.e.P.C.JwtAuthFilter                    : Filter 'jwtAuthFilter' configured for use
2025-02-11 21:29:38.167  INFO User --- [           main] c.e.P.PointageApplication                : Started PointageApplication in 6.255 seconds (process running for 7.035)
2025-02-11 21:42:39.049  INFO User --- [           main] c.e.P.PointageApplication                : Starting PointageApplication using Java 19.0.2 with PID 1536 (C:\Users\Admin\Desktop\Postes de travail\Pointage_App\Pointage\target\classes started by Admin in C:\Users\Admin\Desktop\Postes de travail\Pointage_App\pointage)
2025-02-11 21:42:39.058 DEBUG User --- [           main] c.e.P.PointageApplication                : Running with Spring Boot v3.4.2, Spring v6.2.2
2025-02-11 21:42:39.060  INFO User --- [           main] c.e.P.PointageApplication                : No active profile set, falling back to 1 default profile: "default"
2025-02-11 21:42:44.039 DEBUG User --- [           main] c.e.P.C.JwtAuthFilter                    : Filter 'jwtAuthFilter' configured for use
2025-02-11 21:42:45.462  INFO User --- [           main] c.e.P.PointageApplication                : Started PointageApplication in 6.927 seconds (process running for 7.653)
2025-02-11 21:44:45.502  INFO User --- [           main] c.e.P.PointageApplication                : Starting PointageApplication using Java 19.0.2 with PID 9784 (C:\Users\Admin\Desktop\Postes de travail\Pointage_App\Pointage\target\classes started by Admin in C:\Users\Admin\Desktop\Postes de travail\Pointage_App\pointage)
2025-02-11 21:44:45.513 DEBUG User --- [           main] c.e.P.PointageApplication                : Running with Spring Boot v3.4.2, Spring v6.2.2
2025-02-11 21:44:45.513  INFO User --- [           main] c.e.P.PointageApplication                : No active profile set, falling back to 1 default profile: "default"
2025-02-11 21:44:50.463 DEBUG User --- [           main] c.e.P.C.JwtAuthFilter                    : Filter 'jwtAuthFilter' configured for use
2025-02-11 21:44:51.885  INFO User --- [           main] c.e.P.PointageApplication                : Started PointageApplication in 6.828 seconds (process running for 7.543)
2025-02-11 21:52:29.857  INFO User --- [           main] c.e.P.PointageApplication                : Starting PointageApplication using Java 19.0.2 with PID 18004 (C:\Users\Admin\Desktop\Postes de travail\Pointage_App\Pointage\target\classes started by Admin in C:\Users\Admin\Desktop\Postes de travail\Pointage_App\pointage)
2025-02-11 21:52:29.859 DEBUG User --- [           main] c.e.P.PointageApplication                : Running with Spring Boot v3.4.2, Spring v6.2.2
2025-02-11 21:52:29.865  INFO User --- [           main] c.e.P.PointageApplication                : No active profile set, falling back to 1 default profile: "default"
2025-02-11 21:52:31.517 DEBUG User --- [           main] c.e.P.C.JwtAuthFilter                    : Filter 'jwtAuthFilter' configured for use
2025-02-11 21:52:35.493  INFO User --- [           main] c.e.P.PointageApplication                : Started PointageApplication in 6.096 seconds (process running for 6.74)
2025-02-11 21:53:49.104  INFO User --- [           main] c.e.P.PointageApplication                : Starting PointageApplication using Java 19.0.2 with PID 25552 (C:\Users\Admin\Desktop\Postes de travail\Pointage_App\Pointage\target\classes started by Admin in C:\Users\Admin\Desktop\Postes de travail\Pointage_App\pointage)
2025-02-11 21:53:49.112 DEBUG User --- [           main] c.e.P.PointageApplication                : Running with Spring Boot v3.4.2, Spring v6.2.2
2025-02-11 21:53:49.114  INFO User --- [           main] c.e.P.PointageApplication                : No active profile set, falling back to 1 default profile: "default"
2025-02-11 21:53:50.937 DEBUG User --- [           main] c.e.P.C.JwtAuthFilter                    : Filter 'jwtAuthFilter' configured for use
2025-02-11 21:53:54.896  INFO User --- [           main] c.e.P.PointageApplication                : Started PointageApplication in 6.407 seconds (process running for 6.998)
2025-02-11 21:54:52.868  INFO User --- [           main] c.e.P.PointageApplication                : Starting PointageApplication using Java 19.0.2 with PID 8568 (C:\Users\Admin\Desktop\Postes de travail\Pointage_App\Pointage\target\classes started by Admin in C:\Users\Admin\Desktop\Postes de travail\Pointage_App\pointage)
2025-02-11 21:54:52.875 DEBUG User --- [           main] c.e.P.PointageApplication                : Running with Spring Boot v3.4.2, Spring v6.2.2
2025-02-11 21:54:52.877  INFO User --- [           main] c.e.P.PointageApplication                : No active profile set, falling back to 1 default profile: "default"
2025-02-11 21:54:54.667 DEBUG User --- [           main] c.e.P.C.JwtAuthFilter                    : Filter 'jwtAuthFilter' configured for use
2025-02-11 21:54:58.985  INFO User --- [           main] c.e.P.PointageApplication                : Started PointageApplication in 6.653 seconds (process running for 7.331)
2025-02-11 21:56:09.389  INFO User --- [           main] c.e.P.PointageApplication                : Starting PointageApplication using Java 19.0.2 with PID 4612 (C:\Users\Admin\Desktop\Postes de travail\Pointage_App\Pointage\target\classes started by Admin in C:\Users\Admin\Desktop\Postes de travail\Pointage_App\pointage)
2025-02-11 21:56:09.400 DEBUG User --- [           main] c.e.P.PointageApplication                : Running with Spring Boot v3.4.2, Spring v6.2.2
2025-02-11 21:56:09.400  INFO User --- [           main] c.e.P.PointageApplication                : No active profile set, falling back to 1 default profile: "default"
2025-02-11 21:56:11.142 DEBUG User --- [           main] c.e.P.C.JwtAuthFilter                    : Filter 'jwtAuthFilter' configured for use
2025-02-11 21:56:14.879  INFO User --- [           main] c.e.P.PointageApplication                : Started PointageApplication in 5.973 seconds (process running for 6.595)
2025-02-11 21:56:54.392  INFO User --- [           main] c.e.P.PointageApplication                : Starting PointageApplication using Java 19.0.2 with PID 13524 (C:\Users\Admin\Desktop\Postes de travail\Pointage_App\Pointage\target\classes started by Admin in C:\Users\Admin\Desktop\Postes de travail\Pointage_App\pointage)
2025-02-11 21:56:54.405 DEBUG User --- [           main] c.e.P.PointageApplication                : Running with Spring Boot v3.4.2, Spring v6.2.2
2025-02-11 21:56:54.406  INFO User --- [           main] c.e.P.PointageApplication                : No active profile set, falling back to 1 default profile: "default"
2025-02-11 21:56:56.259 DEBUG User --- [           main] c.e.P.C.JwtAuthFilter                    : Filter 'jwtAuthFilter' configured for use
2025-02-11 21:57:00.817  INFO User --- [           main] c.e.P.PointageApplication                : Started PointageApplication in 6.929 seconds (process running for 7.558)
2025-02-11 21:58:13.283  INFO User --- [           main] c.e.P.PointageApplication                : Starting PointageApplication using Java 19.0.2 with PID 24920 (C:\Users\Admin\Desktop\Postes de travail\Pointage_App\Pointage\target\classes started by Admin in C:\Users\Admin\Desktop\Postes de travail\Pointage_App\pointage)
2025-02-11 21:58:13.288 DEBUG User --- [           main] c.e.P.PointageApplication                : Running with Spring Boot v3.4.2, Spring v6.2.2
2025-02-11 21:58:13.288  INFO User --- [           main] c.e.P.PointageApplication                : No active profile set, falling back to 1 default profile: "default"
2025-02-11 21:58:14.921 DEBUG User --- [           main] c.e.P.C.JwtAuthFilter                    : Filter 'jwtAuthFilter' configured for use
2025-02-11 21:58:19.452  INFO User --- [           main] c.e.P.PointageApplication                : Started PointageApplication in 6.614 seconds (process running for 7.353)
2025-02-11 21:58:39.864  INFO User --- [           main] c.e.P.PointageApplication                : Starting PointageApplication using Java 19.0.2 with PID 25156 (C:\Users\Admin\Desktop\Postes de travail\Pointage_App\Pointage\target\classes started by Admin in C:\Users\Admin\Desktop\Postes de travail\Pointage_App\pointage)
2025-02-11 21:58:39.871 DEBUG User --- [           main] c.e.P.PointageApplication                : Running with Spring Boot v3.4.2, Spring v6.2.2
2025-02-11 21:58:39.871  INFO User --- [           main] c.e.P.PointageApplication                : No active profile set, falling back to 1 default profile: "default"
2025-02-11 21:58:41.956 DEBUG User --- [           main] c.e.P.C.JwtAuthFilter                    : Filter 'jwtAuthFilter' configured for use
2025-02-11 21:58:48.410  INFO User --- [           main] c.e.P.PointageApplication                : Starting PointageApplication using Java 19.0.2 with PID 16840 (C:\Users\Admin\Desktop\Postes de travail\Pointage_App\Pointage\target\classes started by Admin in C:\Users\Admin\Desktop\Postes de travail\Pointage_App\pointage)
2025-02-11 21:58:48.417 DEBUG User --- [           main] c.e.P.PointageApplication                : Running with Spring Boot v3.4.2, Spring v6.2.2
2025-02-11 21:58:48.417  INFO User --- [           main] c.e.P.PointageApplication                : No active profile set, falling back to 1 default profile: "default"
2025-02-11 21:58:50.646 DEBUG User --- [           main] c.e.P.C.JwtAuthFilter                    : Filter 'jwtAuthFilter' configured for use
2025-02-11 21:58:55.578  INFO User --- [           main] c.e.P.PointageApplication                : Started PointageApplication in 7.766 seconds (process running for 8.648)
2025-02-11 22:00:03.510  INFO User --- [           main] c.e.P.PointageApplication                : Starting PointageApplication using Java 19.0.2 with PID 8536 (C:\Users\Admin\Desktop\Postes de travail\Pointage_App\Pointage\target\classes started by Admin in C:\Users\Admin\Desktop\Postes de travail\Pointage_App\pointage)
2025-02-11 22:00:03.516 DEBUG User --- [           main] c.e.P.PointageApplication                : Running with Spring Boot v3.4.2, Spring v6.2.2
2025-02-11 22:00:03.520  INFO User --- [           main] c.e.P.PointageApplication                : No active profile set, falling back to 1 default profile: "default"
2025-02-11 22:00:05.417 DEBUG User --- [           main] c.e.P.C.JwtAuthFilter                    : Filter 'jwtAuthFilter' configured for use
2025-02-11 22:00:09.118  INFO User --- [           main] c.e.P.PointageApplication                : Started PointageApplication in 6.063 seconds (process running for 6.836)
2025-02-11 22:00:35.348  INFO User --- [           main] c.e.P.PointageApplication                : Starting PointageApplication using Java 19.0.2 with PID 10956 (C:\Users\Admin\Desktop\Postes de travail\Pointage_App\Pointage\target\classes started by Admin in C:\Users\Admin\Desktop\Postes de travail\Pointage_App\pointage)
2025-02-11 22:00:35.355 DEBUG User --- [           main] c.e.P.PointageApplication                : Running with Spring Boot v3.4.2, Spring v6.2.2
2025-02-11 22:00:35.356  INFO User --- [           main] c.e.P.PointageApplication                : No active profile set, falling back to 1 default profile: "default"
2025-02-11 22:00:36.986 DEBUG User --- [           main] c.e.P.C.JwtAuthFilter                    : Filter 'jwtAuthFilter' configured for use
2025-02-11 22:00:40.656  INFO User --- [           main] c.e.P.PointageApplication                : Started PointageApplication in 5.816 seconds (process running for 6.461)
2025-02-11 22:28:48.489  INFO User --- [           main] c.e.P.EmployeeRepositoryTest             : Starting EmployeeRepositoryTest using Java 19.0.2 with PID 7576 (started by Admin in C:\Users\Admin\Desktop\Postes de travail\Pointage_App\Pointage)
2025-02-11 22:28:48.499 DEBUG User --- [           main] c.e.P.EmployeeRepositoryTest             : Running with Spring Boot v3.4.2, Spring v6.2.2
2025-02-11 22:28:48.501  INFO User --- [           main] c.e.P.EmployeeRepositoryTest             : No active profile set, falling back to 1 default profile: "default"
2025-02-11 22:28:51.077  INFO User --- [           main] c.e.P.EmployeeRepositoryTest             : Started EmployeeRepositoryTest in 2.86 seconds (process running for 7.439)
2025-02-11 22:28:51.276  INFO User --- [           main] c.e.P.EmployeeRepositoryTest             : Ajouter un employee
2025-02-11 22:28:51.322  INFO User --- [           main] c.e.P.EmployeeRepositoryTest             : Un seumle employee
2025-02-11 22:28:51.364  INFO User --- [           main] c.e.P.EmployeeRepositoryTest             : Liste des employees
2025-02-11 22:28:51.376  INFO User --- [           main] c.e.P.EmployeeRepositoryTest             : Modification de l'utilisateur
2025-02-11 22:28:51.404  INFO User --- [           main] c.e.P.EmployeeRepositoryTest             : Recherche par date
2025-02-11 22:28:51.420  INFO User --- [           main] c.e.P.EmployeeRepositoryTest             : Employee est supprimé
2025-02-11 22:28:51.525  INFO User --- [           main] c.e.P.PointageApplicationTests           : Starting PointageApplicationTests using Java 19.0.2 with PID 7576 (started by Admin in C:\Users\Admin\Desktop\Postes de travail\Pointage_App\Pointage)
2025-02-11 22:28:51.526 DEBUG User --- [           main] c.e.P.PointageApplicationTests           : Running with Spring Boot v3.4.2, Spring v6.2.2
2025-02-11 22:28:51.526  INFO User --- [           main] c.e.P.PointageApplicationTests           : No active profile set, falling back to 1 default profile: "default"
2025-02-11 22:28:54.345  INFO User --- [           main] c.e.P.PointageApplicationTests           : Started PointageApplicationTests in 2.883 seconds (process running for 10.707)
2025-02-11 22:32:16.600  INFO User --- [           main] c.e.P.EmployeeRepositoryTest             : Starting EmployeeRepositoryTest using Java 19.0.2 with PID 22336 (started by Admin in C:\Users\Admin\Desktop\Postes de travail\Pointage_App\Pointage)
2025-02-11 22:32:16.611 DEBUG User --- [           main] c.e.P.EmployeeRepositoryTest             : Running with Spring Boot v3.4.2, Spring v6.2.2
2025-02-11 22:32:16.614  INFO User --- [           main] c.e.P.EmployeeRepositoryTest             : No active profile set, falling back to 1 default profile: "default"
2025-02-11 22:32:19.955  INFO User --- [           main] c.e.P.EmployeeRepositoryTest             : Started EmployeeRepositoryTest in 3.804 seconds (process running for 5.13)
2025-02-11 22:32:20.575  INFO User --- [           main] c.e.P.EmployeeRepositoryTest             : Ajouter un employee
2025-02-11 22:32:20.644  INFO User --- [           main] c.e.P.EmployeeRepositoryTest             : Un seumle employee
2025-02-11 22:32:20.718  INFO User --- [           main] c.e.P.EmployeeRepositoryTest             : Liste des employees
2025-02-11 22:32:20.735  INFO User --- [           main] c.e.P.EmployeeRepositoryTest             : Modification de l'utilisateur
2025-02-11 22:32:20.778  INFO User --- [           main] c.e.P.EmployeeRepositoryTest             : Recherche par date
2025-02-11 22:32:20.798  INFO User --- [           main] c.e.P.EmployeeRepositoryTest             : Employee est supprimé
2025-02-11 22:32:23.965  INFO User --- [           main] c.e.P.PointageApplicationTests           : Starting PointageApplicationTests using Java 19.0.2 with PID 22336 (started by Admin in C:\Users\Admin\Desktop\Postes de travail\Pointage_App\Pointage)
2025-02-11 22:32:23.967 DEBUG User --- [           main] c.e.P.PointageApplicationTests           : Running with Spring Boot v3.4.2, Spring v6.2.2
2025-02-11 22:32:23.967  INFO User --- [           main] c.e.P.PointageApplicationTests           : No active profile set, falling back to 1 default profile: "default"
2025-02-11 22:32:27.363  INFO User --- [           main] c.e.P.PointageApplicationTests           : Started PointageApplicationTests in 3.469 seconds (process running for 12.538)
2025-02-11 22:37:25.732  INFO User --- [           main] c.e.P.PointageApplication                : Starting PointageApplication using Java 19.0.2 with PID 14132 (C:\Users\Admin\Desktop\Postes de travail\Pointage_App\Pointage\target\classes started by Admin in C:\Users\Admin\Desktop\Postes de travail\Pointage_App\pointage)
2025-02-11 22:37:25.735 DEBUG User --- [           main] c.e.P.PointageApplication                : Running with Spring Boot v3.4.2, Spring v6.2.2
2025-02-11 22:37:25.741  INFO User --- [           main] c.e.P.PointageApplication                : No active profile set, falling back to 1 default profile: "default"
2025-02-11 22:37:27.734 DEBUG User --- [           main] c.e.P.C.JwtAuthFilter                    : Filter 'jwtAuthFilter' configured for use
2025-02-11 22:37:32.080  INFO User --- [           main] c.e.P.PointageApplication                : Started PointageApplication in 6.84 seconds (process running for 7.547)
2025-02-11 22:38:48.166  INFO User --- [nio-8080-exec-7] c.e.P.M.Controller                       : Logout
2025-02-11 22:39:39.295  INFO User --- [           main] c.e.P.PointageApplication                : Starting PointageApplication using Java 19.0.2 with PID 25276 (C:\Users\Admin\Desktop\Postes de travail\Pointage_App\Pointage\target\classes started by Admin in C:\Users\Admin\Desktop\Postes de travail\Pointage_App\pointage)
2025-02-11 22:39:39.302 DEBUG User --- [           main] c.e.P.PointageApplication                : Running with Spring Boot v3.4.2, Spring v6.2.2
2025-02-11 22:39:39.303  INFO User --- [           main] c.e.P.PointageApplication                : No active profile set, falling back to 1 default profile: "default"
2025-02-11 22:39:41.213 DEBUG User --- [           main] c.e.P.C.JwtAuthFilter                    : Filter 'jwtAuthFilter' configured for use
2025-02-11 22:39:45.528  INFO User --- [           main] c.e.P.PointageApplication                : Started PointageApplication in 6.706 seconds (process running for 7.424)
2025-02-11 22:40:11.883  INFO User --- [           main] c.e.P.PointageApplication                : Starting PointageApplication using Java 19.0.2 with PID 4976 (C:\Users\Admin\Desktop\Postes de travail\Pointage_App\Pointage\target\classes started by Admin in C:\Users\Admin\Desktop\Postes de travail\Pointage_App\pointage)
2025-02-11 22:40:11.890 DEBUG User --- [           main] c.e.P.PointageApplication                : Running with Spring Boot v3.4.2, Spring v6.2.2
2025-02-11 22:40:11.891  INFO User --- [           main] c.e.P.PointageApplication                : No active profile set, falling back to 1 default profile: "default"
2025-02-11 22:40:13.851 DEBUG User --- [           main] c.e.P.C.JwtAuthFilter                    : Filter 'jwtAuthFilter' configured for use
2025-02-11 22:40:17.775  INFO User --- [           main] c.e.P.PointageApplication                : Started PointageApplication in 6.547 seconds (process running for 7.25)
2025-02-11 22:40:32.073  INFO User --- [           main] c.e.P.PointageApplication                : Starting PointageApplication using Java 19.0.2 with PID 23944 (C:\Users\Admin\Desktop\Postes de travail\Pointage_App\Pointage\target\classes started by Admin in C:\Users\Admin\Desktop\Postes de travail\Pointage_App\pointage)
2025-02-11 22:40:32.080 DEBUG User --- [           main] c.e.P.PointageApplication                : Running with Spring Boot v3.4.2, Spring v6.2.2
2025-02-11 22:40:32.081  INFO User --- [           main] c.e.P.PointageApplication                : No active profile set, falling back to 1 default profile: "default"
2025-02-11 22:40:34.005 DEBUG User --- [           main] c.e.P.C.JwtAuthFilter                    : Filter 'jwtAuthFilter' configured for use
2025-02-11 22:40:38.169  INFO User --- [           main] c.e.P.PointageApplication                : Started PointageApplication in 6.598 seconds (process running for 7.239)
2025-02-11 22:40:42.305  INFO User --- [nio-8080-exec-1] c.e.P.M.Controller                       : Logout
