2025-02-16 20:43:36.362  INFO User --- [           main] c.e.P.PointageApplication                : Starting PointageApplication using Java 19.0.2 with PID 4356 (C:\Users\Admin\Desktop\Postes de travail\Pointage_App\Pointage\target\classes started by Admin in C:\Users\Admin\Desktop\Postes de travail\Pointage_App\pointage)
2025-02-16 20:43:36.376 DEBUG User --- [           main] c.e.P.PointageApplication                : Running with Spring Boot v3.4.2, Spring v6.2.2
2025-02-16 20:43:36.376  INFO User --- [           main] c.e.P.PointageApplication                : No active profile set, falling back to 1 default profile: "default"
2025-02-16 20:43:38.567 DEBUG User --- [           main] c.e.P.C.JwtAuthFilter                    : Filter 'jwtAuthFilter' configured for use
2025-02-16 20:43:43.099  INFO User --- [           main] c.e.P.PointageApplication                : Started PointageApplication in 7.322 seconds (process running for 8.099)
2025-02-16 21:44:38.929  INFO User --- [           main] c.e.P.ControllerTest                     : Starting ControllerTest using Java 19.0.2 with PID 5032 (started by Admin in C:\Users\Admin\Desktop\Postes de travail\Pointage_App\Pointage)
2025-02-16 21:44:38.954 DEBUG User --- [           main] c.e.P.ControllerTest                     : Running with Spring Boot v3.4.2, Spring v6.2.2
2025-02-16 21:44:38.955  INFO User --- [           main] c.e.P.ControllerTest                     : No active profile set, falling back to 1 default profile: "default"
2025-02-16 21:44:45.421  INFO User --- [           main] c.e.P.ControllerTest                     : Started ControllerTest in 6.869 seconds (process running for 8.477)
2025-02-16 21:44:59.382  INFO User --- [           main] c.e.P.ControllerTest                     : Starting ControllerTest using Java 19.0.2 with PID 8080 (started by Admin in C:\Users\Admin\Desktop\Postes de travail\Pointage_App\Pointage)
2025-02-16 21:44:59.398 DEBUG User --- [           main] c.e.P.ControllerTest                     : Running with Spring Boot v3.4.2, Spring v6.2.2
2025-02-16 21:44:59.399  INFO User --- [           main] c.e.P.ControllerTest                     : No active profile set, falling back to 1 default profile: "default"
2025-02-16 21:45:04.682  INFO User --- [           main] c.e.P.ControllerTest                     : Started ControllerTest in 5.679 seconds (process running for 6.979)
2025-02-16 21:53:19.853  INFO User --- [           main] c.e.P.ControllerTest                     : Starting ControllerTest using Java 19.0.2 with PID 17488 (started by Admin in C:\Users\Admin\Desktop\Postes de travail\Pointage_App\Pointage)
2025-02-16 21:53:19.870 DEBUG User --- [           main] c.e.P.ControllerTest                     : Running with Spring Boot v3.4.2, Spring v6.2.2
2025-02-16 21:53:19.870  INFO User --- [           main] c.e.P.ControllerTest                     : No active profile set, falling back to 1 default profile: "default"
2025-02-16 21:53:26.413  INFO User --- [           main] c.e.P.ControllerTest                     : Started ControllerTest in 6.98 seconds (process running for 8.409)
2025-02-16 21:53:43.407  INFO User --- [           main] c.e.P.ControllerTest                     : Starting ControllerTest using Java 19.0.2 with PID 15728 (started by Admin in C:\Users\Admin\Desktop\Postes de travail\Pointage_App\Pointage)
2025-02-16 21:53:43.420 DEBUG User --- [           main] c.e.P.ControllerTest                     : Running with Spring Boot v3.4.2, Spring v6.2.2
2025-02-16 21:53:43.420  INFO User --- [           main] c.e.P.ControllerTest                     : No active profile set, falling back to 1 default profile: "default"
2025-02-16 21:53:48.862  INFO User --- [           main] c.e.P.ControllerTest                     : Started ControllerTest in 5.824 seconds (process running for 7.199)
2025-02-16 21:59:15.352  INFO User --- [           main] c.e.P.ControllerTest                     : Starting ControllerTest using Java 19.0.2 with PID 784 (started by Admin in C:\Users\Admin\Desktop\Postes de travail\Pointage_App\Pointage)
2025-02-16 21:59:15.370 DEBUG User --- [           main] c.e.P.ControllerTest                     : Running with Spring Boot v3.4.2, Spring v6.2.2
2025-02-16 21:59:15.373  INFO User --- [           main] c.e.P.ControllerTest                     : No active profile set, falling back to 1 default profile: "default"
2025-02-16 22:01:38.071  INFO User --- [           main] c.e.P.ControllerTest                     : Starting ControllerTest using Java 19.0.2 with PID 14672 (started by Admin in C:\Users\Admin\Desktop\Postes de travail\Pointage_App\Pointage)
2025-02-16 22:01:38.090 DEBUG User --- [           main] c.e.P.ControllerTest                     : Running with Spring Boot v3.4.2, Spring v6.2.2
2025-02-16 22:01:38.093  INFO User --- [           main] c.e.P.ControllerTest                     : No active profile set, falling back to 1 default profile: "default"
2025-02-16 22:02:59.929  INFO User --- [           main] c.e.P.ControllerTest                     : Starting ControllerTest using Java 19.0.2 with PID 9876 (started by Admin in C:\Users\Admin\Desktop\Postes de travail\Pointage_App\Pointage)
2025-02-16 22:02:59.946 DEBUG User --- [           main] c.e.P.ControllerTest                     : Running with Spring Boot v3.4.2, Spring v6.2.2
2025-02-16 22:02:59.948  INFO User --- [           main] c.e.P.ControllerTest                     : No active profile set, falling back to 1 default profile: "default"
2025-02-16 22:03:48.659  INFO User --- [           main] c.e.P.ControllerTest                     : Starting ControllerTest using Java 19.0.2 with PID 18164 (started by Admin in C:\Users\Admin\Desktop\Postes de travail\Pointage_App\Pointage)
2025-02-16 22:03:48.673 DEBUG User --- [           main] c.e.P.ControllerTest                     : Running with Spring Boot v3.4.2, Spring v6.2.2
2025-02-16 22:03:48.675  INFO User --- [           main] c.e.P.ControllerTest                     : No active profile set, falling back to 1 default profile: "default"
2025-02-16 22:06:51.405  INFO User --- [           main] c.e.P.ControllerTest                     : Starting ControllerTest using Java 19.0.2 with PID 9852 (started by Admin in C:\Users\Admin\Desktop\Postes de travail\Pointage_App\Pointage)
2025-02-16 22:06:51.423 DEBUG User --- [           main] c.e.P.ControllerTest                     : Running with Spring Boot v3.4.2, Spring v6.2.2
2025-02-16 22:06:51.427  INFO User --- [           main] c.e.P.ControllerTest                     : No active profile set, falling back to 1 default profile: "default"
2025-02-16 22:12:36.852  INFO User --- [           main] c.e.P.ControllerTest                     : Starting ControllerTest using Java 19.0.2 with PID 3392 (started by Admin in C:\Users\Admin\Desktop\Postes de travail\Pointage_App\Pointage)
2025-02-16 22:12:36.865 DEBUG User --- [           main] c.e.P.ControllerTest                     : Running with Spring Boot v3.4.2, Spring v6.2.2
2025-02-16 22:12:36.865  INFO User --- [           main] c.e.P.ControllerTest                     : No active profile set, falling back to 1 default profile: "default"
2025-02-16 22:17:23.575  INFO User --- [           main] c.e.P.ControllerTest                     : Starting ControllerTest using Java 19.0.2 with PID 14976 (started by Admin in C:\Users\Admin\Desktop\Postes de travail\Pointage_App\Pointage)
2025-02-16 22:17:23.596 DEBUG User --- [           main] c.e.P.ControllerTest                     : Running with Spring Boot v3.4.2, Spring v6.2.2
2025-02-16 22:17:23.596  INFO User --- [           main] c.e.P.ControllerTest                     : No active profile set, falling back to 1 default profile: "default"
2025-02-16 22:21:13.950  INFO User --- [           main] c.e.P.ControllerTest                     : Starting ControllerTest using Java 19.0.2 with PID 7316 (started by Admin in C:\Users\Admin\Desktop\Postes de travail\Pointage_App\Pointage)
2025-02-16 22:21:13.966 DEBUG User --- [           main] c.e.P.ControllerTest                     : Running with Spring Boot v3.4.2, Spring v6.2.2
2025-02-16 22:21:13.966  INFO User --- [           main] c.e.P.ControllerTest                     : No active profile set, falling back to 1 default profile: "default"
2025-02-16 22:21:16.180 DEBUG User --- [           main] c.e.P.C.JwtAuthFilter                    : Filter 'jwtAuthFilter' configured for use
2025-02-16 22:21:16.231  INFO User --- [           main] c.e.P.ControllerTest                     : Started ControllerTest in 2.741 seconds (process running for 5.004)
2025-02-16 22:21:20.473  INFO User --- [           main] c.e.P.ControllerTest                     : Starting ControllerTest using Java 19.0.2 with PID 20180 (started by Admin in C:\Users\Admin\Desktop\Postes de travail\Pointage_App\Pointage)
2025-02-16 22:21:20.485 DEBUG User --- [           main] c.e.P.ControllerTest                     : Running with Spring Boot v3.4.2, Spring v6.2.2
2025-02-16 22:21:20.487  INFO User --- [           main] c.e.P.ControllerTest                     : No active profile set, falling back to 1 default profile: "default"
2025-02-16 22:21:22.720 DEBUG User --- [           main] c.e.P.C.JwtAuthFilter                    : Filter 'jwtAuthFilter' configured for use
2025-02-16 22:21:22.777  INFO User --- [           main] c.e.P.ControllerTest                     : Started ControllerTest in 2.832 seconds (process running for 4.932)
2025-02-16 22:21:48.816  INFO User --- [           main] c.e.P.ControllerTest                     : Starting ControllerTest using Java 19.0.2 with PID 17076 (started by Admin in C:\Users\Admin\Desktop\Postes de travail\Pointage_App\Pointage)
2025-02-16 22:21:48.836 DEBUG User --- [           main] c.e.P.ControllerTest                     : Running with Spring Boot v3.4.2, Spring v6.2.2
2025-02-16 22:21:48.840  INFO User --- [           main] c.e.P.ControllerTest                     : No active profile set, falling back to 1 default profile: "default"
2025-02-16 22:22:46.981  INFO User --- [           main] c.e.P.ControllerTest                     : Starting ControllerTest using Java 19.0.2 with PID 11452 (started by Admin in C:\Users\Admin\Desktop\Postes de travail\Pointage_App\Pointage)
2025-02-16 22:22:46.981 DEBUG User --- [           main] c.e.P.ControllerTest                     : Running with Spring Boot v3.4.2, Spring v6.2.2
2025-02-16 22:22:46.981  INFO User --- [           main] c.e.P.ControllerTest                     : No active profile set, falling back to 1 default profile: "default"
2025-02-16 22:23:43.623  INFO User --- [           main] c.e.P.ControllerTest                     : Starting ControllerTest using Java 19.0.2 with PID 19888 (started by Admin in C:\Users\Admin\Desktop\Postes de travail\Pointage_App\Pointage)
2025-02-16 22:23:43.644 DEBUG User --- [           main] c.e.P.ControllerTest                     : Running with Spring Boot v3.4.2, Spring v6.2.2
2025-02-16 22:23:43.646  INFO User --- [           main] c.e.P.ControllerTest                     : No active profile set, falling back to 1 default profile: "default"
2025-02-16 22:23:50.123 DEBUG User --- [           main] c.e.P.C.JwtAuthFilter                    : Filter 'jwtAuthFilter' configured for use
2025-02-16 22:23:50.156  INFO User --- [           main] c.e.P.ControllerTest                     : Started ControllerTest in 6.968 seconds (process running for 8.595)
2025-02-16 22:23:57.608  INFO User --- [           main] c.e.P.ControllerTest                     : Starting ControllerTest using Java 19.0.2 with PID 18604 (started by Admin in C:\Users\Admin\Desktop\Postes de travail\Pointage_App\Pointage)
2025-02-16 22:23:57.618 DEBUG User --- [           main] c.e.P.ControllerTest                     : Running with Spring Boot v3.4.2, Spring v6.2.2
2025-02-16 22:23:57.620  INFO User --- [           main] c.e.P.ControllerTest                     : No active profile set, falling back to 1 default profile: "default"
2025-02-16 22:24:04.141 DEBUG User --- [           main] c.e.P.C.JwtAuthFilter                    : Filter 'jwtAuthFilter' configured for use
2025-02-16 22:24:04.175  INFO User --- [           main] c.e.P.ControllerTest                     : Started ControllerTest in 7.023 seconds (process running for 8.395)
2025-02-16 22:24:21.723  INFO User --- [           main] c.e.P.ControllerTest                     : Starting ControllerTest using Java 19.0.2 with PID 8156 (started by Admin in C:\Users\Admin\Desktop\Postes de travail\Pointage_App\Pointage)
2025-02-16 22:24:21.735 DEBUG User --- [           main] c.e.P.ControllerTest                     : Running with Spring Boot v3.4.2, Spring v6.2.2
2025-02-16 22:24:21.738  INFO User --- [           main] c.e.P.ControllerTest                     : No active profile set, falling back to 1 default profile: "default"
2025-02-16 22:24:28.146 DEBUG User --- [           main] c.e.P.C.JwtAuthFilter                    : Filter 'jwtAuthFilter' configured for use
2025-02-16 22:24:28.194  INFO User --- [           main] c.e.P.ControllerTest                     : Started ControllerTest in 6.906 seconds (process running for 8.253)
2025-02-16 22:26:35.153  INFO User --- [           main] c.e.P.ControllerTest                     : Starting ControllerTest using Java 19.0.2 with PID 1960 (started by Admin in C:\Users\Admin\Desktop\Postes de travail\Pointage_App\Pointage)
2025-02-16 22:26:35.166 DEBUG User --- [           main] c.e.P.ControllerTest                     : Running with Spring Boot v3.4.2, Spring v6.2.2
2025-02-16 22:26:35.168  INFO User --- [           main] c.e.P.ControllerTest                     : No active profile set, falling back to 1 default profile: "default"
2025-02-16 22:26:41.684 DEBUG User --- [           main] c.e.P.C.JwtAuthFilter                    : Filter 'jwtAuthFilter' configured for use
2025-02-16 22:26:41.744  INFO User --- [           main] c.e.P.ControllerTest                     : Started ControllerTest in 6.994 seconds (process running for 8.302)
2025-02-16 22:31:44.413  INFO User --- [           main] c.e.P.ControllerTest                     : Starting ControllerTest using Java 19.0.2 with PID 20128 (started by Admin in C:\Users\Admin\Desktop\Postes de travail\Pointage_App\Pointage)
2025-02-16 22:31:44.429 DEBUG User --- [           main] c.e.P.ControllerTest                     : Running with Spring Boot v3.4.2, Spring v6.2.2
2025-02-16 22:31:44.429  INFO User --- [           main] c.e.P.ControllerTest                     : No active profile set, falling back to 1 default profile: "default"
2025-02-16 22:31:52.822  INFO User --- [           main] c.e.P.ControllerTest                     : Starting ControllerTest using Java 19.0.2 with PID 15136 (started by Admin in C:\Users\Admin\Desktop\Postes de travail\Pointage_App\Pointage)
2025-02-16 22:31:52.838 DEBUG User --- [           main] c.e.P.ControllerTest                     : Running with Spring Boot v3.4.2, Spring v6.2.2
2025-02-16 22:31:52.840  INFO User --- [           main] c.e.P.ControllerTest                     : No active profile set, falling back to 1 default profile: "default"
2025-02-16 22:32:14.860  INFO User --- [           main] c.e.P.ControllerTest                     : Starting ControllerTest using Java 19.0.2 with PID 13820 (started by Admin in C:\Users\Admin\Desktop\Postes de travail\Pointage_App\Pointage)
2025-02-16 22:32:14.869 DEBUG User --- [           main] c.e.P.ControllerTest                     : Running with Spring Boot v3.4.2, Spring v6.2.2
2025-02-16 22:32:14.874  INFO User --- [           main] c.e.P.ControllerTest                     : No active profile set, falling back to 1 default profile: "default"
2025-02-16 22:32:20.643 DEBUG User --- [           main] c.e.P.C.JwtAuthFilter                    : Filter 'jwtAuthFilter' configured for use
2025-02-16 22:32:20.675  INFO User --- [           main] c.e.P.ControllerTest                     : Started ControllerTest in 6.223 seconds (process running for 7.54)
2025-02-16 22:40:49.279  INFO User --- [           main] c.e.P.ControllerTest                     : Starting ControllerTest using Java 19.0.2 with PID 20252 (started by Admin in C:\Users\Admin\Desktop\Postes de travail\Pointage_App\Pointage)
2025-02-16 22:40:49.290 DEBUG User --- [           main] c.e.P.ControllerTest                     : Running with Spring Boot v3.4.2, Spring v6.2.2
2025-02-16 22:40:49.292  INFO User --- [           main] c.e.P.ControllerTest                     : No active profile set, falling back to 1 default profile: "default"
2025-02-16 22:40:58.672  INFO User --- [           main] c.e.P.ControllerTest                     : Starting ControllerTest using Java 19.0.2 with PID 10304 (started by Admin in C:\Users\Admin\Desktop\Postes de travail\Pointage_App\Pointage)
2025-02-16 22:40:58.690 DEBUG User --- [           main] c.e.P.ControllerTest                     : Running with Spring Boot v3.4.2, Spring v6.2.2
2025-02-16 22:40:58.692  INFO User --- [           main] c.e.P.ControllerTest                     : No active profile set, falling back to 1 default profile: "default"
2025-02-16 22:45:47.773  INFO User --- [           main] c.e.P.ControllerTest                     : Starting ControllerTest using Java 19.0.2 with PID 19544 (started by Admin in C:\Users\Admin\Desktop\Postes de travail\Pointage_App\Pointage)
2025-02-16 22:45:47.788 DEBUG User --- [           main] c.e.P.ControllerTest                     : Running with Spring Boot v3.4.2, Spring v6.2.2
2025-02-16 22:45:47.788  INFO User --- [           main] c.e.P.ControllerTest                     : No active profile set, falling back to 1 default profile: "default"
2025-02-16 22:46:05.894  INFO User --- [           main] c.e.P.ControllerTest                     : Starting ControllerTest using Java 19.0.2 with PID 4536 (started by Admin in C:\Users\Admin\Desktop\Postes de travail\Pointage_App\Pointage)
2025-02-16 22:46:05.910 DEBUG User --- [           main] c.e.P.ControllerTest                     : Running with Spring Boot v3.4.2, Spring v6.2.2
2025-02-16 22:46:05.910  INFO User --- [           main] c.e.P.ControllerTest                     : No active profile set, falling back to 1 default profile: "default"
2025-02-16 22:46:32.991  INFO User --- [           main] c.e.P.ControllerTest                     : Starting ControllerTest using Java 19.0.2 with PID 14672 (started by Admin in C:\Users\Admin\Desktop\Postes de travail\Pointage_App\Pointage)
2025-02-16 22:46:33.001 DEBUG User --- [           main] c.e.P.ControllerTest                     : Running with Spring Boot v3.4.2, Spring v6.2.2
2025-02-16 22:46:33.003  INFO User --- [           main] c.e.P.ControllerTest                     : No active profile set, falling back to 1 default profile: "default"
2025-02-16 22:55:50.916  INFO User --- [           main] c.e.P.EmployeeRepositoryTest             : Starting EmployeeRepositoryTest using Java 19.0.2 with PID 16736 (started by Admin in C:\Users\Admin\Desktop\Postes de travail\Pointage_App\Pointage)
2025-02-16 22:55:50.932 DEBUG User --- [           main] c.e.P.EmployeeRepositoryTest             : Running with Spring Boot v3.4.2, Spring v6.2.2
2025-02-16 22:55:50.933  INFO User --- [           main] c.e.P.EmployeeRepositoryTest             : No active profile set, falling back to 1 default profile: "default"
2025-02-16 22:55:55.909  INFO User --- [           main] c.e.P.EmployeeRepositoryTest             : Started EmployeeRepositoryTest in 5.894 seconds (process running for 7.393)
2025-02-16 22:55:57.090  INFO User --- [           main] c.e.P.EmployeeRepositoryTest             : Ajouter un employee
2025-02-16 22:55:57.186  INFO User --- [           main] c.e.P.EmployeeRepositoryTest             : Un seumle employee
2025-02-16 22:55:57.270  INFO User --- [           main] c.e.P.EmployeeRepositoryTest             : Liste des employees
2025-02-16 22:55:57.282  INFO User --- [           main] c.e.P.EmployeeRepositoryTest             : Modification de l'utilisateur
2025-02-16 22:55:57.371  INFO User --- [           main] c.e.P.EmployeeRepositoryTest             : Recherche par date
2025-02-16 22:55:57.390  INFO User --- [           main] c.e.P.EmployeeRepositoryTest             : Employee est supprimé
2025-02-16 22:55:57.557  INFO User --- [           main] c.e.P.PointageApplicationTests           : Starting PointageApplicationTests using Java 19.0.2 with PID 16736 (started by Admin in C:\Users\Admin\Desktop\Postes de travail\Pointage_App\Pointage)
2025-02-16 22:55:57.559 DEBUG User --- [           main] c.e.P.PointageApplicationTests           : Running with Spring Boot v3.4.2, Spring v6.2.2
2025-02-16 22:55:57.559  INFO User --- [           main] c.e.P.PointageApplicationTests           : No active profile set, falling back to 1 default profile: "default"
2025-02-16 22:56:01.555  INFO User --- [           main] c.e.P.PointageApplicationTests           : Started PointageApplicationTests in 4.064 seconds (process running for 13.04)
2025-02-16 22:56:02.404  INFO User --- [           main] c.e.P.ControllerTest                     : Starting ControllerTest using Java 19.0.2 with PID 16736 (started by Admin in C:\Users\Admin\Desktop\Postes de travail\Pointage_App\Pointage)
2025-02-16 22:56:02.406 DEBUG User --- [           main] c.e.P.ControllerTest                     : Running with Spring Boot v3.4.2, Spring v6.2.2
2025-02-16 22:56:02.406  INFO User --- [           main] c.e.P.ControllerTest                     : No active profile set, falling back to 1 default profile: "default"
2025-02-16 22:56:08.973  INFO User --- [           main] c.e.P.EmployeeRepositoryTest             : Starting EmployeeRepositoryTest using Java 19.0.2 with PID 12668 (started by Admin in C:\Users\Admin\Desktop\Postes de travail\Pointage_App\Pointage)
2025-02-16 22:56:08.991 DEBUG User --- [           main] c.e.P.EmployeeRepositoryTest             : Running with Spring Boot v3.4.2, Spring v6.2.2
2025-02-16 22:56:08.993  INFO User --- [           main] c.e.P.EmployeeRepositoryTest             : No active profile set, falling back to 1 default profile: "default"
2025-02-16 22:56:13.007  INFO User --- [           main] c.e.P.EmployeeRepositoryTest             : Started EmployeeRepositoryTest in 4.533 seconds (process running for 5.846)
2025-02-16 22:56:13.648  INFO User --- [           main] c.e.P.EmployeeRepositoryTest             : Ajouter un employee
2025-02-16 22:56:13.711  INFO User --- [           main] c.e.P.EmployeeRepositoryTest             : Un seumle employee
2025-02-16 22:56:13.774  INFO User --- [           main] c.e.P.EmployeeRepositoryTest             : Liste des employees
2025-02-16 22:56:13.798  INFO User --- [           main] c.e.P.EmployeeRepositoryTest             : Modification de l'utilisateur
2025-02-16 22:56:13.925  INFO User --- [           main] c.e.P.EmployeeRepositoryTest             : Recherche par date
2025-02-16 22:56:13.941  INFO User --- [           main] c.e.P.EmployeeRepositoryTest             : Employee est supprimé
2025-02-16 22:56:14.032  INFO User --- [           main] c.e.P.PointageApplicationTests           : Starting PointageApplicationTests using Java 19.0.2 with PID 12668 (started by Admin in C:\Users\Admin\Desktop\Postes de travail\Pointage_App\Pointage)
2025-02-16 22:56:14.032 DEBUG User --- [           main] c.e.P.PointageApplicationTests           : Running with Spring Boot v3.4.2, Spring v6.2.2
2025-02-16 22:56:14.032  INFO User --- [           main] c.e.P.PointageApplicationTests           : No active profile set, falling back to 1 default profile: "default"
2025-02-16 22:56:17.127  INFO User --- [           main] c.e.P.PointageApplicationTests           : Started PointageApplicationTests in 3.147 seconds (process running for 9.972)
2025-02-16 22:57:19.480  INFO User --- [           main] c.e.P.EmployeeRepositoryTest             : Starting EmployeeRepositoryTest using Java 19.0.2 with PID 4276 (started by Admin in C:\Users\Admin\Desktop\Postes de travail\Pointage_App\Pointage)
2025-02-16 22:57:19.480 DEBUG User --- [           main] c.e.P.EmployeeRepositoryTest             : Running with Spring Boot v3.4.2, Spring v6.2.2
2025-02-16 22:57:19.480  INFO User --- [           main] c.e.P.EmployeeRepositoryTest             : No active profile set, falling back to 1 default profile: "default"
2025-02-16 22:57:22.444  INFO User --- [           main] c.e.P.EmployeeRepositoryTest             : Started EmployeeRepositoryTest in 3.342 seconds (process running for 9.021)
2025-02-16 22:57:22.658  INFO User --- [           main] c.e.P.EmployeeRepositoryTest             : Ajouter un employee
2025-02-16 22:57:22.725  INFO User --- [           main] c.e.P.EmployeeRepositoryTest             : Un seumle employee
2025-02-16 22:57:22.777  INFO User --- [           main] c.e.P.EmployeeRepositoryTest             : Liste des employees
2025-02-16 22:57:22.787  INFO User --- [           main] c.e.P.EmployeeRepositoryTest             : Modification de l'utilisateur
2025-02-16 22:57:22.816  INFO User --- [           main] c.e.P.EmployeeRepositoryTest             : Recherche par date
2025-02-16 22:57:22.829  INFO User --- [           main] c.e.P.EmployeeRepositoryTest             : Employee est supprimé
2025-02-16 22:57:22.919  INFO User --- [           main] c.e.P.PointageApplicationTests           : Starting PointageApplicationTests using Java 19.0.2 with PID 4276 (started by Admin in C:\Users\Admin\Desktop\Postes de travail\Pointage_App\Pointage)
2025-02-16 22:57:22.920 DEBUG User --- [           main] c.e.P.PointageApplicationTests           : Running with Spring Boot v3.4.2, Spring v6.2.2
2025-02-16 22:57:22.920  INFO User --- [           main] c.e.P.PointageApplicationTests           : No active profile set, falling back to 1 default profile: "default"
2025-02-16 22:57:25.635  INFO User --- [           main] c.e.P.PointageApplicationTests           : Started PointageApplicationTests in 2.761 seconds (process running for 12.212)
2025-02-16 22:57:51.232  INFO User --- [           main] c.e.P.EmployeeRepositoryTest             : Starting EmployeeRepositoryTest using Java 19.0.2 with PID 13820 (started by Admin in C:\Users\Admin\Desktop\Postes de travail\Pointage_App\Pointage)
2025-02-16 22:57:51.248 DEBUG User --- [           main] c.e.P.EmployeeRepositoryTest             : Running with Spring Boot v3.4.2, Spring v6.2.2
2025-02-16 22:57:51.252  INFO User --- [           main] c.e.P.EmployeeRepositoryTest             : No active profile set, falling back to 1 default profile: "default"
2025-02-16 22:57:55.767  INFO User --- [           main] c.e.P.EmployeeRepositoryTest             : Started EmployeeRepositoryTest in 5.059 seconds (process running for 6.74)
2025-02-16 22:57:56.478  INFO User --- [           main] c.e.P.EmployeeRepositoryTest             : Ajouter un employee
2025-02-16 22:57:56.550  INFO User --- [           main] c.e.P.EmployeeRepositoryTest             : Un seumle employee
2025-02-16 22:57:56.644  INFO User --- [           main] c.e.P.EmployeeRepositoryTest             : Liste des employees
2025-02-16 22:57:56.678  INFO User --- [           main] c.e.P.EmployeeRepositoryTest             : Modification de l'utilisateur
2025-02-16 22:57:56.757  INFO User --- [           main] c.e.P.EmployeeRepositoryTest             : Recherche par date
2025-02-16 22:57:56.766  INFO User --- [           main] c.e.P.EmployeeRepositoryTest             : Employee est supprimé
2025-02-16 22:57:56.902  INFO User --- [           main] c.e.P.PointageApplicationTests           : Starting PointageApplicationTests using Java 19.0.2 with PID 13820 (started by Admin in C:\Users\Admin\Desktop\Postes de travail\Pointage_App\Pointage)
2025-02-16 22:57:56.902 DEBUG User --- [           main] c.e.P.PointageApplicationTests           : Running with Spring Boot v3.4.2, Spring v6.2.2
2025-02-16 22:57:56.902  INFO User --- [           main] c.e.P.PointageApplicationTests           : No active profile set, falling back to 1 default profile: "default"
2025-02-16 22:58:00.783  INFO User --- [           main] c.e.P.PointageApplicationTests           : Started PointageApplicationTests in 3.96 seconds (process running for 11.756)
2025-02-16 22:58:19.386  INFO User --- [           main] c.e.P.EmployeeRepositoryTest             : Starting EmployeeRepositoryTest using Java 19.0.2 with PID 13104 (started by Admin in C:\Users\Admin\Desktop\Postes de travail\Pointage_App\Pointage)
2025-02-16 22:58:19.397 DEBUG User --- [           main] c.e.P.EmployeeRepositoryTest             : Running with Spring Boot v3.4.2, Spring v6.2.2
2025-02-16 22:58:19.405  INFO User --- [           main] c.e.P.EmployeeRepositoryTest             : No active profile set, falling back to 1 default profile: "default"
2025-02-16 22:58:22.303  INFO User --- [           main] c.e.P.EmployeeRepositoryTest             : Started EmployeeRepositoryTest in 3.286 seconds (process running for 8.569)
2025-02-16 22:58:22.546  INFO User --- [           main] c.e.P.EmployeeRepositoryTest             : Ajouter un employee
2025-02-16 22:58:22.610  INFO User --- [           main] c.e.P.EmployeeRepositoryTest             : Un seumle employee
2025-02-16 22:58:22.659  INFO User --- [           main] c.e.P.EmployeeRepositoryTest             : Liste des employees
2025-02-16 22:58:22.671  INFO User --- [           main] c.e.P.EmployeeRepositoryTest             : Modification de l'utilisateur
2025-02-16 22:58:22.702  INFO User --- [           main] c.e.P.EmployeeRepositoryTest             : Recherche par date
2025-02-16 22:58:22.723  INFO User --- [           main] c.e.P.EmployeeRepositoryTest             : Employee est supprimé
2025-02-16 22:58:22.808  INFO User --- [           main] c.e.P.PointageApplicationTests           : Starting PointageApplicationTests using Java 19.0.2 with PID 13104 (started by Admin in C:\Users\Admin\Desktop\Postes de travail\Pointage_App\Pointage)
2025-02-16 22:58:22.809 DEBUG User --- [           main] c.e.P.PointageApplicationTests           : Running with Spring Boot v3.4.2, Spring v6.2.2
2025-02-16 22:58:22.809  INFO User --- [           main] c.e.P.PointageApplicationTests           : No active profile set, falling back to 1 default profile: "default"
2025-02-16 22:58:25.355  INFO User --- [           main] c.e.P.PointageApplicationTests           : Started PointageApplicationTests in 2.591 seconds (process running for 11.622)
2025-02-16 22:58:49.765  INFO User --- [           main] c.e.P.EmployeeRepositoryTest             : Starting EmployeeRepositoryTest using Java 19.0.2 with PID 16208 (started by Admin in C:\Users\Admin\Desktop\Postes de travail\Pointage_App\Pointage)
2025-02-16 22:58:49.778 DEBUG User --- [           main] c.e.P.EmployeeRepositoryTest             : Running with Spring Boot v3.4.2, Spring v6.2.2
2025-02-16 22:58:49.778  INFO User --- [           main] c.e.P.EmployeeRepositoryTest             : No active profile set, falling back to 1 default profile: "default"
2025-02-16 22:58:53.858  INFO User --- [           main] c.e.P.EmployeeRepositoryTest             : Started EmployeeRepositoryTest in 4.691 seconds (process running for 6.38)
2025-02-16 22:58:54.593  INFO User --- [           main] c.e.P.EmployeeRepositoryTest             : Ajouter un employee
2025-02-16 22:58:54.676  INFO User --- [           main] c.e.P.EmployeeRepositoryTest             : Un seumle employee
2025-02-16 22:58:54.755  INFO User --- [           main] c.e.P.EmployeeRepositoryTest             : Liste des employees
2025-02-16 22:58:54.771  INFO User --- [           main] c.e.P.EmployeeRepositoryTest             : Modification de l'utilisateur
2025-02-16 22:58:54.808  INFO User --- [           main] c.e.P.EmployeeRepositoryTest             : Recherche par date
2025-02-16 22:58:54.835  INFO User --- [           main] c.e.P.EmployeeRepositoryTest             : Employee est supprimé
2025-02-16 22:58:54.905  INFO User --- [           main] c.e.P.PointageApplicationTests           : Starting PointageApplicationTests using Java 19.0.2 with PID 16208 (started by Admin in C:\Users\Admin\Desktop\Postes de travail\Pointage_App\Pointage)
2025-02-16 22:58:54.908 DEBUG User --- [           main] c.e.P.PointageApplicationTests           : Running with Spring Boot v3.4.2, Spring v6.2.2
2025-02-16 22:58:54.908  INFO User --- [           main] c.e.P.PointageApplicationTests           : No active profile set, falling back to 1 default profile: "default"
2025-02-16 22:58:58.235  INFO User --- [           main] c.e.P.PointageApplicationTests           : Started PointageApplicationTests in 3.359 seconds (process running for 10.752)
