2025-02-13 11:57:43.730  INFO User --- [           main] c.e.P.PointageApplication                : Starting PointageApplication using Java 19.0.2 with PID 17576 (C:\Users\Admin\Desktop\Postes de travail\Pointage_App\Pointage\target\classes started by Admin in C:\Users\Admin\Desktop\Postes de travail\Pointage_App\pointage)
2025-02-13 11:57:43.730 DEBUG User --- [           main] c.e.P.PointageApplication                : Running with Spring Boot v3.4.2, Spring v6.2.2
2025-02-13 11:57:43.730  INFO User --- [           main] c.e.P.PointageApplication                : No active profile set, falling back to 1 default profile: "default"
2025-02-13 11:57:45.582 DEBUG User --- [           main] c.e.P.C.JwtAuthFilter                    : Filter 'jwtAuthFilter' configured for use
2025-02-13 11:57:49.646  INFO User --- [           main] c.e.P.PointageApplication                : Started PointageApplication in 6.337 seconds (process running for 6.899)
2025-02-13 12:04:43.295  INFO User --- [           main] c.e.P.PointageApplication                : Starting PointageApplication using Java 19.0.2 with PID 11456 (C:\Users\Admin\Desktop\Postes de travail\Pointage_App\Pointage\target\classes started by Admin in C:\Users\Admin\Desktop\Postes de travail\Pointage_App\pointage)
2025-02-13 12:04:43.306 DEBUG User --- [           main] c.e.P.PointageApplication                : Running with Spring Boot v3.4.2, Spring v6.2.2
2025-02-13 12:04:43.308  INFO User --- [           main] c.e.P.PointageApplication                : No active profile set, falling back to 1 default profile: "default"
2025-02-13 12:04:45.160 DEBUG User --- [           main] c.e.P.C.JwtAuthFilter                    : Filter 'jwtAuthFilter' configured for use
2025-02-13 12:04:49.214  INFO User --- [           main] c.e.P.PointageApplication                : Started PointageApplication in 6.339 seconds (process running for 6.872)
2025-02-13 12:10:55.143  INFO User --- [           main] c.e.P.PointageApplication                : Starting PointageApplication using Java 19.0.2 with PID 11524 (C:\Users\Admin\Desktop\Postes de travail\Pointage_App\Pointage\target\classes started by Admin in C:\Users\Admin\Desktop\Postes de travail\Pointage_App\pointage)
2025-02-13 12:10:55.153 DEBUG User --- [           main] c.e.P.PointageApplication                : Running with Spring Boot v3.4.2, Spring v6.2.2
2025-02-13 12:10:55.155  INFO User --- [           main] c.e.P.PointageApplication                : No active profile set, falling back to 1 default profile: "default"
2025-02-13 12:10:56.733 DEBUG User --- [           main] c.e.P.C.JwtAuthFilter                    : Filter 'jwtAuthFilter' configured for use
2025-02-13 12:11:00.552  INFO User --- [           main] c.e.P.PointageApplication                : Started PointageApplication in 5.86 seconds (process running for 6.354)
2025-02-13 12:11:45.231  INFO User --- [nio-8080-exec-9] c.e.P.M.Controller                       : Logout
2025-02-13 12:16:35.783  INFO User --- [           main] c.e.P.PointageApplication                : Starting PointageApplication using Java 19.0.2 with PID 9984 (C:\Users\Admin\Desktop\Postes de travail\Pointage_App\Pointage\target\classes started by Admin in C:\Users\Admin\Desktop\Postes de travail\Pointage_App\pointage)
2025-02-13 12:16:35.789 DEBUG User --- [           main] c.e.P.PointageApplication                : Running with Spring Boot v3.4.2, Spring v6.2.2
2025-02-13 12:16:35.790  INFO User --- [           main] c.e.P.PointageApplication                : No active profile set, falling back to 1 default profile: "default"
2025-02-13 12:16:37.236 DEBUG User --- [           main] c.e.P.C.JwtAuthFilter                    : Filter 'jwtAuthFilter' configured for use
2025-02-13 12:16:40.671  INFO User --- [           main] c.e.P.PointageApplication                : Started PointageApplication in 5.338 seconds (process running for 5.856)
2025-02-13 12:20:23.365  INFO User --- [           main] c.e.P.PointageApplication                : Starting PointageApplication using Java 19.0.2 with PID 9584 (C:\Users\Admin\Desktop\Postes de travail\Pointage_App\Pointage\target\classes started by Admin in C:\Users\Admin\Desktop\Postes de travail\Pointage_App\pointage)
2025-02-13 12:20:23.371 DEBUG User --- [           main] c.e.P.PointageApplication                : Running with Spring Boot v3.4.2, Spring v6.2.2
2025-02-13 12:20:23.374  INFO User --- [           main] c.e.P.PointageApplication                : No active profile set, falling back to 1 default profile: "default"
2025-02-13 12:20:25.060 DEBUG User --- [           main] c.e.P.C.JwtAuthFilter                    : Filter 'jwtAuthFilter' configured for use
2025-02-13 12:20:29.408  INFO User --- [           main] c.e.P.PointageApplication                : Started PointageApplication in 6.592 seconds (process running for 7.155)
2025-02-13 12:20:55.690  INFO User --- [           main] c.e.P.PointageApplication                : Starting PointageApplication using Java 19.0.2 with PID 16320 (C:\Users\Admin\Desktop\Postes de travail\Pointage_App\Pointage\target\classes started by Admin in C:\Users\Admin\Desktop\Postes de travail\Pointage_App\pointage)
2025-02-13 12:20:55.697 DEBUG User --- [           main] c.e.P.PointageApplication                : Running with Spring Boot v3.4.2, Spring v6.2.2
2025-02-13 12:20:55.697  INFO User --- [           main] c.e.P.PointageApplication                : No active profile set, falling back to 1 default profile: "default"
2025-02-13 12:20:57.306 DEBUG User --- [           main] c.e.P.C.JwtAuthFilter                    : Filter 'jwtAuthFilter' configured for use
2025-02-13 12:21:01.349  INFO User --- [           main] c.e.P.PointageApplication                : Started PointageApplication in 6.125 seconds (process running for 6.672)
2025-02-13 12:21:02.812  INFO User --- [nio-8080-exec-1] c.e.P.M.Controller                       : Logout
2025-02-13 12:22:45.759  INFO User --- [           main] c.e.P.PointageApplication                : Starting PointageApplication using Java 19.0.2 with PID 23312 (C:\Users\Admin\Desktop\Postes de travail\Pointage_App\Pointage\target\classes started by Admin in C:\Users\Admin\Desktop\Postes de travail\Pointage_App\pointage)
2025-02-13 12:22:45.759 DEBUG User --- [           main] c.e.P.PointageApplication                : Running with Spring Boot v3.4.2, Spring v6.2.2
2025-02-13 12:22:45.759  INFO User --- [           main] c.e.P.PointageApplication                : No active profile set, falling back to 1 default profile: "default"
2025-02-13 12:22:47.441 DEBUG User --- [           main] c.e.P.C.JwtAuthFilter                    : Filter 'jwtAuthFilter' configured for use
2025-02-13 12:22:50.981  INFO User --- [           main] c.e.P.PointageApplication                : Started PointageApplication in 5.623 seconds (process running for 6.117)
2025-02-13 14:06:37.758  INFO User --- [nio-8080-exec-5] c.e.P.M.Controller                       : Logout
2025-02-13 14:36:13.924  INFO User --- [nio-8080-exec-5] c.e.P.M.Controller                       : Logout
2025-02-13 14:37:05.741  INFO User --- [io-8080-exec-10] c.e.P.M.Controller                       : Logout
2025-02-13 15:30:46.676  INFO User --- [           main] c.e.P.PointageApplication                : Starting PointageApplication using Java 19.0.2 with PID 14388 (C:\Users\Admin\Desktop\Postes de travail\Pointage_App\Pointage\target\classes started by Admin in C:\Users\Admin\Desktop\Postes de travail\Pointage_App\pointage)
2025-02-13 15:30:46.684 DEBUG User --- [           main] c.e.P.PointageApplication                : Running with Spring Boot v3.4.2, Spring v6.2.2
2025-02-13 15:30:46.686  INFO User --- [           main] c.e.P.PointageApplication                : No active profile set, falling back to 1 default profile: "default"
2025-02-13 15:30:48.658 DEBUG User --- [           main] c.e.P.C.JwtAuthFilter                    : Filter 'jwtAuthFilter' configured for use
2025-02-13 15:30:53.221  INFO User --- [           main] c.e.P.PointageApplication                : Started PointageApplication in 6.963 seconds (process running for 7.486)
