2025-02-12 09:03:27.878  INFO User --- [           main] c.e.P.PointageApplication                : Starting PointageApplication using Java 19.0.2 with PID 23388 (C:\Users\Admin\Desktop\Postes de travail\Pointage_App\Pointage\target\classes started by Admin in C:\Users\Admin\Desktop\Postes de travail\Pointage_App\pointage)
2025-02-12 09:03:27.896 DEBUG User --- [           main] c.e.P.PointageApplication                : Running with Spring Boot v3.4.2, Spring v6.2.2
2025-02-12 09:03:27.896  INFO User --- [           main] c.e.P.PointageApplication                : No active profile set, falling back to 1 default profile: "default"
2025-02-12 09:03:31.103 DEBUG User --- [           main] c.e.P.C.JwtAuthFilter                    : Filter 'jwtAuthFilter' configured for use
2025-02-12 09:03:37.649  INFO User --- [           main] c.e.P.PointageApplication                : Started PointageApplication in 10.483 seconds (process running for 11.334)
2025-02-12 09:08:18.612  INFO User --- [           main] c.e.P.PointageApplicationTests           : Starting PointageApplicationTests using Java 19.0.2 with PID 17448 (started by Admin in C:\Users\Admin\Desktop\Postes de travail\Pointage_App\Pointage)
2025-02-12 09:08:18.622 DEBUG User --- [           main] c.e.P.PointageApplicationTests           : Running with Spring Boot v3.4.2, Spring v6.2.2
2025-02-12 09:08:18.624  INFO User --- [           main] c.e.P.PointageApplicationTests           : No active profile set, falling back to 1 default profile: "default"
2025-02-12 09:08:25.298  INFO User --- [           main] c.e.P.PointageApplicationTests           : Started PointageApplicationTests in 7.114 seconds (process running for 13.477)
2025-02-12 09:08:25.431  INFO User --- [           main] c.e.P.EmployeeRepositoryTest             : Starting EmployeeRepositoryTest using Java 19.0.2 with PID 17448 (started by Admin in C:\Users\Admin\Desktop\Postes de travail\Pointage_App\Pointage)
2025-02-12 09:08:25.432 DEBUG User --- [           main] c.e.P.EmployeeRepositoryTest             : Running with Spring Boot v3.4.2, Spring v6.2.2
2025-02-12 09:08:25.432  INFO User --- [           main] c.e.P.EmployeeRepositoryTest             : No active profile set, falling back to 1 default profile: "default"
2025-02-12 09:08:26.146  INFO User --- [           main] c.e.P.EmployeeRepositoryTest             : Started EmployeeRepositoryTest in 0.749 seconds (process running for 14.325)
2025-02-12 09:08:26.494  INFO User --- [           main] c.e.P.EmployeeRepositoryTest             : Ajouter un employee
2025-02-12 09:08:26.607  INFO User --- [           main] c.e.P.EmployeeRepositoryTest             : Un seumle employee
2025-02-12 09:08:26.702  INFO User --- [           main] c.e.P.EmployeeRepositoryTest             : Liste des employees
2025-02-12 09:08:26.719  INFO User --- [           main] c.e.P.EmployeeRepositoryTest             : Modification de l'utilisateur
2025-02-12 09:08:26.765  INFO User --- [           main] c.e.P.EmployeeRepositoryTest             : Recherche par date
2025-02-12 09:08:26.782  INFO User --- [           main] c.e.P.EmployeeRepositoryTest             : Employee est supprimé
2025-02-12 09:10:15.041  INFO User --- [           main] c.e.P.PointageApplicationTests           : Starting PointageApplicationTests using Java 19.0.2 with PID 10456 (started by Admin in C:\Users\Admin\Desktop\Postes de travail\Pointage_App\Pointage)
2025-02-12 09:10:15.058 DEBUG User --- [           main] c.e.P.PointageApplicationTests           : Running with Spring Boot v3.4.2, Spring v6.2.2
2025-02-12 09:10:15.058  INFO User --- [           main] c.e.P.PointageApplicationTests           : No active profile set, falling back to 1 default profile: "default"
2025-02-12 09:10:21.673  INFO User --- [           main] c.e.P.PointageApplicationTests           : Started PointageApplicationTests in 7.098 seconds (process running for 12.329)
2025-02-12 09:10:21.849  INFO User --- [           main] c.e.P.EmployeeRepositoryTest             : Starting EmployeeRepositoryTest using Java 19.0.2 with PID 10456 (started by Admin in C:\Users\Admin\Desktop\Postes de travail\Pointage_App\Pointage)
2025-02-12 09:10:21.851 DEBUG User --- [           main] c.e.P.EmployeeRepositoryTest             : Running with Spring Boot v3.4.2, Spring v6.2.2
2025-02-12 09:10:21.852  INFO User --- [           main] c.e.P.EmployeeRepositoryTest             : No active profile set, falling back to 1 default profile: "default"
2025-02-12 09:10:22.771  INFO User --- [           main] c.e.P.EmployeeRepositoryTest             : Started EmployeeRepositoryTest in 0.976 seconds (process running for 13.43)
2025-02-12 09:10:23.138  INFO User --- [           main] c.e.P.EmployeeRepositoryTest             : Ajouter un employee
2025-02-12 09:10:23.222  INFO User --- [           main] c.e.P.EmployeeRepositoryTest             : Un seumle employee
2025-02-12 09:10:23.321  INFO User --- [           main] c.e.P.EmployeeRepositoryTest             : Liste des employees
2025-02-12 09:10:23.342  INFO User --- [           main] c.e.P.EmployeeRepositoryTest             : Modification de l'utilisateur
2025-02-12 09:10:23.397  INFO User --- [           main] c.e.P.EmployeeRepositoryTest             : Recherche par date
2025-02-12 09:10:23.423  INFO User --- [           main] c.e.P.EmployeeRepositoryTest             : Employee est supprimé
2025-02-12 09:10:52.527  INFO User --- [           main] c.e.P.PointageApplicationTests           : Starting PointageApplicationTests using Java 19.0.2 with PID 21220 (started by Admin in C:\Users\Admin\Desktop\Postes de travail\Pointage_App\Pointage)
2025-02-12 09:10:52.543 DEBUG User --- [           main] c.e.P.PointageApplicationTests           : Running with Spring Boot v3.4.2, Spring v6.2.2
2025-02-12 09:10:52.560  INFO User --- [           main] c.e.P.PointageApplicationTests           : No active profile set, falling back to 1 default profile: "default"
2025-02-12 09:11:00.677  INFO User --- [           main] c.e.P.PointageApplicationTests           : Started PointageApplicationTests in 8.965 seconds (process running for 20.859)
2025-02-12 09:11:00.860  INFO User --- [           main] c.e.P.EmployeeRepositoryTest             : Starting EmployeeRepositoryTest using Java 19.0.2 with PID 21220 (started by Admin in C:\Users\Admin\Desktop\Postes de travail\Pointage_App\Pointage)
2025-02-12 09:11:00.860 DEBUG User --- [           main] c.e.P.EmployeeRepositoryTest             : Running with Spring Boot v3.4.2, Spring v6.2.2
2025-02-12 09:11:00.860  INFO User --- [           main] c.e.P.EmployeeRepositoryTest             : No active profile set, falling back to 1 default profile: "default"
2025-02-12 09:11:02.091  INFO User --- [           main] c.e.P.EmployeeRepositoryTest             : Started EmployeeRepositoryTest in 1.283 seconds (process running for 22.269)
2025-02-12 09:11:02.421  INFO User --- [           main] c.e.P.EmployeeRepositoryTest             : Ajouter un employee
2025-02-12 09:11:02.507  INFO User --- [           main] c.e.P.EmployeeRepositoryTest             : Un seumle employee
2025-02-12 09:11:02.607  INFO User --- [           main] c.e.P.EmployeeRepositoryTest             : Liste des employees
2025-02-12 09:11:02.631  INFO User --- [           main] c.e.P.EmployeeRepositoryTest             : Modification de l'utilisateur
2025-02-12 09:11:02.680  INFO User --- [           main] c.e.P.EmployeeRepositoryTest             : Recherche par date
2025-02-12 09:11:02.692  INFO User --- [           main] c.e.P.EmployeeRepositoryTest             : Employee est supprimé
2025-02-12 09:19:42.488  INFO User --- [           main] c.e.P.PointageApplicationTests           : Starting PointageApplicationTests using Java 19.0.2 with PID 22280 (started by Admin in C:\Users\Admin\Desktop\Postes de travail\Pointage_App\Pointage)
2025-02-12 09:19:42.508 DEBUG User --- [           main] c.e.P.PointageApplicationTests           : Running with Spring Boot v3.4.2, Spring v6.2.2
2025-02-12 09:19:42.508  INFO User --- [           main] c.e.P.PointageApplicationTests           : No active profile set, falling back to 1 default profile: "default"
2025-02-12 09:19:47.621  INFO User --- [           main] c.e.P.PointageApplicationTests           : Started PointageApplicationTests in 5.417 seconds (process running for 9.765)
2025-02-12 09:19:47.754  INFO User --- [           main] c.e.P.EmployeeRepositoryTest             : Starting EmployeeRepositoryTest using Java 19.0.2 with PID 22280 (started by Admin in C:\Users\Admin\Desktop\Postes de travail\Pointage_App\Pointage)
2025-02-12 09:19:47.754 DEBUG User --- [           main] c.e.P.EmployeeRepositoryTest             : Running with Spring Boot v3.4.2, Spring v6.2.2
2025-02-12 09:19:47.754  INFO User --- [           main] c.e.P.EmployeeRepositoryTest             : No active profile set, falling back to 1 default profile: "default"
2025-02-12 09:19:48.476  INFO User --- [           main] c.e.P.EmployeeRepositoryTest             : Started EmployeeRepositoryTest in 0.755 seconds (process running for 10.619)
2025-02-12 09:19:48.754  INFO User --- [           main] c.e.P.EmployeeRepositoryTest             : Ajouter un employee
2025-02-12 09:19:48.806  INFO User --- [           main] c.e.P.EmployeeRepositoryTest             : Un seumle employee
2025-02-12 09:19:48.872  INFO User --- [           main] c.e.P.EmployeeRepositoryTest             : Liste des employees
2025-02-12 09:19:48.902  INFO User --- [           main] c.e.P.EmployeeRepositoryTest             : Modification de l'utilisateur
2025-02-12 09:19:48.952  INFO User --- [           main] c.e.P.EmployeeRepositoryTest             : Recherche par date
2025-02-12 09:19:48.968  INFO User --- [           main] c.e.P.EmployeeRepositoryTest             : Employee est supprimé
2025-02-12 09:22:31.162  INFO User --- [           main] c.e.P.PointageApplicationTests           : Starting PointageApplicationTests using Java 19.0.2 with PID 1620 (started by Admin in C:\Users\Admin\Desktop\Postes de travail\Pointage_App\Pointage)
2025-02-12 09:22:31.162 DEBUG User --- [           main] c.e.P.PointageApplicationTests           : Running with Spring Boot v3.4.2, Spring v6.2.2
2025-02-12 09:22:31.162  INFO User --- [           main] c.e.P.PointageApplicationTests           : No active profile set, falling back to 1 default profile: "default"
2025-02-12 09:22:35.678  INFO User --- [           main] c.e.P.PointageApplicationTests           : Started PointageApplicationTests in 4.832 seconds (process running for 8.642)
2025-02-12 09:22:35.771  INFO User --- [           main] c.e.P.EmployeeRepositoryTest             : Starting EmployeeRepositoryTest using Java 19.0.2 with PID 1620 (started by Admin in C:\Users\Admin\Desktop\Postes de travail\Pointage_App\Pointage)
2025-02-12 09:22:35.771 DEBUG User --- [           main] c.e.P.EmployeeRepositoryTest             : Running with Spring Boot v3.4.2, Spring v6.2.2
2025-02-12 09:22:35.771  INFO User --- [           main] c.e.P.EmployeeRepositoryTest             : No active profile set, falling back to 1 default profile: "default"
2025-02-12 09:22:36.344  INFO User --- [           main] c.e.P.EmployeeRepositoryTest             : Started EmployeeRepositoryTest in 0.612 seconds (process running for 9.315)
2025-02-12 09:22:36.496  INFO User --- [           main] c.e.P.EmployeeRepositoryTest             : Ajouter un employee
2025-02-12 09:22:36.566  INFO User --- [           main] c.e.P.EmployeeRepositoryTest             : Un seumle employee
2025-02-12 09:22:36.664  INFO User --- [           main] c.e.P.EmployeeRepositoryTest             : Liste des employees
2025-02-12 09:22:36.687  INFO User --- [           main] c.e.P.EmployeeRepositoryTest             : Modification de l'utilisateur
2025-02-12 09:22:36.711  INFO User --- [           main] c.e.P.EmployeeRepositoryTest             : Recherche par date
2025-02-12 09:22:36.744  INFO User --- [           main] c.e.P.EmployeeRepositoryTest             : Employee est supprimé
2025-02-12 09:22:47.963  INFO User --- [           main] c.e.P.PointageApplicationTests           : Starting PointageApplicationTests using Java 19.0.2 with PID 22260 (started by Admin in C:\Users\Admin\Desktop\Postes de travail\Pointage_App\Pointage)
2025-02-12 09:22:47.975 DEBUG User --- [           main] c.e.P.PointageApplicationTests           : Running with Spring Boot v3.4.2, Spring v6.2.2
2025-02-12 09:22:47.990  INFO User --- [           main] c.e.P.PointageApplicationTests           : No active profile set, falling back to 1 default profile: "default"
2025-02-12 09:22:53.403  INFO User --- [           main] c.e.P.PointageApplicationTests           : Started PointageApplicationTests in 5.824 seconds (process running for 10.273)
2025-02-12 09:22:53.537  INFO User --- [           main] c.e.P.EmployeeRepositoryTest             : Starting EmployeeRepositoryTest using Java 19.0.2 with PID 22260 (started by Admin in C:\Users\Admin\Desktop\Postes de travail\Pointage_App\Pointage)
2025-02-12 09:22:53.537 DEBUG User --- [           main] c.e.P.EmployeeRepositoryTest             : Running with Spring Boot v3.4.2, Spring v6.2.2
2025-02-12 09:22:53.537  INFO User --- [           main] c.e.P.EmployeeRepositoryTest             : No active profile set, falling back to 1 default profile: "default"
2025-02-12 09:22:54.219  INFO User --- [           main] c.e.P.EmployeeRepositoryTest             : Started EmployeeRepositoryTest in 0.716 seconds (process running for 11.086)
2025-02-12 09:22:54.485  INFO User --- [           main] c.e.P.EmployeeRepositoryTest             : Ajouter un employee
2025-02-12 09:22:54.569  INFO User --- [           main] c.e.P.EmployeeRepositoryTest             : Un seumle employee
2025-02-12 09:22:54.635  INFO User --- [           main] c.e.P.EmployeeRepositoryTest             : Liste des employees
2025-02-12 09:22:54.656  INFO User --- [           main] c.e.P.EmployeeRepositoryTest             : Modification de l'utilisateur
2025-02-12 09:22:54.685  INFO User --- [           main] c.e.P.EmployeeRepositoryTest             : Recherche par date
2025-02-12 09:22:54.702  INFO User --- [           main] c.e.P.EmployeeRepositoryTest             : Employee est supprimé
