2025-02-27 11:35:45.308  INFO User --- [           main] c.e.P.PointageApplication                : Starting PointageApplication using Java 19.0.2 with PID 8920 (C:\Users\Admin\Desktop\Postes de travail\Pointage_App\Pointage\target\classes started by Admin in C:\Users\Admin\Desktop\Postes de travail\Pointage_App\pointage)
2025-02-27 11:35:45.318 DEBUG User --- [           main] c.e.P.PointageApplication                : Running with Spring Boot v3.4.2, Spring v6.2.2
2025-02-27 11:35:45.318  INFO User --- [           main] c.e.P.PointageApplication                : No active profile set, falling back to 1 default profile: "default"
2025-02-27 11:35:46.951 DEBUG User --- [           main] c.e.P.C.JwtAuthFilter                    : Filter 'jwtAuthFilter' configured for use
2025-02-27 11:35:50.746  INFO User --- [           main] c.e.P.PointageApplication                : Started PointageApplication in 5.931 seconds (process running for 6.486)
2025-02-27 12:16:23.491  INFO User --- [nio-8080-exec-4] c.e.P.M.Controller                       : Logout
2025-02-27 12:22:49.379  INFO User --- [nio-8080-exec-2] c.e.P.M.Controller                       : Logout
2025-02-27 12:23:13.103  INFO User --- [nio-8080-exec-7] c.e.P.M.Controller                       : Logout
2025-02-27 12:23:16.089  INFO User --- [nio-8080-exec-9] c.e.P.M.Controller                       : Logout
2025-02-27 12:23:28.941  INFO User --- [nio-8080-exec-8] c.e.P.M.Controller                       : Logout
2025-02-27 12:23:29.750  INFO User --- [io-8080-exec-10] c.e.P.M.Controller                       : Logout
2025-02-27 12:24:08.194  INFO User --- [nio-8080-exec-7] c.e.P.M.Controller                       : Logout
2025-02-27 12:25:42.142  INFO User --- [nio-8080-exec-3] c.e.P.M.Controller                       : Logout
2025-02-27 12:26:20.837  INFO User --- [io-8080-exec-10] c.e.P.M.Controller                       : Logout
2025-02-27 12:26:53.224  INFO User --- [nio-8080-exec-4] c.e.P.M.Controller                       : Logout
2025-02-27 12:27:09.532  INFO User --- [nio-8080-exec-7] c.e.P.M.Controller                       : Logout
2025-02-27 12:27:31.108  INFO User --- [nio-8080-exec-1] c.e.P.M.Controller                       : Logout
2025-02-27 12:27:56.777  INFO User --- [nio-8080-exec-1] c.e.P.M.Controller                       : Logout
2025-02-27 13:04:36.984  INFO User --- [nio-8080-exec-2] c.e.P.M.Controller                       : Logout
2025-02-27 13:13:58.562  INFO User --- [nio-8080-exec-2] c.e.P.M.Controller                       : Logout
2025-02-27 13:14:42.257  INFO User --- [           main] c.e.P.PointageApplication                : Starting PointageApplication using Java 19.0.2 with PID 12080 (C:\Users\Admin\Desktop\Postes de travail\Pointage_App\Pointage\target\classes started by Admin in C:\Users\Admin\Desktop\Postes de travail\Pointage_App\pointage)
2025-02-27 13:14:42.265 DEBUG User --- [           main] c.e.P.PointageApplication                : Running with Spring Boot v3.4.2, Spring v6.2.2
2025-02-27 13:14:42.267  INFO User --- [           main] c.e.P.PointageApplication                : No active profile set, falling back to 1 default profile: "default"
2025-02-27 13:14:43.927 DEBUG User --- [           main] c.e.P.C.JwtAuthFilter                    : Filter 'jwtAuthFilter' configured for use
2025-02-27 13:14:47.536  INFO User --- [           main] c.e.P.PointageApplication                : Started PointageApplication in 5.724 seconds (process running for 6.299)
2025-02-27 14:23:27.964  INFO User --- [           main] c.e.P.PointageApplication                : Starting PointageApplication using Java 19.0.2 with PID 19396 (C:\Users\Admin\Desktop\Postes de travail\Pointage_App\Pointage\target\classes started by Admin in C:\Users\Admin\Desktop\Postes de travail\Pointage_App\pointage)
2025-02-27 14:23:27.966 DEBUG User --- [           main] c.e.P.PointageApplication                : Running with Spring Boot v3.4.2, Spring v6.2.2
2025-02-27 14:23:27.966  INFO User --- [           main] c.e.P.PointageApplication                : No active profile set, falling back to 1 default profile: "default"
2025-02-27 14:23:29.531 DEBUG User --- [           main] c.e.P.C.JwtAuthFilter                    : Filter 'jwtAuthFilter' configured for use
2025-02-27 14:23:58.716  INFO User --- [           main] c.e.P.PointageApplication                : Starting PointageApplication using Java 19.0.2 with PID 12656 (C:\Users\Admin\Desktop\Postes de travail\Pointage_App\Pointage\target\classes started by Admin in C:\Users\Admin\Desktop\Postes de travail\Pointage_App\pointage)
2025-02-27 14:23:58.722 DEBUG User --- [           main] c.e.P.PointageApplication                : Running with Spring Boot v3.4.2, Spring v6.2.2
2025-02-27 14:23:58.725  INFO User --- [           main] c.e.P.PointageApplication                : No active profile set, falling back to 1 default profile: "default"
2025-02-27 14:24:00.577 DEBUG User --- [           main] c.e.P.C.JwtAuthFilter                    : Filter 'jwtAuthFilter' configured for use
2025-02-27 14:27:24.709  INFO User --- [           main] c.e.P.PointageApplication                : Starting PointageApplication using Java 19.0.2 with PID 22216 (C:\Users\Admin\Desktop\Postes de travail\Pointage_App\Pointage\target\classes started by Admin in C:\Users\Admin\Desktop\Postes de travail\Pointage_App\pointage)
2025-02-27 14:27:24.719 DEBUG User --- [           main] c.e.P.PointageApplication                : Running with Spring Boot v3.4.2, Spring v6.2.2
2025-02-27 14:27:24.720  INFO User --- [           main] c.e.P.PointageApplication                : No active profile set, falling back to 1 default profile: "default"
2025-02-27 14:27:26.365 DEBUG User --- [           main] c.e.P.C.JwtAuthFilter                    : Filter 'jwtAuthFilter' configured for use
2025-02-27 14:28:53.407  INFO User --- [           main] c.e.P.PointageApplication                : Starting PointageApplication using Java 19.0.2 with PID 18332 (C:\Users\Admin\Desktop\Postes de travail\Pointage_App\Pointage\target\classes started by Admin in C:\Users\Admin\Desktop\Postes de travail\Pointage_App\pointage)
2025-02-27 14:28:53.419 DEBUG User --- [           main] c.e.P.PointageApplication                : Running with Spring Boot v3.4.2, Spring v6.2.2
2025-02-27 14:28:53.423  INFO User --- [           main] c.e.P.PointageApplication                : No active profile set, falling back to 1 default profile: "default"
2025-02-27 14:28:54.491  INFO User --- [           main] c.e.P.PointageApplication                : Starting PointageApplication using Java 19.0.2 with PID 22304 (C:\Users\Admin\Desktop\Postes de travail\Pointage_App\Pointage\target\classes started by Admin in C:\Users\Admin\Desktop\Postes de travail\Pointage_App\pointage)
2025-02-27 14:28:54.502 DEBUG User --- [           main] c.e.P.PointageApplication                : Running with Spring Boot v3.4.2, Spring v6.2.2
2025-02-27 14:28:54.507  INFO User --- [           main] c.e.P.PointageApplication                : No active profile set, falling back to 1 default profile: "default"
2025-02-27 14:28:56.364 DEBUG User --- [           main] c.e.P.C.JwtAuthFilter                    : Filter 'jwtAuthFilter' configured for use
2025-02-27 14:28:57.827 DEBUG User --- [           main] c.e.P.C.JwtAuthFilter                    : Filter 'jwtAuthFilter' configured for use
2025-02-27 14:32:42.349  INFO User --- [           main] c.e.P.PointageApplication                : Starting PointageApplication using Java 19.0.2 with PID 23560 (C:\Users\Admin\Desktop\Postes de travail\Pointage_App\Pointage\target\classes started by Admin in C:\Users\Admin\Desktop\Postes de travail\Pointage_App\pointage)
2025-02-27 14:32:42.357 DEBUG User --- [           main] c.e.P.PointageApplication                : Running with Spring Boot v3.4.2, Spring v6.2.2
2025-02-27 14:32:42.358  INFO User --- [           main] c.e.P.PointageApplication                : No active profile set, falling back to 1 default profile: "default"
2025-02-27 14:32:44.039 DEBUG User --- [           main] c.e.P.C.JwtAuthFilter                    : Filter 'jwtAuthFilter' configured for use
2025-02-27 14:32:48.233  INFO User --- [           main] c.e.P.PointageApplication                : Started PointageApplication in 6.339 seconds (process running for 6.822)
2025-02-27 14:34:25.838  INFO User --- [nio-8080-exec-7] c.e.P.M.Controller                       : Logout
2025-02-27 15:09:16.364  INFO User --- [           main] c.e.P.PointageApplication                : Starting PointageApplication using Java 19.0.2 with PID 1928 (C:\Users\Admin\Desktop\Postes de travail\Pointage_App\Pointage\target\classes started by Admin in C:\Users\Admin\Desktop\Postes de travail\Pointage_App\pointage)
2025-02-27 15:09:16.370 DEBUG User --- [           main] c.e.P.PointageApplication                : Running with Spring Boot v3.4.2, Spring v6.2.2
2025-02-27 15:09:16.371  INFO User --- [           main] c.e.P.PointageApplication                : No active profile set, falling back to 1 default profile: "default"
2025-02-27 15:09:18.011 DEBUG User --- [           main] c.e.P.C.JwtAuthFilter                    : Filter 'jwtAuthFilter' configured for use
2025-02-27 15:09:21.454  INFO User --- [           main] c.e.P.PointageApplication                : Started PointageApplication in 5.525 seconds (process running for 6.014)
