2025-02-10 16:14:19.848  INFO User --- [           main] c.e.P.ControllerTest                     : Starting ControllerTest using Java 19.0.2 with PID 17856 (started by Admin in C:\Users\Admin\Desktop\Postes de travail\Pointage_App\Pointage)
2025-02-10 16:14:19.862 DEBUG User --- [           main] c.e.P.ControllerTest                     : Running with Spring Boot v3.4.2, Spring v6.2.2
2025-02-10 16:14:19.864  INFO User --- [           main] c.e.P.ControllerTest                     : No active profile set, falling back to 1 default profile: "default"
2025-02-10 16:14:20.639  INFO User --- [           main] c.e.P.EmployeeRepositoryTest             : Starting EmployeeRepositoryTest using Java 19.0.2 with PID 17856 (started by Admin in C:\Users\Admin\Desktop\Postes de travail\Pointage_App\Pointage)
2025-02-10 16:14:20.639 DEBUG User --- [           main] c.e.P.EmployeeRepositoryTest             : Running with Spring Boot v3.4.2, Spring v6.2.2
2025-02-10 16:14:20.653  INFO User --- [           main] c.e.P.EmployeeRepositoryTest             : No active profile set, falling back to 1 default profile: "default"
2025-02-10 16:14:23.071  INFO User --- [           main] c.e.P.EmployeeRepositoryTest             : Started EmployeeRepositoryTest in 2.479 seconds (process running for 4.974)
2025-02-10 16:14:23.573  INFO User --- [           main] c.e.P.EmployeeRepositoryTest             : Ajouter un employee
2025-02-10 16:14:23.607  INFO User --- [           main] c.e.P.EmployeeRepositoryTest             : Un seumle employee
2025-02-10 16:14:23.671  INFO User --- [           main] c.e.P.EmployeeRepositoryTest             : Liste des employees
2025-02-10 16:14:23.672  INFO User --- [           main] c.e.P.EmployeeRepositoryTest             : Modification de l'utilisateur
2025-02-10 16:14:23.708  INFO User --- [           main] c.e.P.EmployeeRepositoryTest             : Recherche par date
2025-02-10 16:14:23.723  INFO User --- [           main] c.e.P.EmployeeRepositoryTest             : Employee est supprimé
2025-02-10 16:14:23.757  INFO User --- [           main] c.e.P.PointageApplicationTests           : Starting PointageApplicationTests using Java 19.0.2 with PID 17856 (started by Admin in C:\Users\Admin\Desktop\Postes de travail\Pointage_App\Pointage)
2025-02-10 16:14:23.757 DEBUG User --- [           main] c.e.P.PointageApplicationTests           : Running with Spring Boot v3.4.2, Spring v6.2.2
2025-02-10 16:14:23.757  INFO User --- [           main] c.e.P.PointageApplicationTests           : No active profile set, falling back to 1 default profile: "default"
2025-02-10 16:14:31.506  INFO User --- [           main] c.e.P.PointageApplicationTests           : Started PointageApplicationTests in 7.764 seconds (process running for 13.403)
2025-02-10 16:20:50.314  INFO User --- [           main] c.e.P.EmployeeRepositoryTest             : Starting EmployeeRepositoryTest using Java 19.0.2 with PID 25308 (started by Admin in C:\Users\Admin\Desktop\Postes de travail\Pointage_App\Pointage)
2025-02-10 16:20:50.324 DEBUG User --- [           main] c.e.P.EmployeeRepositoryTest             : Running with Spring Boot v3.4.2, Spring v6.2.2
2025-02-10 16:20:50.325  INFO User --- [           main] c.e.P.EmployeeRepositoryTest             : No active profile set, falling back to 1 default profile: "default"
2025-02-10 16:20:52.684  INFO User --- [           main] c.e.P.EmployeeRepositoryTest             : Started EmployeeRepositoryTest in 2.71 seconds (process running for 5.283)
2025-02-10 16:20:52.808  INFO User --- [           main] c.e.P.EmployeeRepositoryTest             : Ajouter un employee
2025-02-10 16:20:52.845  INFO User --- [           main] c.e.P.EmployeeRepositoryTest             : Un seumle employee
2025-02-10 16:20:52.902  INFO User --- [           main] c.e.P.EmployeeRepositoryTest             : Liste des employees
2025-02-10 16:20:52.912  INFO User --- [           main] c.e.P.EmployeeRepositoryTest             : Modification de l'utilisateur
2025-02-10 16:20:52.933  INFO User --- [           main] c.e.P.EmployeeRepositoryTest             : Recherche par date
2025-02-10 16:20:52.946  INFO User --- [           main] c.e.P.EmployeeRepositoryTest             : Employee est supprimé
2025-02-10 16:20:53.013  INFO User --- [           main] c.e.P.PointageApplicationTests           : Starting PointageApplicationTests using Java 19.0.2 with PID 25308 (started by Admin in C:\Users\Admin\Desktop\Postes de travail\Pointage_App\Pointage)
2025-02-10 16:20:53.014 DEBUG User --- [           main] c.e.P.PointageApplicationTests           : Running with Spring Boot v3.4.2, Spring v6.2.2
2025-02-10 16:20:53.014  INFO User --- [           main] c.e.P.PointageApplicationTests           : No active profile set, falling back to 1 default profile: "default"
2025-02-10 16:20:55.901  INFO User --- [           main] c.e.P.PointageApplicationTests           : Started PointageApplicationTests in 2.923 seconds (process running for 8.5)
2025-02-10 16:22:31.711  INFO User --- [           main] c.e.P.EmployeeRepositoryTest             : Starting EmployeeRepositoryTest using Java 19.0.2 with PID 22600 (started by Admin in C:\Users\Admin\Desktop\Postes de travail\Pointage_App\Pointage)
2025-02-10 16:22:31.720 DEBUG User --- [           main] c.e.P.EmployeeRepositoryTest             : Running with Spring Boot v3.4.2, Spring v6.2.2
2025-02-10 16:22:31.721  INFO User --- [           main] c.e.P.EmployeeRepositoryTest             : No active profile set, falling back to 1 default profile: "default"
2025-02-10 16:22:33.815  INFO User --- [           main] c.e.P.EmployeeRepositoryTest             : Started EmployeeRepositoryTest in 2.409 seconds (process running for 4.855)
2025-02-10 16:22:33.988  INFO User --- [           main] c.e.P.EmployeeRepositoryTest             : Ajouter un employee
2025-02-10 16:22:34.030  INFO User --- [           main] c.e.P.EmployeeRepositoryTest             : Un seumle employee
2025-02-10 16:22:34.071  INFO User --- [           main] c.e.P.EmployeeRepositoryTest             : Liste des employees
2025-02-10 16:22:34.078  INFO User --- [           main] c.e.P.EmployeeRepositoryTest             : Modification de l'utilisateur
2025-02-10 16:22:34.098  INFO User --- [           main] c.e.P.EmployeeRepositoryTest             : Recherche par date
2025-02-10 16:22:34.109  INFO User --- [           main] c.e.P.EmployeeRepositoryTest             : Employee est supprimé
2025-02-10 16:22:34.160  INFO User --- [           main] c.e.P.PointageApplicationTests           : Starting PointageApplicationTests using Java 19.0.2 with PID 22600 (started by Admin in C:\Users\Admin\Desktop\Postes de travail\Pointage_App\Pointage)
2025-02-10 16:22:34.161 DEBUG User --- [           main] c.e.P.PointageApplicationTests           : Running with Spring Boot v3.4.2, Spring v6.2.2
2025-02-10 16:22:34.161  INFO User --- [           main] c.e.P.PointageApplicationTests           : No active profile set, falling back to 1 default profile: "default"
2025-02-10 16:22:36.982  INFO User --- [           main] c.e.P.PointageApplicationTests           : Started PointageApplicationTests in 2.852 seconds (process running for 8.023)
2025-02-10 16:24:01.875  INFO User --- [           main] c.e.P.EmployeeRepositoryTest             : Starting EmployeeRepositoryTest using Java 19.0.2 with PID 22404 (started by Admin in C:\Users\Admin\Desktop\Postes de travail\Pointage_App\Pointage)
2025-02-10 16:24:01.883 DEBUG User --- [           main] c.e.P.EmployeeRepositoryTest             : Running with Spring Boot v3.4.2, Spring v6.2.2
2025-02-10 16:24:01.884  INFO User --- [           main] c.e.P.EmployeeRepositoryTest             : No active profile set, falling back to 1 default profile: "default"
2025-02-10 16:24:04.372  INFO User --- [           main] c.e.P.EmployeeRepositoryTest             : Started EmployeeRepositoryTest in 2.841 seconds (process running for 5.659)
2025-02-10 16:24:04.484  INFO User --- [           main] c.e.P.EmployeeRepositoryTest             : Ajouter un employee
2025-02-10 16:24:04.517  INFO User --- [           main] c.e.P.EmployeeRepositoryTest             : Un seumle employee
2025-02-10 16:24:04.564  INFO User --- [           main] c.e.P.EmployeeRepositoryTest             : Liste des employees
2025-02-10 16:24:04.571  INFO User --- [           main] c.e.P.EmployeeRepositoryTest             : Modification de l'utilisateur
2025-02-10 16:24:04.591  INFO User --- [           main] c.e.P.EmployeeRepositoryTest             : Recherche par date
2025-02-10 16:24:04.601  INFO User --- [           main] c.e.P.EmployeeRepositoryTest             : Employee est supprimé
2025-02-10 16:24:04.668  INFO User --- [           main] c.e.P.PointageApplicationTests           : Starting PointageApplicationTests using Java 19.0.2 with PID 22404 (started by Admin in C:\Users\Admin\Desktop\Postes de travail\Pointage_App\Pointage)
2025-02-10 16:24:04.670 DEBUG User --- [           main] c.e.P.PointageApplicationTests           : Running with Spring Boot v3.4.2, Spring v6.2.2
2025-02-10 16:24:04.670  INFO User --- [           main] c.e.P.PointageApplicationTests           : No active profile set, falling back to 1 default profile: "default"
2025-02-10 16:24:07.631  INFO User --- [           main] c.e.P.PointageApplicationTests           : Started PointageApplicationTests in 2.999 seconds (process running for 8.919)
2025-02-10 16:28:30.840  INFO User --- [           main] c.e.P.EmployeeRepositoryTest             : Starting EmployeeRepositoryTest using Java 19.0.2 with PID 26136 (started by Admin in C:\Users\Admin\Desktop\Postes de travail\Pointage_App\Pointage)
2025-02-10 16:28:30.850 DEBUG User --- [           main] c.e.P.EmployeeRepositoryTest             : Running with Spring Boot v3.4.2, Spring v6.2.2
2025-02-10 16:28:30.852  INFO User --- [           main] c.e.P.EmployeeRepositoryTest             : No active profile set, falling back to 1 default profile: "default"
2025-02-10 16:28:32.920  INFO User --- [           main] c.e.P.EmployeeRepositoryTest             : Started EmployeeRepositoryTest in 2.444 seconds (process running for 5.003)
2025-02-10 16:28:33.062  INFO User --- [           main] c.e.P.EmployeeRepositoryTest             : Ajouter un employee
2025-02-10 16:28:33.108  INFO User --- [           main] c.e.P.EmployeeRepositoryTest             : Un seumle employee
2025-02-10 16:28:33.149  INFO User --- [           main] c.e.P.EmployeeRepositoryTest             : Liste des employees
2025-02-10 16:28:33.157  INFO User --- [           main] c.e.P.EmployeeRepositoryTest             : Modification de l'utilisateur
2025-02-10 16:28:33.176  INFO User --- [           main] c.e.P.EmployeeRepositoryTest             : Recherche par date
2025-02-10 16:28:33.185  INFO User --- [           main] c.e.P.EmployeeRepositoryTest             : Employee est supprimé
2025-02-10 16:28:33.237  INFO User --- [           main] c.e.P.PointageApplicationTests           : Starting PointageApplicationTests using Java 19.0.2 with PID 26136 (started by Admin in C:\Users\Admin\Desktop\Postes de travail\Pointage_App\Pointage)
2025-02-10 16:28:33.237 DEBUG User --- [           main] c.e.P.PointageApplicationTests           : Running with Spring Boot v3.4.2, Spring v6.2.2
2025-02-10 16:28:33.238  INFO User --- [           main] c.e.P.PointageApplicationTests           : No active profile set, falling back to 1 default profile: "default"
2025-02-10 16:28:35.493  INFO User --- [           main] c.e.P.PointageApplicationTests           : Started PointageApplicationTests in 2.29 seconds (process running for 7.575)
2025-02-10 21:57:46.130  INFO User --- [           main] c.e.P.EmployeeRepositoryTest             : Starting EmployeeRepositoryTest using Java 19.0.2 with PID 6444 (started by Admin in C:\Users\Admin\Desktop\Postes de travail\Pointage_App\Pointage)
2025-02-10 21:57:46.146 DEBUG User --- [           main] c.e.P.EmployeeRepositoryTest             : Running with Spring Boot v3.4.2, Spring v6.2.2
2025-02-10 21:57:46.148  INFO User --- [           main] c.e.P.EmployeeRepositoryTest             : No active profile set, falling back to 1 default profile: "default"
2025-02-10 21:57:49.033  INFO User --- [           main] c.e.P.EmployeeRepositoryTest             : Started EmployeeRepositoryTest in 3.42 seconds (process running for 6.465)
2025-02-10 21:57:49.223  INFO User --- [           main] c.e.P.EmployeeRepositoryTest             : Ajouter un employee
2025-02-10 21:57:49.267  INFO User --- [           main] c.e.P.EmployeeRepositoryTest             : Un seumle employee
2025-02-10 21:57:49.306  INFO User --- [           main] c.e.P.EmployeeRepositoryTest             : Liste des employees
2025-02-10 21:57:49.333  INFO User --- [           main] c.e.P.EmployeeRepositoryTest             : Modification de l'utilisateur
2025-02-10 21:57:49.357  INFO User --- [           main] c.e.P.EmployeeRepositoryTest             : Recherche par date
2025-02-10 21:57:49.374  INFO User --- [           main] c.e.P.EmployeeRepositoryTest             : Employee est supprimé
2025-02-10 21:57:49.470  INFO User --- [           main] c.e.P.PointageApplicationTests           : Starting PointageApplicationTests using Java 19.0.2 with PID 6444 (started by Admin in C:\Users\Admin\Desktop\Postes de travail\Pointage_App\Pointage)
2025-02-10 21:57:49.475 DEBUG User --- [           main] c.e.P.PointageApplicationTests           : Running with Spring Boot v3.4.2, Spring v6.2.2
2025-02-10 21:57:49.475  INFO User --- [           main] c.e.P.PointageApplicationTests           : No active profile set, falling back to 1 default profile: "default"
2025-02-10 21:57:52.415  INFO User --- [           main] c.e.P.PointageApplicationTests           : Started PointageApplicationTests in 3.004 seconds (process running for 9.846)
2025-02-10 21:58:29.725  INFO User --- [           main] c.e.P.EmployeeRepositoryTest             : Starting EmployeeRepositoryTest using Java 19.0.2 with PID 15816 (started by Admin in C:\Users\Admin\Desktop\Postes de travail\Pointage_App\Pointage)
2025-02-10 21:58:29.739 DEBUG User --- [           main] c.e.P.EmployeeRepositoryTest             : Running with Spring Boot v3.4.2, Spring v6.2.2
2025-02-10 21:58:29.739  INFO User --- [           main] c.e.P.EmployeeRepositoryTest             : No active profile set, falling back to 1 default profile: "default"
2025-02-10 21:58:32.546  INFO User --- [           main] c.e.P.EmployeeRepositoryTest             : Started EmployeeRepositoryTest in 3.188 seconds (process running for 5.993)
2025-02-10 21:58:32.781  INFO User --- [           main] c.e.P.EmployeeRepositoryTest             : Ajouter un employee
2025-02-10 21:58:32.817  INFO User --- [           main] c.e.P.EmployeeRepositoryTest             : Un seumle employee
2025-02-10 21:58:32.871  INFO User --- [           main] c.e.P.EmployeeRepositoryTest             : Liste des employees
2025-02-10 21:58:32.881  INFO User --- [           main] c.e.P.EmployeeRepositoryTest             : Modification de l'utilisateur
2025-02-10 21:58:32.912  INFO User --- [           main] c.e.P.EmployeeRepositoryTest             : Recherche par date
2025-02-10 21:58:32.929  INFO User --- [           main] c.e.P.EmployeeRepositoryTest             : Employee est supprimé
2025-02-10 21:58:33.047  INFO User --- [           main] c.e.P.PointageApplicationTests           : Starting PointageApplicationTests using Java 19.0.2 with PID 15816 (started by Admin in C:\Users\Admin\Desktop\Postes de travail\Pointage_App\Pointage)
2025-02-10 21:58:33.048 DEBUG User --- [           main] c.e.P.PointageApplicationTests           : Running with Spring Boot v3.4.2, Spring v6.2.2
2025-02-10 21:58:33.048  INFO User --- [           main] c.e.P.PointageApplicationTests           : No active profile set, falling back to 1 default profile: "default"
2025-02-10 21:58:36.250  INFO User --- [           main] c.e.P.PointageApplicationTests           : Started PointageApplicationTests in 3.273 seconds (process running for 9.697)
2025-02-10 22:09:16.923  INFO User --- [           main] c.e.P.EmployeeRepositoryTest             : Starting EmployeeRepositoryTest using Java 19.0.2 with PID 2060 (started by Admin in C:\Users\Admin\Desktop\Postes de travail\Pointage_App\Pointage)
2025-02-10 22:09:16.938 DEBUG User --- [           main] c.e.P.EmployeeRepositoryTest             : Running with Spring Boot v3.4.2, Spring v6.2.2
2025-02-10 22:09:16.940  INFO User --- [           main] c.e.P.EmployeeRepositoryTest             : No active profile set, falling back to 1 default profile: "default"
2025-02-10 22:09:19.800  INFO User --- [           main] c.e.P.EmployeeRepositoryTest             : Started EmployeeRepositoryTest in 3.258 seconds (process running for 6.299)
2025-02-10 22:09:20.010  INFO User --- [           main] c.e.P.EmployeeRepositoryTest             : Ajouter un employee
2025-02-10 22:09:20.076  INFO User --- [           main] c.e.P.EmployeeRepositoryTest             : Un seumle employee
2025-02-10 22:09:20.119  INFO User --- [           main] c.e.P.EmployeeRepositoryTest             : Liste des employees
2025-02-10 22:09:20.127  INFO User --- [           main] c.e.P.EmployeeRepositoryTest             : Modification de l'utilisateur
2025-02-10 22:09:20.156  INFO User --- [           main] c.e.P.EmployeeRepositoryTest             : Recherche par date
2025-02-10 22:09:20.170  INFO User --- [           main] c.e.P.EmployeeRepositoryTest             : Employee est supprimé
2025-02-10 22:09:20.252  INFO User --- [           main] c.e.P.PointageApplicationTests           : Starting PointageApplicationTests using Java 19.0.2 with PID 2060 (started by Admin in C:\Users\Admin\Desktop\Postes de travail\Pointage_App\Pointage)
2025-02-10 22:09:20.253 DEBUG User --- [           main] c.e.P.PointageApplicationTests           : Running with Spring Boot v3.4.2, Spring v6.2.2
2025-02-10 22:09:20.254  INFO User --- [           main] c.e.P.PointageApplicationTests           : No active profile set, falling back to 1 default profile: "default"
2025-02-10 22:09:22.962  INFO User --- [           main] c.e.P.PointageApplicationTests           : Started PointageApplicationTests in 2.743 seconds (process running for 9.461)
2025-02-10 22:09:47.027  INFO User --- [           main] c.e.P.EmployeeRepositoryTest             : Starting EmployeeRepositoryTest using Java 19.0.2 with PID 11752 (started by Admin in C:\Users\Admin\Desktop\Postes de travail\Pointage_App\Pointage)
2025-02-10 22:09:47.041 DEBUG User --- [           main] c.e.P.EmployeeRepositoryTest             : Running with Spring Boot v3.4.2, Spring v6.2.2
2025-02-10 22:09:47.043  INFO User --- [           main] c.e.P.EmployeeRepositoryTest             : No active profile set, falling back to 1 default profile: "default"
2025-02-10 22:09:49.955  INFO User --- [           main] c.e.P.EmployeeRepositoryTest             : Started EmployeeRepositoryTest in 3.32 seconds (process running for 6.291)
2025-02-10 22:09:50.105  INFO User --- [           main] c.e.P.EmployeeRepositoryTest             : Ajouter un employee
2025-02-10 22:09:50.170  INFO User --- [           main] c.e.P.EmployeeRepositoryTest             : Un seumle employee
2025-02-10 22:09:50.229  INFO User --- [           main] c.e.P.EmployeeRepositoryTest             : Liste des employees
2025-02-10 22:09:50.240  INFO User --- [           main] c.e.P.EmployeeRepositoryTest             : Modification de l'utilisateur
2025-02-10 22:09:50.279  INFO User --- [           main] c.e.P.EmployeeRepositoryTest             : Recherche par date
2025-02-10 22:09:50.301  INFO User --- [           main] c.e.P.EmployeeRepositoryTest             : Employee est supprimé
2025-02-10 22:09:50.378  INFO User --- [           main] c.e.P.PointageApplicationTests           : Starting PointageApplicationTests using Java 19.0.2 with PID 11752 (started by Admin in C:\Users\Admin\Desktop\Postes de travail\Pointage_App\Pointage)
2025-02-10 22:09:50.379 DEBUG User --- [           main] c.e.P.PointageApplicationTests           : Running with Spring Boot v3.4.2, Spring v6.2.2
2025-02-10 22:09:50.379  INFO User --- [           main] c.e.P.PointageApplicationTests           : No active profile set, falling back to 1 default profile: "default"
2025-02-10 22:09:53.106  INFO User --- [           main] c.e.P.PointageApplicationTests           : Started PointageApplicationTests in 2.762 seconds (process running for 9.442)
2025-02-10 22:11:20.531  INFO User --- [           main] c.e.P.EmployeeRepositoryTest             : Starting EmployeeRepositoryTest using Java 19.0.2 with PID 25384 (started by Admin in C:\Users\Admin\Desktop\Postes de travail\Pointage_App\Pointage)
2025-02-10 22:11:20.538 DEBUG User --- [           main] c.e.P.EmployeeRepositoryTest             : Running with Spring Boot v3.4.2, Spring v6.2.2
2025-02-10 22:11:20.539  INFO User --- [           main] c.e.P.EmployeeRepositoryTest             : No active profile set, falling back to 1 default profile: "default"
2025-02-10 22:11:23.144  INFO User --- [           main] c.e.P.EmployeeRepositoryTest             : Started EmployeeRepositoryTest in 3.053 seconds (process running for 6.299)
2025-02-10 22:11:23.297  INFO User --- [           main] c.e.P.EmployeeRepositoryTest             : Ajouter un employee
2025-02-10 22:11:23.346  INFO User --- [           main] c.e.P.EmployeeRepositoryTest             : Un seumle employee
2025-02-10 22:11:23.392  INFO User --- [           main] c.e.P.EmployeeRepositoryTest             : Liste des employees
2025-02-10 22:11:23.402  INFO User --- [           main] c.e.P.EmployeeRepositoryTest             : Modification de l'utilisateur
2025-02-10 22:11:23.429  INFO User --- [           main] c.e.P.EmployeeRepositoryTest             : Recherche par date
2025-02-10 22:11:23.444  INFO User --- [           main] c.e.P.EmployeeRepositoryTest             : Employee est supprimé
2025-02-10 22:11:23.563  INFO User --- [           main] c.e.P.PointageApplicationTests           : Starting PointageApplicationTests using Java 19.0.2 with PID 25384 (started by Admin in C:\Users\Admin\Desktop\Postes de travail\Pointage_App\Pointage)
2025-02-10 22:11:23.564 DEBUG User --- [           main] c.e.P.PointageApplicationTests           : Running with Spring Boot v3.4.2, Spring v6.2.2
2025-02-10 22:11:23.564  INFO User --- [           main] c.e.P.PointageApplicationTests           : No active profile set, falling back to 1 default profile: "default"
2025-02-10 22:11:26.220  INFO User --- [           main] c.e.P.PointageApplicationTests           : Started PointageApplicationTests in 2.699 seconds (process running for 9.375)
2025-02-10 22:11:38.794  INFO User --- [           main] c.e.P.EmployeeRepositoryTest             : Starting EmployeeRepositoryTest using Java 19.0.2 with PID 6672 (started by Admin in C:\Users\Admin\Desktop\Postes de travail\Pointage_App\Pointage)
2025-02-10 22:11:38.812 DEBUG User --- [           main] c.e.P.EmployeeRepositoryTest             : Running with Spring Boot v3.4.2, Spring v6.2.2
2025-02-10 22:11:38.814  INFO User --- [           main] c.e.P.EmployeeRepositoryTest             : No active profile set, falling back to 1 default profile: "default"
2025-02-10 22:11:41.714  INFO User --- [           main] c.e.P.EmployeeRepositoryTest             : Started EmployeeRepositoryTest in 3.404 seconds (process running for 6.833)
2025-02-10 22:11:41.895  INFO User --- [           main] c.e.P.EmployeeRepositoryTest             : Ajouter un employee
2025-02-10 22:11:41.955  INFO User --- [           main] c.e.P.EmployeeRepositoryTest             : Un seumle employee
2025-02-10 22:11:42.001  INFO User --- [           main] c.e.P.EmployeeRepositoryTest             : Liste des employees
2025-02-10 22:11:42.010  INFO User --- [           main] c.e.P.EmployeeRepositoryTest             : Modification de l'utilisateur
2025-02-10 22:11:42.035  INFO User --- [           main] c.e.P.EmployeeRepositoryTest             : Recherche par date
2025-02-10 22:11:42.050  INFO User --- [           main] c.e.P.EmployeeRepositoryTest             : Employee est supprimé
2025-02-10 22:11:42.145  INFO User --- [           main] c.e.P.PointageApplicationTests           : Starting PointageApplicationTests using Java 19.0.2 with PID 6672 (started by Admin in C:\Users\Admin\Desktop\Postes de travail\Pointage_App\Pointage)
2025-02-10 22:11:42.146 DEBUG User --- [           main] c.e.P.PointageApplicationTests           : Running with Spring Boot v3.4.2, Spring v6.2.2
2025-02-10 22:11:42.147  INFO User --- [           main] c.e.P.PointageApplicationTests           : No active profile set, falling back to 1 default profile: "default"
2025-02-10 22:11:45.027  INFO User --- [           main] c.e.P.PointageApplicationTests           : Started PointageApplicationTests in 2.935 seconds (process running for 10.145)
2025-02-10 22:13:16.340  INFO User --- [           main] c.e.P.EmployeeRepositoryTest             : Starting EmployeeRepositoryTest using Java 19.0.2 with PID 11320 (started by Admin in C:\Users\Admin\Desktop\Postes de travail\Pointage_App\Pointage)
2025-02-10 22:13:16.355 DEBUG User --- [           main] c.e.P.EmployeeRepositoryTest             : Running with Spring Boot v3.4.2, Spring v6.2.2
2025-02-10 22:13:16.355  INFO User --- [           main] c.e.P.EmployeeRepositoryTest             : No active profile set, falling back to 1 default profile: "default"
2025-02-10 22:13:18.946  INFO User --- [           main] c.e.P.EmployeeRepositoryTest             : Started EmployeeRepositoryTest in 2.97 seconds (process running for 5.982)
2025-02-10 22:13:19.112  INFO User --- [           main] c.e.P.EmployeeRepositoryTest             : Ajouter un employee
2025-02-10 22:13:19.155  INFO User --- [           main] c.e.P.EmployeeRepositoryTest             : Un seumle employee
2025-02-10 22:13:19.204  INFO User --- [           main] c.e.P.EmployeeRepositoryTest             : Liste des employees
2025-02-10 22:13:19.215  INFO User --- [           main] c.e.P.EmployeeRepositoryTest             : Modification de l'utilisateur
2025-02-10 22:13:19.236  INFO User --- [           main] c.e.P.EmployeeRepositoryTest             : Recherche par date
2025-02-10 22:13:19.249  INFO User --- [           main] c.e.P.EmployeeRepositoryTest             : Employee est supprimé
2025-02-10 22:13:19.332  INFO User --- [           main] c.e.P.PointageApplicationTests           : Starting PointageApplicationTests using Java 19.0.2 with PID 11320 (started by Admin in C:\Users\Admin\Desktop\Postes de travail\Pointage_App\Pointage)
2025-02-10 22:13:19.333 DEBUG User --- [           main] c.e.P.PointageApplicationTests           : Running with Spring Boot v3.4.2, Spring v6.2.2
2025-02-10 22:13:19.333  INFO User --- [           main] c.e.P.PointageApplicationTests           : No active profile set, falling back to 1 default profile: "default"
2025-02-10 22:13:21.703  INFO User --- [           main] c.e.P.PointageApplicationTests           : Started PointageApplicationTests in 2.429 seconds (process running for 8.739)
2025-02-10 22:14:27.103  INFO User --- [           main] c.e.P.EmployeeRepositoryTest             : Starting EmployeeRepositoryTest using Java 19.0.2 with PID 23152 (started by Admin in C:\Users\Admin\Desktop\Postes de travail\Pointage_App\Pointage)
2025-02-10 22:14:27.117 DEBUG User --- [           main] c.e.P.EmployeeRepositoryTest             : Running with Spring Boot v3.4.2, Spring v6.2.2
2025-02-10 22:14:27.119  INFO User --- [           main] c.e.P.EmployeeRepositoryTest             : No active profile set, falling back to 1 default profile: "default"
2025-02-10 22:14:29.603  INFO User --- [           main] c.e.P.EmployeeRepositoryTest             : Started EmployeeRepositoryTest in 2.887 seconds (process running for 5.773)
2025-02-10 22:14:29.741  INFO User --- [           main] c.e.P.EmployeeRepositoryTest             : Ajouter un employee
2025-02-10 22:14:29.797  INFO User --- [           main] c.e.P.EmployeeRepositoryTest             : Un seumle employee
2025-02-10 22:14:29.859  INFO User --- [           main] c.e.P.EmployeeRepositoryTest             : Liste des employees
2025-02-10 22:14:29.873  INFO User --- [           main] c.e.P.EmployeeRepositoryTest             : Modification de l'utilisateur
2025-02-10 22:14:29.904  INFO User --- [           main] c.e.P.EmployeeRepositoryTest             : Recherche par date
2025-02-10 22:14:29.931  INFO User --- [           main] c.e.P.EmployeeRepositoryTest             : Employee est supprimé
2025-02-10 22:14:30.019  INFO User --- [           main] c.e.P.PointageApplicationTests           : Starting PointageApplicationTests using Java 19.0.2 with PID 23152 (started by Admin in C:\Users\Admin\Desktop\Postes de travail\Pointage_App\Pointage)
2025-02-10 22:14:30.020 DEBUG User --- [           main] c.e.P.PointageApplicationTests           : Running with Spring Boot v3.4.2, Spring v6.2.2
2025-02-10 22:14:30.020  INFO User --- [           main] c.e.P.PointageApplicationTests           : No active profile set, falling back to 1 default profile: "default"
2025-02-10 22:14:32.609  INFO User --- [           main] c.e.P.PointageApplicationTests           : Started PointageApplicationTests in 2.643 seconds (process running for 8.784)
2025-02-10 22:16:44.052  INFO User --- [           main] c.e.P.EmployeeRepositoryTest             : Starting EmployeeRepositoryTest using Java 19.0.2 with PID 25968 (started by Admin in C:\Users\Admin\Desktop\Postes de travail\Pointage_App\Pointage)
2025-02-10 22:16:44.066 DEBUG User --- [           main] c.e.P.EmployeeRepositoryTest             : Running with Spring Boot v3.4.2, Spring v6.2.2
2025-02-10 22:16:44.066  INFO User --- [           main] c.e.P.EmployeeRepositoryTest             : No active profile set, falling back to 1 default profile: "default"
2025-02-10 22:16:46.472  INFO User --- [           main] c.e.P.EmployeeRepositoryTest             : Started EmployeeRepositoryTest in 2.771 seconds (process running for 5.653)
2025-02-10 22:16:46.612  INFO User --- [           main] c.e.P.EmployeeRepositoryTest             : Ajouter un employee
2025-02-10 22:16:46.673  INFO User --- [           main] c.e.P.EmployeeRepositoryTest             : Un seumle employee
2025-02-10 22:16:46.718  INFO User --- [           main] c.e.P.EmployeeRepositoryTest             : Liste des employees
2025-02-10 22:16:46.726  INFO User --- [           main] c.e.P.EmployeeRepositoryTest             : Modification de l'utilisateur
2025-02-10 22:16:46.752  INFO User --- [           main] c.e.P.EmployeeRepositoryTest             : Recherche par date
2025-02-10 22:16:46.767  INFO User --- [           main] c.e.P.EmployeeRepositoryTest             : Employee est supprimé
2025-02-10 22:16:46.879  INFO User --- [           main] c.e.P.PointageApplicationTests           : Starting PointageApplicationTests using Java 19.0.2 with PID 25968 (started by Admin in C:\Users\Admin\Desktop\Postes de travail\Pointage_App\Pointage)
2025-02-10 22:16:46.880 DEBUG User --- [           main] c.e.P.PointageApplicationTests           : Running with Spring Boot v3.4.2, Spring v6.2.2
2025-02-10 22:16:46.880  INFO User --- [           main] c.e.P.PointageApplicationTests           : No active profile set, falling back to 1 default profile: "default"
2025-02-10 22:16:49.401  INFO User --- [           main] c.e.P.PointageApplicationTests           : Started PointageApplicationTests in 2.595 seconds (process running for 8.582)
2025-02-10 22:17:33.722  INFO User --- [           main] c.e.P.EmployeeRepositoryTest             : Starting EmployeeRepositoryTest using Java 19.0.2 with PID 1800 (started by Admin in C:\Users\Admin\Desktop\Postes de travail\Pointage_App\Pointage)
2025-02-10 22:17:33.728 DEBUG User --- [           main] c.e.P.EmployeeRepositoryTest             : Running with Spring Boot v3.4.2, Spring v6.2.2
2025-02-10 22:17:33.730  INFO User --- [           main] c.e.P.EmployeeRepositoryTest             : No active profile set, falling back to 1 default profile: "default"
2025-02-10 22:17:36.385  INFO User --- [           main] c.e.P.EmployeeRepositoryTest             : Started EmployeeRepositoryTest in 2.985 seconds (process running for 5.869)
2025-02-10 22:17:36.563  INFO User --- [           main] c.e.P.EmployeeRepositoryTest             : Ajouter un employee
2025-02-10 22:17:36.624  INFO User --- [           main] c.e.P.EmployeeRepositoryTest             : Un seumle employee
2025-02-10 22:17:36.686  INFO User --- [           main] c.e.P.EmployeeRepositoryTest             : Liste des employees
2025-02-10 22:17:36.697  INFO User --- [           main] c.e.P.EmployeeRepositoryTest             : Modification de l'utilisateur
2025-02-10 22:17:36.719  INFO User --- [           main] c.e.P.EmployeeRepositoryTest             : Recherche par date
2025-02-10 22:17:36.735  INFO User --- [           main] c.e.P.EmployeeRepositoryTest             : Employee est supprimé
2025-02-10 22:17:36.845  INFO User --- [           main] c.e.P.PointageApplicationTests           : Starting PointageApplicationTests using Java 19.0.2 with PID 1800 (started by Admin in C:\Users\Admin\Desktop\Postes de travail\Pointage_App\Pointage)
2025-02-10 22:17:36.848 DEBUG User --- [           main] c.e.P.PointageApplicationTests           : Running with Spring Boot v3.4.2, Spring v6.2.2
2025-02-10 22:17:36.848  INFO User --- [           main] c.e.P.PointageApplicationTests           : No active profile set, falling back to 1 default profile: "default"
2025-02-10 22:17:39.316  INFO User --- [           main] c.e.P.PointageApplicationTests           : Started PointageApplicationTests in 2.552 seconds (process running for 8.799)
2025-02-10 22:21:28.873  INFO User --- [           main] c.e.P.EmployeeRepositoryTest             : Starting EmployeeRepositoryTest using Java 19.0.2 with PID 22720 (started by Admin in C:\Users\Admin\Desktop\Postes de travail\Pointage_App\Pointage)
2025-02-10 22:21:28.882 DEBUG User --- [           main] c.e.P.EmployeeRepositoryTest             : Running with Spring Boot v3.4.2, Spring v6.2.2
2025-02-10 22:21:28.885  INFO User --- [           main] c.e.P.EmployeeRepositoryTest             : No active profile set, falling back to 1 default profile: "default"
2025-02-10 22:21:31.350  INFO User --- [           main] c.e.P.EmployeeRepositoryTest             : Started EmployeeRepositoryTest in 2.896 seconds (process running for 5.8)
2025-02-10 22:21:31.503  INFO User --- [           main] c.e.P.EmployeeRepositoryTest             : Ajouter un employee
2025-02-10 22:21:31.540  INFO User --- [           main] c.e.P.EmployeeRepositoryTest             : Un seumle employee
2025-02-10 22:21:31.586  INFO User --- [           main] c.e.P.EmployeeRepositoryTest             : Liste des employees
2025-02-10 22:21:31.598  INFO User --- [           main] c.e.P.EmployeeRepositoryTest             : Modification de l'utilisateur
2025-02-10 22:21:31.619  INFO User --- [           main] c.e.P.EmployeeRepositoryTest             : Recherche par date
2025-02-10 22:21:31.636  INFO User --- [           main] c.e.P.EmployeeRepositoryTest             : Employee est supprimé
2025-02-10 22:21:31.719  INFO User --- [           main] c.e.P.PointageApplicationTests           : Starting PointageApplicationTests using Java 19.0.2 with PID 22720 (started by Admin in C:\Users\Admin\Desktop\Postes de travail\Pointage_App\Pointage)
2025-02-10 22:21:31.720 DEBUG User --- [           main] c.e.P.PointageApplicationTests           : Running with Spring Boot v3.4.2, Spring v6.2.2
2025-02-10 22:21:31.720  INFO User --- [           main] c.e.P.PointageApplicationTests           : No active profile set, falling back to 1 default profile: "default"
2025-02-10 22:21:34.257  INFO User --- [           main] c.e.P.PointageApplicationTests           : Started PointageApplicationTests in 2.586 seconds (process running for 8.697)
2025-02-10 22:26:39.049  INFO User --- [           main] c.e.P.EmployeeRepositoryTest             : Starting EmployeeRepositoryTest using Java 19.0.2 with PID 18420 (started by Admin in C:\Users\Admin\Desktop\Postes de travail\Pointage_App\Pointage)
2025-02-10 22:26:39.064 DEBUG User --- [           main] c.e.P.EmployeeRepositoryTest             : Running with Spring Boot v3.4.2, Spring v6.2.2
2025-02-10 22:26:39.066  INFO User --- [           main] c.e.P.EmployeeRepositoryTest             : No active profile set, falling back to 1 default profile: "default"
2025-02-10 22:26:41.768  INFO User --- [           main] c.e.P.EmployeeRepositoryTest             : Started EmployeeRepositoryTest in 3.077 seconds (process running for 5.977)
2025-02-10 22:26:41.929  INFO User --- [           main] c.e.P.EmployeeRepositoryTest             : Ajouter un employee
2025-02-10 22:26:41.982  INFO User --- [           main] c.e.P.EmployeeRepositoryTest             : Un seumle employee
2025-02-10 22:26:42.022  INFO User --- [           main] c.e.P.EmployeeRepositoryTest             : Liste des employees
2025-02-10 22:26:42.035  INFO User --- [           main] c.e.P.EmployeeRepositoryTest             : Modification de l'utilisateur
2025-02-10 22:26:42.059  INFO User --- [           main] c.e.P.EmployeeRepositoryTest             : Recherche par date
2025-02-10 22:26:42.073  INFO User --- [           main] c.e.P.EmployeeRepositoryTest             : Employee est supprimé
2025-02-10 22:26:42.172  INFO User --- [           main] c.e.P.PointageApplicationTests           : Starting PointageApplicationTests using Java 19.0.2 with PID 18420 (started by Admin in C:\Users\Admin\Desktop\Postes de travail\Pointage_App\Pointage)
2025-02-10 22:26:42.173 DEBUG User --- [           main] c.e.P.PointageApplicationTests           : Running with Spring Boot v3.4.2, Spring v6.2.2
2025-02-10 22:26:42.173  INFO User --- [           main] c.e.P.PointageApplicationTests           : No active profile set, falling back to 1 default profile: "default"
2025-02-10 22:26:44.683  INFO User --- [           main] c.e.P.PointageApplicationTests           : Started PointageApplicationTests in 2.55 seconds (process running for 8.902)
2025-02-10 22:38:55.024  INFO User --- [           main] c.e.P.EmployeeRepositoryTest             : Starting EmployeeRepositoryTest using Java 19.0.2 with PID 1736 (started by Admin in C:\Users\Admin\Desktop\Postes de travail\Pointage_App\Pointage)
2025-02-10 22:38:55.034 DEBUG User --- [           main] c.e.P.EmployeeRepositoryTest             : Running with Spring Boot v3.4.2, Spring v6.2.2
2025-02-10 22:38:55.036  INFO User --- [           main] c.e.P.EmployeeRepositoryTest             : No active profile set, falling back to 1 default profile: "default"
2025-02-10 22:38:57.910  INFO User --- [           main] c.e.P.EmployeeRepositoryTest             : Started EmployeeRepositoryTest in 3.288 seconds (process running for 6.31)
2025-02-10 22:38:58.036  INFO User --- [           main] c.e.P.EmployeeRepositoryTest             : Ajouter un employee
2025-02-10 22:38:58.094  INFO User --- [           main] c.e.P.EmployeeRepositoryTest             : Un seumle employee
2025-02-10 22:38:58.147  INFO User --- [           main] c.e.P.EmployeeRepositoryTest             : Liste des employees
2025-02-10 22:38:58.160  INFO User --- [           main] c.e.P.EmployeeRepositoryTest             : Modification de l'utilisateur
2025-02-10 22:38:58.188  INFO User --- [           main] c.e.P.EmployeeRepositoryTest             : Recherche par date
2025-02-10 22:38:58.207  INFO User --- [           main] c.e.P.EmployeeRepositoryTest             : Employee est supprimé
2025-02-10 22:38:58.308  INFO User --- [           main] c.e.P.PointageApplicationTests           : Starting PointageApplicationTests using Java 19.0.2 with PID 1736 (started by Admin in C:\Users\Admin\Desktop\Postes de travail\Pointage_App\Pointage)
2025-02-10 22:38:58.309 DEBUG User --- [           main] c.e.P.PointageApplicationTests           : Running with Spring Boot v3.4.2, Spring v6.2.2
2025-02-10 22:38:58.309  INFO User --- [           main] c.e.P.PointageApplicationTests           : No active profile set, falling back to 1 default profile: "default"
2025-02-10 22:39:01.044  INFO User --- [           main] c.e.P.PointageApplicationTests           : Started PointageApplicationTests in 2.815 seconds (process running for 9.456)
2025-02-10 22:43:31.116  INFO User --- [           main] c.e.P.EmployeeRepositoryTest             : Starting EmployeeRepositoryTest using Java 19.0.2 with PID 2316 (started by Admin in C:\Users\Admin\Desktop\Postes de travail\Pointage_App\Pointage)
2025-02-10 22:43:31.125 DEBUG User --- [           main] c.e.P.EmployeeRepositoryTest             : Running with Spring Boot v3.4.2, Spring v6.2.2
2025-02-10 22:43:31.127  INFO User --- [           main] c.e.P.EmployeeRepositoryTest             : No active profile set, falling back to 1 default profile: "default"
2025-02-10 22:43:33.702  INFO User --- [           main] c.e.P.EmployeeRepositoryTest             : Started EmployeeRepositoryTest in 2.967 seconds (process running for 5.963)
2025-02-10 22:43:33.816  INFO User --- [           main] c.e.P.EmployeeRepositoryTest             : Ajouter un employee
2025-02-10 22:43:33.855  INFO User --- [           main] c.e.P.EmployeeRepositoryTest             : Un seumle employee
2025-02-10 22:43:33.918  INFO User --- [           main] c.e.P.EmployeeRepositoryTest             : Liste des employees
2025-02-10 22:43:33.930  INFO User --- [           main] c.e.P.EmployeeRepositoryTest             : Modification de l'utilisateur
2025-02-10 22:43:33.958  INFO User --- [           main] c.e.P.EmployeeRepositoryTest             : Recherche par date
2025-02-10 22:43:33.977  INFO User --- [           main] c.e.P.EmployeeRepositoryTest             : Employee est supprimé
2025-02-10 22:43:34.059  INFO User --- [           main] c.e.P.PointageApplicationTests           : Starting PointageApplicationTests using Java 19.0.2 with PID 2316 (started by Admin in C:\Users\Admin\Desktop\Postes de travail\Pointage_App\Pointage)
2025-02-10 22:43:34.064 DEBUG User --- [           main] c.e.P.PointageApplicationTests           : Running with Spring Boot v3.4.2, Spring v6.2.2
2025-02-10 22:43:34.064  INFO User --- [           main] c.e.P.PointageApplicationTests           : No active profile set, falling back to 1 default profile: "default"
2025-02-10 22:43:36.776  INFO User --- [           main] c.e.P.PointageApplicationTests           : Started PointageApplicationTests in 2.746 seconds (process running for 9.038)
2025-02-10 22:58:34.016  INFO User --- [           main] c.e.P.EmployeeRepositoryTest             : Starting EmployeeRepositoryTest using Java 19.0.2 with PID 18768 (started by Admin in C:\Users\Admin\Desktop\Postes de travail\Pointage_App\Pointage)
2025-02-10 22:58:34.025 DEBUG User --- [           main] c.e.P.EmployeeRepositoryTest             : Running with Spring Boot v3.4.2, Spring v6.2.2
2025-02-10 22:58:34.027  INFO User --- [           main] c.e.P.EmployeeRepositoryTest             : No active profile set, falling back to 1 default profile: "default"
2025-02-10 22:58:36.455  INFO User --- [           main] c.e.P.EmployeeRepositoryTest             : Started EmployeeRepositoryTest in 2.794 seconds (process running for 5.731)
2025-02-10 22:58:36.587  INFO User --- [           main] c.e.P.EmployeeRepositoryTest             : Ajouter un employee
2025-02-10 22:58:36.633  INFO User --- [           main] c.e.P.EmployeeRepositoryTest             : Un seumle employee
2025-02-10 22:58:36.684  INFO User --- [           main] c.e.P.EmployeeRepositoryTest             : Liste des employees
2025-02-10 22:58:36.697  INFO User --- [           main] c.e.P.EmployeeRepositoryTest             : Modification de l'utilisateur
2025-02-10 22:58:36.734  INFO User --- [           main] c.e.P.EmployeeRepositoryTest             : Recherche par date
2025-02-10 22:58:36.761  INFO User --- [           main] c.e.P.EmployeeRepositoryTest             : Employee est supprimé
2025-02-10 22:58:36.862  INFO User --- [           main] c.e.P.PointageApplicationTests           : Starting PointageApplicationTests using Java 19.0.2 with PID 18768 (started by Admin in C:\Users\Admin\Desktop\Postes de travail\Pointage_App\Pointage)
2025-02-10 22:58:36.862 DEBUG User --- [           main] c.e.P.PointageApplicationTests           : Running with Spring Boot v3.4.2, Spring v6.2.2
2025-02-10 22:58:36.862  INFO User --- [           main] c.e.P.PointageApplicationTests           : No active profile set, falling back to 1 default profile: "default"
2025-02-10 22:58:39.319  INFO User --- [           main] c.e.P.PointageApplicationTests           : Started PointageApplicationTests in 2.516 seconds (process running for 8.595)
2025-02-10 22:59:31.642  INFO User --- [           main] c.e.P.EmployeeRepositoryTest             : Starting EmployeeRepositoryTest using Java 19.0.2 with PID 14476 (started by Admin in C:\Users\Admin\Desktop\Postes de travail\Pointage_App\Pointage)
2025-02-10 22:59:31.653 DEBUG User --- [           main] c.e.P.EmployeeRepositoryTest             : Running with Spring Boot v3.4.2, Spring v6.2.2
2025-02-10 22:59:31.655  INFO User --- [           main] c.e.P.EmployeeRepositoryTest             : No active profile set, falling back to 1 default profile: "default"
2025-02-10 22:59:34.054  INFO User --- [           main] c.e.P.EmployeeRepositoryTest             : Started EmployeeRepositoryTest in 2.829 seconds (process running for 5.762)
2025-02-10 22:59:34.206  INFO User --- [           main] c.e.P.EmployeeRepositoryTest             : Ajouter un employee
2025-02-10 22:59:34.262  INFO User --- [           main] c.e.P.EmployeeRepositoryTest             : Un seumle employee
2025-02-10 22:59:34.326  INFO User --- [           main] c.e.P.EmployeeRepositoryTest             : Liste des employees
2025-02-10 22:59:34.341  INFO User --- [           main] c.e.P.EmployeeRepositoryTest             : Modification de l'utilisateur
2025-02-10 22:59:34.377  INFO User --- [           main] c.e.P.EmployeeRepositoryTest             : Recherche par date
2025-02-10 22:59:34.389  INFO User --- [           main] c.e.P.EmployeeRepositoryTest             : Employee est supprimé
2025-02-10 22:59:34.467  INFO User --- [           main] c.e.P.PointageApplicationTests           : Starting PointageApplicationTests using Java 19.0.2 with PID 14476 (started by Admin in C:\Users\Admin\Desktop\Postes de travail\Pointage_App\Pointage)
2025-02-10 22:59:34.469 DEBUG User --- [           main] c.e.P.PointageApplicationTests           : Running with Spring Boot v3.4.2, Spring v6.2.2
2025-02-10 22:59:34.469  INFO User --- [           main] c.e.P.PointageApplicationTests           : No active profile set, falling back to 1 default profile: "default"
2025-02-10 22:59:36.887  INFO User --- [           main] c.e.P.PointageApplicationTests           : Started PointageApplicationTests in 2.467 seconds (process running for 8.596)
2025-02-10 23:00:46.066  INFO User --- [           main] c.e.P.EmployeeRepositoryTest             : Starting EmployeeRepositoryTest using Java 19.0.2 with PID 2040 (started by Admin in C:\Users\Admin\Desktop\Postes de travail\Pointage_App\Pointage)
2025-02-10 23:00:46.066 DEBUG User --- [           main] c.e.P.EmployeeRepositoryTest             : Running with Spring Boot v3.4.2, Spring v6.2.2
2025-02-10 23:00:46.066  INFO User --- [           main] c.e.P.EmployeeRepositoryTest             : No active profile set, falling back to 1 default profile: "default"
2025-02-10 23:00:48.874  INFO User --- [           main] c.e.P.EmployeeRepositoryTest             : Started EmployeeRepositoryTest in 3.249 seconds (process running for 6.379)
2025-02-10 23:00:49.095  INFO User --- [           main] c.e.P.EmployeeRepositoryTest             : Ajouter un employee
2025-02-10 23:00:49.147  INFO User --- [           main] c.e.P.EmployeeRepositoryTest             : Un seumle employee
2025-02-10 23:00:49.198  INFO User --- [           main] c.e.P.EmployeeRepositoryTest             : Liste des employees
2025-02-10 23:00:49.208  INFO User --- [           main] c.e.P.EmployeeRepositoryTest             : Modification de l'utilisateur
2025-02-10 23:00:49.241  INFO User --- [           main] c.e.P.EmployeeRepositoryTest             : Recherche par date
2025-02-10 23:00:49.253  INFO User --- [           main] c.e.P.EmployeeRepositoryTest             : Employee est supprimé
2025-02-10 23:00:49.322  INFO User --- [           main] c.e.P.PointageApplicationTests           : Starting PointageApplicationTests using Java 19.0.2 with PID 2040 (started by Admin in C:\Users\Admin\Desktop\Postes de travail\Pointage_App\Pointage)
2025-02-10 23:00:49.323 DEBUG User --- [           main] c.e.P.PointageApplicationTests           : Running with Spring Boot v3.4.2, Spring v6.2.2
2025-02-10 23:00:49.323  INFO User --- [           main] c.e.P.PointageApplicationTests           : No active profile set, falling back to 1 default profile: "default"
2025-02-10 23:00:51.677  INFO User --- [           main] c.e.P.PointageApplicationTests           : Started PointageApplicationTests in 2.396 seconds (process running for 9.183)
2025-02-10 23:10:15.977  INFO User --- [           main] c.e.P.EmployeeRepositoryTest             : Starting EmployeeRepositoryTest using Java 19.0.2 with PID 4272 (started by Admin in C:\Users\Admin\Desktop\Postes de travail\Pointage_App\Pointage)
2025-02-10 23:10:15.990 DEBUG User --- [           main] c.e.P.EmployeeRepositoryTest             : Running with Spring Boot v3.4.2, Spring v6.2.2
2025-02-10 23:10:15.993  INFO User --- [           main] c.e.P.EmployeeRepositoryTest             : No active profile set, falling back to 1 default profile: "default"
2025-02-10 23:10:18.759  INFO User --- [           main] c.e.P.EmployeeRepositoryTest             : Started EmployeeRepositoryTest in 3.29 seconds (process running for 6.571)
2025-02-10 23:10:19.061  INFO User --- [           main] c.e.P.EmployeeRepositoryTest             : Ajouter un employee
2025-02-10 23:10:19.142  INFO User --- [           main] c.e.P.EmployeeRepositoryTest             : Un seumle employee
2025-02-10 23:10:19.203  INFO User --- [           main] c.e.P.EmployeeRepositoryTest             : Liste des employees
2025-02-10 23:10:19.203  INFO User --- [           main] c.e.P.EmployeeRepositoryTest             : Modification de l'utilisateur
2025-02-10 23:10:19.250  INFO User --- [           main] c.e.P.EmployeeRepositoryTest             : Recherche par date
2025-02-10 23:10:19.266  INFO User --- [           main] c.e.P.EmployeeRepositoryTest             : Employee est supprimé
2025-02-10 23:10:19.328  INFO User --- [           main] c.e.P.PointageApplicationTests           : Starting PointageApplicationTests using Java 19.0.2 with PID 4272 (started by Admin in C:\Users\Admin\Desktop\Postes de travail\Pointage_App\Pointage)
2025-02-10 23:10:19.328 DEBUG User --- [           main] c.e.P.PointageApplicationTests           : Running with Spring Boot v3.4.2, Spring v6.2.2
2025-02-10 23:10:19.328  INFO User --- [           main] c.e.P.PointageApplicationTests           : No active profile set, falling back to 1 default profile: "default"
2025-02-10 23:10:27.164  INFO User --- [           main] c.e.P.PointageApplicationTests           : Started PointageApplicationTests in 7.883 seconds (process running for 14.981)
